#
# There is insufficient memory for the Java Runtime Environment to continue.
# Native memory allocation (malloc) failed to allocate 32744 bytes for ChunkPool::allocate
# Possible reasons:
#   The system is out of physical RAM or swap space
#   The process is running with CompressedOops enabled, and the Java Heap may be blocking the growth of the native heap
# Possible solutions:
#   Reduce memory load on the system
#   Increase physical memory or swap space
#   Check if swap backing store is full
#   Decrease Java heap size (-Xmx/-Xms)
#   Decrease number of Java threads
#   Decrease Java thread stack sizes (-Xss)
#   Set larger code cache with -XX:ReservedCodeCacheSize=
#   JVM is running with Unscaled Compressed Oops mode in which the Java heap is
#     placed in the first 4GB address space. The Java Heap base address is the
#     maximum limit for the native heap growth. Please use -XX:HeapBaseMinAddress
#     to set the Java Heap base and to place the Java Heap above 4GB virtual address.
# This output file may be truncated or incomplete.
#
#  Out of Memory Error (allocation.cpp:272), pid=2040, tid=0x0000000000001510
#
# JRE version: OpenJDK Runtime Environment (8.0_202-b03) (build 1.8.0_202-release-1483-b03)
# Java VM: OpenJDK 64-Bit Server VM (25.202-b03 mixed mode windows-amd64 compressed oops)
# Failed to write core dump. Minidumps are not enabled by default on client versions of Windows
#

---------------  T H R E A D  ---------------

Current thread (0x000000001664e000):  JavaThread "C2 CompilerThread1" daemon [_thread_in_native, id=5392, stack(0x0000000018090000,0x0000000018190000)]

Stack: [0x0000000018090000,0x0000000018190000]
[error occurred during error reporting (printing stack bounds), id 0xc0000005]

Native frames: (J=compiled Java code, j=interpreted, Vv=VM code, C=native code)


Current CompileTask:
C2:   6028 1434   !   4       java.net.URLClassLoader$1::run (63 bytes)


---------------  P R O C E S S  ---------------

Java Threads: ( => current thread )
  0x0000000019531800 JavaThread "Cache worker for journal cache (C:\Users\Administrator\.gradle\caches\journal-1)" [_thread_blocked, id=20152, stack(0x000000001bf30000,0x000000001c030000)]
  0x0000000019537800 JavaThread "File lock request listener" [_thread_in_native, id=9100, stack(0x000000001bd30000,0x000000001be30000)]
  0x0000000019532000 JavaThread "Cache worker for file hash cache (C:\Users\Administrator\.gradle\caches\5.4.1\fileHashes)" [_thread_blocked, id=17540, stack(0x000000001ba30000,0x000000001bb30000)]
  0x0000000019481000 JavaThread "Thread-9" [_thread_blocked, id=7692, stack(0x000000001b930000,0x000000001ba30000)]
  0x0000000019480000 JavaThread "Stdin handler" [_thread_blocked, id=10840, stack(0x000000001b830000,0x000000001b930000)]
  0x000000001947f000 JavaThread "Asynchronous log dispatcher for DefaultDaemonConnection: socket connection from /127.0.0.1:49579 to /127.0.0.1:49580" [_thread_blocked, id=11940, stack(0x000000001b730000,0x000000001b830000)]
  0x0000000019064800 JavaThread "Daemon worker" [_thread_in_vm, id=18464, stack(0x000000001b630000,0x000000001b730000)]
  0x000000001939e800 JavaThread "Cancel handler" [_thread_blocked, id=17924, stack(0x000000001b530000,0x000000001b630000)]
  0x0000000019ad4800 JavaThread "Handler for socket connection from /127.0.0.1:49579 to /127.0.0.1:49580" [_thread_in_native, id=120, stack(0x000000001b230000,0x000000001b330000)]
  0x0000000017c21000 JavaThread "Daemon" [_thread_blocked, id=19008, stack(0x000000001b130000,0x000000001b230000)]
  0x0000000019249000 JavaThread "Daemon periodic checks" [_thread_blocked, id=8324, stack(0x000000001b030000,0x000000001b130000)]
  0x0000000019ee3800 JavaThread "Incoming local TCP Connector on port 49579" [_thread_in_native, id=18072, stack(0x000000001af30000,0x000000001b030000)]
  0x00000000198ea800 JavaThread "Daemon health stats" [_thread_blocked, id=116, stack(0x000000001ac30000,0x000000001ad30000)]
  0x0000000017a0b800 JavaThread "Service Thread" daemon [_thread_blocked, id=20964, stack(0x0000000018290000,0x0000000018390000)]
  0x0000000016655000 JavaThread "C1 CompilerThread2" daemon [_thread_in_native, id=17012, stack(0x0000000018190000,0x0000000018290000)]
=>0x000000001664e000 JavaThread "C2 CompilerThread1" daemon [_thread_in_native, id=5392, stack(0x0000000018090000,0x0000000018190000)]
  0x000000001669d000 JavaThread "C2 CompilerThread0" daemon [_thread_in_native, id=3056, stack(0x0000000017f90000,0x0000000018090000)]
  0x000000001669b800 JavaThread "Attach Listener" daemon [_thread_blocked, id=15384, stack(0x0000000017e90000,0x0000000017f90000)]
  0x00000000179a0800 JavaThread "Signal Dispatcher" daemon [_thread_blocked, id=15840, stack(0x0000000017d90000,0x0000000017e90000)]
  0x0000000002ccd000 JavaThread "Finalizer" daemon [_thread_blocked, id=17100, stack(0x0000000017890000,0x0000000017990000)]
  0x0000000002cc3800 JavaThread "Reference Handler" daemon [_thread_blocked, id=15616, stack(0x0000000017790000,0x0000000017890000)]
  0x00000000026be000 JavaThread "main" [_thread_blocked, id=11260, stack(0x0000000002ad0000,0x0000000002bd0000)]

Other Threads:
  0x0000000016607000 VMThread [stack: 0x0000000017690000,0x0000000017790000] [id=11100]
  0x0000000017a1c000 WatcherThread [stack: 0x0000000018390000,0x0000000018490000] [id=3824]

VM state:not at safepoint (normal execution)

VM Mutex/Monitor currently owned by a thread: None

heap address: 0x00000000a0000000, size: 1536 MB, Compressed Oops mode: 32-bit
Narrow klass base: 0x0000000000000000, Narrow klass shift: 3
Compressed class space size: 1073741824 Address: 0x0000000100000000

Heap:
 PSYoungGen      total 21504K, used 13390K [0x00000000e0000000, 0x00000000e2a00000, 0x0000000100000000)
  eden space 16384K, 56% used [0x00000000e0000000,0x00000000e08fa9f8,0x00000000e1000000)
  from space 5120K, 81% used [0x00000000e1500000,0x00000000e1918eb8,0x00000000e1a00000)
  to   space 5120K, 0% used [0x00000000e1000000,0x00000000e1000000,0x00000000e1500000)
 ParOldGen       total 44032K, used 5539K [0x00000000a0000000, 0x00000000a2b00000, 0x00000000e0000000)
  object space 44032K, 12% used [0x00000000a0000000,0x00000000a0568c30,0x00000000a2b00000)
 Metaspace       used 14264K, capacity 14670K, committed 14976K, reserved 1062912K
  class space    used 1976K, capacity 2099K, committed 2176K, reserved 1048576K

Card table byte_map: [0x0000000012090000,0x00000000123a0000] byte_map_base: 0x0000000011b90000

Marking Bits: (ParMarkBitMap*) 0x000000005dc39f30
 Begin Bits: [0x00000000129a0000, 0x00000000141a0000)
 End Bits:   [0x00000000141a0000, 0x00000000159a0000)

Polling page: 0x0000000000910000

CodeCache: size=245760Kb used=5202Kb max_used=5203Kb free=240557Kb
 bounds [0x0000000002cd0000, 0x00000000031f0000, 0x0000000011cd0000]
 total_blobs=1820 nmethods=1436 adapters=297
 compilation: enabled

Compilation events (10 events):
Event: 5.993 Thread 0x000000001669d000 nmethod 1431 0x00000000031d9c50 code [0x00000000031d9de0, 0x00000000031da688]
Event: 5.998 Thread 0x000000001669d000 1433       4       java.net.URLClassLoader$1::run (5 bytes)
Event: 6.009 Thread 0x000000001664e000 nmethod 1432 0x00000000031d92d0 code [0x00000000031d9460, 0x00000000031d98b8]
Event: 6.009 Thread 0x000000001664e000 1434   !   4       java.net.URLClassLoader$1::run (63 bytes)
Event: 6.012 Thread 0x0000000016655000 1435       3       org.gradle.internal.service.DefaultServiceRegistry$OwnServices::add (66 bytes)
Event: 6.014 Thread 0x0000000016655000 nmethod 1435 0x00000000031e6390 code [0x00000000031e6620, 0x00000000031e77f8]
Event: 6.014 Thread 0x0000000016655000 1436       3       org.gradle.internal.service.DefaultServiceRegistry::access$1000 (5 bytes)
Event: 6.014 Thread 0x0000000016655000 nmethod 1436 0x00000000031d6c10 code [0x00000000031d6d80, 0x00000000031d6ee8]
Event: 6.014 Thread 0x0000000016655000 1437       3       org.gradle.internal.service.DefaultServiceRegistry$OwnServices$ProviderAnalyser::addProviderForClassHierarchy (16 bytes)
Event: 6.014 Thread 0x0000000016655000 nmethod 1437 0x00000000031d6750 code [0x00000000031d68c0, 0x00000000031d6b18]

GC Heap History (10 events):
Event: 2.290 GC heap before
{Heap before GC invocations=2 (full 0):
 PSYoungGen      total 18944K, used 18913K [0x00000000e0000000, 0x00000000e1500000, 0x0000000100000000)
  eden space 16384K, 100% used [0x00000000e0000000,0x00000000e1000000,0x00000000e1000000)
  from space 2560K, 98% used [0x00000000e1000000,0x00000000e1278758,0x00000000e1280000)
  to   space 2560K, 0% used [0x00000000e1280000,0x00000000e1280000,0x00000000e1500000)
 ParOldGen       total 44032K, used 469K [0x00000000a0000000, 0x00000000a2b00000, 0x00000000e0000000)
  object space 44032K, 1% used [0x00000000a0000000,0x00000000a0075520,0x00000000a2b00000)
 Metaspace       used 7003K, capacity 7258K, committed 7424K, reserved 1056768K
  class space    used 852K, capacity 910K, committed 1024K, reserved 1048576K
Event: 2.296 GC heap after
Heap after GC invocations=2 (full 0):
 PSYoungGen      total 18944K, used 2552K [0x00000000e0000000, 0x00000000e1500000, 0x0000000100000000)
  eden space 16384K, 0% used [0x00000000e0000000,0x00000000e0000000,0x00000000e1000000)
  from space 2560K, 99% used [0x00000000e1280000,0x00000000e14fe030,0x00000000e1500000)
  to   space 2560K, 0% used [0x00000000e1000000,0x00000000e1000000,0x00000000e1280000)
 ParOldGen       total 44032K, used 1100K [0x00000000a0000000, 0x00000000a2b00000, 0x00000000e0000000)
  object space 44032K, 2% used [0x00000000a0000000,0x00000000a0113178,0x00000000a2b00000)
 Metaspace       used 7003K, capacity 7258K, committed 7424K, reserved 1056768K
  class space    used 852K, capacity 910K, committed 1024K, reserved 1048576K
}
Event: 2.977 GC heap before
{Heap before GC invocations=3 (full 0):
 PSYoungGen      total 18944K, used 18936K [0x00000000e0000000, 0x00000000e1500000, 0x0000000100000000)
  eden space 16384K, 100% used [0x00000000e0000000,0x00000000e1000000,0x00000000e1000000)
  from space 2560K, 99% used [0x00000000e1280000,0x00000000e14fe030,0x00000000e1500000)
  to   space 2560K, 0% used [0x00000000e1000000,0x00000000e1000000,0x00000000e1280000)
 ParOldGen       total 44032K, used 1100K [0x00000000a0000000, 0x00000000a2b00000, 0x00000000e0000000)
  object space 44032K, 2% used [0x00000000a0000000,0x00000000a0113178,0x00000000a2b00000)
 Metaspace       used 7201K, capacity 7538K, committed 7680K, reserved 1056768K
  class space    used 875K, capacity 982K, committed 1024K, reserved 1048576K
Event: 2.985 GC heap after
Heap after GC invocations=3 (full 0):
 PSYoungGen      total 18944K, used 2552K [0x00000000e0000000, 0x00000000e1500000, 0x0000000100000000)
  eden space 16384K, 0% used [0x00000000e0000000,0x00000000e0000000,0x00000000e1000000)
  from space 2560K, 99% used [0x00000000e1000000,0x00000000e127e030,0x00000000e1280000)
  to   space 2560K, 0% used [0x00000000e1280000,0x00000000e1280000,0x00000000e1500000)
 ParOldGen       total 44032K, used 1652K [0x00000000a0000000, 0x00000000a2b00000, 0x00000000e0000000)
  object space 44032K, 3% used [0x00000000a0000000,0x00000000a019d3a8,0x00000000a2b00000)
 Metaspace       used 7201K, capacity 7538K, committed 7680K, reserved 1056768K
  class space    used 875K, capacity 982K, committed 1024K, reserved 1048576K
}
Event: 3.243 GC heap before
{Heap before GC invocations=4 (full 0):
 PSYoungGen      total 18944K, used 18936K [0x00000000e0000000, 0x00000000e1500000, 0x0000000100000000)
  eden space 16384K, 100% used [0x00000000e0000000,0x00000000e1000000,0x00000000e1000000)
  from space 2560K, 99% used [0x00000000e1000000,0x00000000e127e030,0x00000000e1280000)
  to   space 2560K, 0% used [0x00000000e1280000,0x00000000e1280000,0x00000000e1500000)
 ParOldGen       total 44032K, used 1652K [0x00000000a0000000, 0x00000000a2b00000, 0x00000000e0000000)
  object space 44032K, 3% used [0x00000000a0000000,0x00000000a019d3a8,0x00000000a2b00000)
 Metaspace       used 8697K, capacity 9014K, committed 9216K, reserved 1056768K
  class space    used 1112K, capacity 1177K, committed 1280K, reserved 1048576K
Event: 3.249 GC heap after
Heap after GC invocations=4 (full 0):
 PSYoungGen      total 18944K, used 2539K [0x00000000e0000000, 0x00000000e2500000, 0x0000000100000000)
  eden space 16384K, 0% used [0x00000000e0000000,0x00000000e0000000,0x00000000e1000000)
  from space 2560K, 99% used [0x00000000e1280000,0x00000000e14fae18,0x00000000e1500000)
  to   space 2560K, 0% used [0x00000000e1000000,0x00000000e1000000,0x00000000e1280000)
 ParOldGen       total 44032K, used 3133K [0x00000000a0000000, 0x00000000a2b00000, 0x00000000e0000000)
  object space 44032K, 7% used [0x00000000a0000000,0x00000000a030f5b8,0x00000000a2b00000)
 Metaspace       used 8697K, capacity 9014K, committed 9216K, reserved 1056768K
  class space    used 1112K, capacity 1177K, committed 1280K, reserved 1048576K
}
Event: 5.570 GC heap before
{Heap before GC invocations=5 (full 0):
 PSYoungGen      total 18944K, used 18923K [0x00000000e0000000, 0x00000000e2500000, 0x0000000100000000)
  eden space 16384K, 100% used [0x00000000e0000000,0x00000000e1000000,0x00000000e1000000)
  from space 2560K, 99% used [0x00000000e1280000,0x00000000e14fae18,0x00000000e1500000)
  to   space 2560K, 0% used [0x00000000e1000000,0x00000000e1000000,0x00000000e1280000)
 ParOldGen       total 44032K, used 3133K [0x00000000a0000000, 0x00000000a2b00000, 0x00000000e0000000)
  object space 44032K, 7% used [0x00000000a0000000,0x00000000a030f5b8,0x00000000a2b00000)
 Metaspace       used 12233K, capacity 12646K, committed 12800K, reserved 1060864K
  class space    used 1631K, capacity 1743K, committed 1792K, reserved 1048576K
Event: 5.586 GC heap after
Heap after GC invocations=5 (full 0):
 PSYoungGen      total 18944K, used 2536K [0x00000000e0000000, 0x00000000e1a00000, 0x0000000100000000)
  eden space 16384K, 0% used [0x00000000e0000000,0x00000000e0000000,0x00000000e1000000)
  from space 2560K, 99% used [0x00000000e1000000,0x00000000e127a020,0x00000000e1280000)
  to   space 5120K, 0% used [0x00000000e1500000,0x00000000e1500000,0x00000000e1a00000)
 ParOldGen       total 44032K, used 5539K [0x00000000a0000000, 0x00000000a2b00000, 0x00000000e0000000)
  object space 44032K, 12% used [0x00000000a0000000,0x00000000a0568c30,0x00000000a2b00000)
 Metaspace       used 12233K, capacity 12646K, committed 12800K, reserved 1060864K
  class space    used 1631K, capacity 1743K, committed 1792K, reserved 1048576K
}
Event: 5.834 GC heap before
{Heap before GC invocations=6 (full 0):
 PSYoungGen      total 18944K, used 18920K [0x00000000e0000000, 0x00000000e1a00000, 0x0000000100000000)
  eden space 16384K, 100% used [0x00000000e0000000,0x00000000e1000000,0x00000000e1000000)
  from space 2560K, 99% used [0x00000000e1000000,0x00000000e127a020,0x00000000e1280000)
  to   space 5120K, 0% used [0x00000000e1500000,0x00000000e1500000,0x00000000e1a00000)
 ParOldGen       total 44032K, used 5539K [0x00000000a0000000, 0x00000000a2b00000, 0x00000000e0000000)
  object space 44032K, 12% used [0x00000000a0000000,0x00000000a0568c30,0x00000000a2b00000)
 Metaspace       used 13346K, capacity 13772K, committed 14080K, reserved 1060864K
  class space    used 1829K, capacity 1970K, committed 2048K, reserved 1048576K
Event: 5.842 GC heap after
Heap after GC invocations=6 (full 0):
 PSYoungGen      total 21504K, used 4195K [0x00000000e0000000, 0x00000000e2a00000, 0x0000000100000000)
  eden space 16384K, 0% used [0x00000000e0000000,0x00000000e0000000,0x00000000e1000000)
  from space 5120K, 81% used [0x00000000e1500000,0x00000000e1918eb8,0x00000000e1a00000)
  to   space 5120K, 0% used [0x00000000e1000000,0x00000000e1000000,0x00000000e1500000)
 ParOldGen       total 44032K, used 5539K [0x00000000a0000000, 0x00000000a2b00000, 0x00000000e0000000)
  object space 44032K, 12% used [0x00000000a0000000,0x00000000a0568c30,0x00000000a2b00000)
 Metaspace       used 13346K, capacity 13772K, committed 14080K, reserved 1060864K
  class space    used 1829K, capacity 1970K, committed 2048K, reserved 1048576K
}

Deoptimization events (10 events):
Event: 5.363 Thread 0x0000000019ad4800 Uncommon trap: reason=unstable_if action=reinterpret pc=0x00000000030a6770 method=java.util.concurrent.ConcurrentHashMap.putVal(Ljava/lang/Object;Ljava/lang/Object;Z)Ljava/lang/Object; @ 206
Event: 5.470 Thread 0x0000000019064800 Uncommon trap: reason=unstable_if action=reinterpret pc=0x0000000003115dac method=sun.nio.cs.ext.DoubleByte$Encoder.encodeArrayLoop(Ljava/nio/CharBuffer;Ljava/nio/ByteBuffer;)Ljava/nio/charset/CoderResult; @ 218
Event: 5.480 Thread 0x0000000019064800 Uncommon trap: reason=bimorphic action=maybe_recompile pc=0x0000000002f3bd74 method=java.util.HashMap.putVal(ILjava/lang/Object;Ljava/lang/Object;ZZ)Ljava/lang/Object; @ 253
Event: 5.480 Thread 0x0000000019064800 Uncommon trap: reason=bimorphic action=maybe_recompile pc=0x0000000002f3bd74 method=java.util.HashMap.putVal(ILjava/lang/Object;Ljava/lang/Object;ZZ)Ljava/lang/Object; @ 253
Event: 5.480 Thread 0x0000000019064800 Uncommon trap: reason=bimorphic action=maybe_recompile pc=0x0000000002f3bd74 method=java.util.HashMap.putVal(ILjava/lang/Object;Ljava/lang/Object;ZZ)Ljava/lang/Object; @ 253
Event: 5.480 Thread 0x0000000019064800 Uncommon trap: reason=bimorphic action=maybe_recompile pc=0x0000000002f3bd74 method=java.util.HashMap.putVal(ILjava/lang/Object;Ljava/lang/Object;ZZ)Ljava/lang/Object; @ 253
Event: 5.854 Thread 0x0000000019064800 Uncommon trap: reason=class_check action=maybe_recompile pc=0x0000000002fa1918 method=java.util.regex.Matcher.match(II)Z @ 86
Event: 5.871 Thread 0x0000000019064800 Uncommon trap: reason=class_check action=maybe_recompile pc=0x0000000002fa1918 method=java.util.regex.Matcher.match(II)Z @ 86
Event: 5.872 Thread 0x0000000019064800 Uncommon trap: reason=class_check action=maybe_recompile pc=0x0000000002fa1918 method=java.util.regex.Matcher.match(II)Z @ 86
Event: 5.872 Thread 0x0000000019064800 Uncommon trap: reason=class_check action=maybe_recompile pc=0x0000000002f64bdc method=java.util.regex.Matcher.match(II)Z @ 86

Classes redefined (0 events):
No events

Internal exceptions (10 events):
Event: 5.369 Thread 0x0000000019ad4800 Exception <a 'java/lang/NoSuchMethodError': <clinit>> (0x00000000e0b0e120) thrown at [D:\src\AOSP-openjdk-cygwin\jdk8u\hotspot\src\share\vm\prims\jni.cpp, line 1614]
Event: 5.373 Thread 0x0000000019ad4800 Exception <a 'java/lang/NoSuchMethodError': <clinit>> (0x00000000e0b21470) thrown at [D:\src\AOSP-openjdk-cygwin\jdk8u\hotspot\src\share\vm\prims\jni.cpp, line 1614]
Event: 5.377 Thread 0x0000000019ad4800 Exception <a 'java/lang/NoSuchMethodError': <clinit>> (0x00000000e0b48918) thrown at [D:\src\AOSP-openjdk-cygwin\jdk8u\hotspot\src\share\vm\prims\jni.cpp, line 1614]
Event: 5.380 Thread 0x0000000019ad4800 Exception <a 'java/lang/NoSuchMethodError': <clinit>> (0x00000000e0b60a10) thrown at [D:\src\AOSP-openjdk-cygwin\jdk8u\hotspot\src\share\vm\prims\jni.cpp, line 1614]
Event: 5.381 Thread 0x0000000019ad4800 Exception <a 'java/lang/NoSuchMethodError': <clinit>> (0x00000000e0b696a0) thrown at [D:\src\AOSP-openjdk-cygwin\jdk8u\hotspot\src\share\vm\prims\jni.cpp, line 1614]
Event: 5.385 Thread 0x0000000019ad4800 Exception <a 'java/lang/NoSuchMethodError': <clinit>> (0x00000000e0b7fdc0) thrown at [D:\src\AOSP-openjdk-cygwin\jdk8u\hotspot\src\share\vm\prims\jni.cpp, line 1614]
Event: 5.397 Thread 0x0000000019ad4800 Exception <a 'java/lang/NoSuchMethodError': <clinit>> (0x00000000e0bdffb8) thrown at [D:\src\AOSP-openjdk-cygwin\jdk8u\hotspot\src\share\vm\prims\jni.cpp, line 1614]
Event: 5.405 Thread 0x0000000019ad4800 Exception <a 'java/lang/NoSuchMethodError': <clinit>> (0x00000000e0c0cd98) thrown at [D:\src\AOSP-openjdk-cygwin\jdk8u\hotspot\src\share\vm\prims\jni.cpp, line 1614]
Event: 5.413 Thread 0x0000000019ad4800 Exception <a 'java/lang/NoSuchMethodError': <clinit>> (0x00000000e0c3b468) thrown at [D:\src\AOSP-openjdk-cygwin\jdk8u\hotspot\src\share\vm\prims\jni.cpp, line 1614]
Event: 5.414 Thread 0x0000000019ad4800 Exception <a 'java/lang/NoSuchMethodError': <clinit>> (0x00000000e0c46768) thrown at [D:\src\AOSP-openjdk-cygwin\jdk8u\hotspot\src\share\vm\prims\jni.cpp, line 1614]

Events (10 events):
Event: 6.022 loading class org/gradle/kotlin/dsl/provider/KotlinScriptClassPathProvider
Event: 6.022 loading class org/gradle/kotlin/dsl/provider/KotlinScriptClassPathProvider done
Event: 6.024 loading class org/gradle/plugin/use/internal/PluginRequestApplicator
Event: 6.024 loading class org/gradle/plugin/use/internal/PluginRequestApplicator done
Event: 6.024 loading class org/gradle/plugin/management/internal/autoapply/AutoAppliedPluginHandler
Event: 6.024 loading class org/gradle/plugin/management/internal/autoapply/AutoAppliedPluginHandler done
Event: 6.025 loading class org/gradle/kotlin/dsl/provider/PluginRequestsHandler
Event: 6.025 loading class org/gradle/kotlin/dsl/provider/PluginRequestsHandler done
Event: 6.025 loading class org/gradle/kotlin/dsl/provider/KotlinScriptEvaluator
Event: 6.025 loading class org/gradle/kotlin/dsl/provider/KotlinScriptEvaluator done


Dynamic libraries:
0x00007ff7dd870000 - 0x00007ff7dd8a1000 	E:\android_workspace\jre\bin\java.exe
0x00007ffb30e00000 - 0x00007ffb30fe1000 	C:\WINDOWS\SYSTEM32\ntdll.dll
0x00007ffb30400000 - 0x00007ffb304b1000 	C:\WINDOWS\System32\KERNEL32.DLL
0x00007ffb2d780000 - 0x00007ffb2d9f3000 	C:\WINDOWS\System32\KERNELBASE.dll
0x00007ffb2f730000 - 0x00007ffb2f7d1000 	C:\WINDOWS\System32\ADVAPI32.dll
0x00007ffb2f7e0000 - 0x00007ffb2f87e000 	C:\WINDOWS\System32\msvcrt.dll
0x00007ffb2e280000 - 0x00007ffb2e2db000 	C:\WINDOWS\System32\sechost.dll
0x00007ffb2f880000 - 0x00007ffb2f9a4000 	C:\WINDOWS\System32\RPCRT4.dll
0x00007ffb30240000 - 0x00007ffb303d1000 	C:\WINDOWS\System32\USER32.dll
0x00007ffb2d5c0000 - 0x00007ffb2d5e0000 	C:\WINDOWS\System32\win32u.dll
0x00007ffb30c40000 - 0x00007ffb30c68000 	C:\WINDOWS\System32\GDI32.dll
0x00007ffb2d1b0000 - 0x00007ffb2d341000 	C:\WINDOWS\System32\gdi32full.dll
0x00007ffb2d5e0000 - 0x00007ffb2d67f000 	C:\WINDOWS\System32\msvcp_win.dll
0x00007ffb2da00000 - 0x00007ffb2daf8000 	C:\WINDOWS\System32\ucrtbase.dll
0x00007ffb21d20000 - 0x00007ffb21f89000 	C:\WINDOWS\WinSxS\amd64_microsoft.windows.common-controls_6595b64144ccf1df_6.0.17134.1184_none_d403e8b37c8ca406\COMCTL32.dll
0x00007ffb304c0000 - 0x00007ffb307e1000 	C:\WINDOWS\System32\combase.dll
0x00007ffb2d540000 - 0x00007ffb2d5b9000 	C:\WINDOWS\System32\bcryptPrimitives.dll
0x00007ffb300e0000 - 0x00007ffb3010d000 	C:\WINDOWS\System32\IMM32.DLL
0x000000005d390000 - 0x000000005d462000 	E:\android_workspace\jre\jre\bin\msvcr100.dll
0x000000005d470000 - 0x000000005dcb6000 	E:\android_workspace\jre\jre\bin\server\jvm.dll
0x00007ffb2fb50000 - 0x00007ffb2fb58000 	C:\WINDOWS\System32\PSAPI.DLL
0x00007ffb1cb60000 - 0x00007ffb1cb6a000 	C:\WINDOWS\SYSTEM32\VERSION.dll
0x00007ffb29f10000 - 0x00007ffb29f33000 	C:\WINDOWS\SYSTEM32\WINMM.dll
0x00007ffb29ff0000 - 0x00007ffb29ff9000 	C:\WINDOWS\SYSTEM32\WSOCK32.dll
0x00007ffb30070000 - 0x00007ffb300dc000 	C:\WINDOWS\System32\WS2_32.dll
0x00007ffb29ee0000 - 0x00007ffb29f0a000 	C:\WINDOWS\SYSTEM32\WINMMBASE.dll
0x00007ffb2d680000 - 0x00007ffb2d6c9000 	C:\WINDOWS\System32\cfgmgr32.dll
0x00007ffb27690000 - 0x00007ffb2769f000 	E:\android_workspace\jre\jre\bin\verify.dll
0x00007ffb1e290000 - 0x00007ffb1e2b9000 	E:\android_workspace\jre\jre\bin\java.dll
0x00007ffb21220000 - 0x00007ffb21236000 	E:\android_workspace\jre\jre\bin\zip.dll
0x00007ffb2e2e0000 - 0x00007ffb2f725000 	C:\WINDOWS\System32\SHELL32.dll
0x00007ffb2f9b0000 - 0x00007ffb2fa59000 	C:\WINDOWS\System32\shcore.dll
0x00007ffb2db00000 - 0x00007ffb2e210000 	C:\WINDOWS\System32\windows.storage.dll
0x00007ffb2fb60000 - 0x00007ffb2fbb1000 	C:\WINDOWS\System32\shlwapi.dll
0x00007ffb2d120000 - 0x00007ffb2d131000 	C:\WINDOWS\System32\kernel.appcore.dll
0x00007ffb2d190000 - 0x00007ffb2d1af000 	C:\WINDOWS\System32\profapi.dll
0x00007ffb2d140000 - 0x00007ffb2d18c000 	C:\WINDOWS\System32\powrprof.dll
0x00007ffb2d0f0000 - 0x00007ffb2d0fa000 	C:\WINDOWS\System32\FLTLIB.DLL
0x00007ffb20160000 - 0x00007ffb2017a000 	E:\android_workspace\jre\jre\bin\net.dll
0x00007ffb2c950000 - 0x00007ffb2c9b6000 	C:\WINDOWS\system32\mswsock.dll
0x00007ffb1fe00000 - 0x00007ffb1fe11000 	E:\android_workspace\jre\jre\bin\nio.dll
0x00007ffb1e400000 - 0x00007ffb1e426000 	C:\Users\Administrator\.gradle\native\29\windows-amd64\native-platform.dll
0x00007ffb264c0000 - 0x00007ffb264cd000 	E:\android_workspace\jre\jre\bin\management.dll
0x00007ffb2cb00000 - 0x00007ffb2cb17000 	C:\WINDOWS\SYSTEM32\CRYPTSP.dll
0x00007ffb2c500000 - 0x00007ffb2c533000 	C:\WINDOWS\system32\rsaenh.dll
0x00007ffb2cc30000 - 0x00007ffb2cc55000 	C:\WINDOWS\SYSTEM32\bcrypt.dll
0x00007ffb2cff0000 - 0x00007ffb2d018000 	C:\WINDOWS\SYSTEM32\USERENV.dll
0x00007ffb2cb20000 - 0x00007ffb2cb2b000 	C:\WINDOWS\SYSTEM32\CRYPTBASE.dll
0x00007ffb2c6a0000 - 0x00007ffb2c6d8000 	C:\WINDOWS\SYSTEM32\IPHLPAPI.DLL
0x00007ffb2e270000 - 0x00007ffb2e278000 	C:\WINDOWS\System32\NSI.dll
0x00007ffb227f0000 - 0x00007ffb22806000 	C:\WINDOWS\SYSTEM32\dhcpcsvc6.DLL
0x00007ffb24c70000 - 0x00007ffb24c8a000 	C:\WINDOWS\SYSTEM32\dhcpcsvc.DLL

VM Arguments:
jvm_args: -Xmx1536m -Dfile.encoding=GBK -Duser.country=CN -Duser.language=zh -Duser.variant 
java_command: org.gradle.launcher.daemon.bootstrap.GradleDaemon 5.4.1
java_class_path (initial): C:\Users\Administrator\.gradle\wrapper\dists\gradle-5.4.1-all\3221gyojl5jsh0helicew7rwx\gradle-5.4.1\lib\gradle-launcher-5.4.1.jar
Launcher Type: SUN_STANDARD

Environment Variables:
PATH=C:\Program Files (x86)\NetSarang\Xshell 6\;C:\Program Files (x86)\Common Files\Oracle\Java\javapath;C:\Program Files (x86)\Java\jdk1.8.0_171\bin;C:\WINDOWS\system32;C:\WINDOWS;C:\WINDOWS\System32\Wbem;C:\WINDOWS\System32\WindowsPowerShell\v1.0\;"E:\android_SDK\platform-tools;E:\android_SDK\tools";C:\Users\Administrator\AppData\Local\Android\Sdk\platform-tools;"C:\Program Files\Git\bin;C:\Program Files\Git\cmd";C:\Users\Administrator\AppData\Local\Programs\Python\Python36-32\;C:\Program Files\Mozilla Firefox;D:\软件安装\;D:\软件安装\Microsoft VS Code\bin;C:\WINDOWS\System32\OpenSSH\;C:\Program Files\nodejs;E:\Blog\node_modules\.bin;C:\Program Files\nodejs\;D:\MySQL\mysql-5.7.25-winx64\bin;E:\android_SDK;C:\Program Files\dotnet\;C:\Users\Administrator\AppData\Local\Programs\Python\Python37\Scripts\;C:\Users\Administrator\AppData\Local\Programs\Python\Python37\;C:\Users\Administrator\AppData\Local\Programs\Python\Python36-32\Scripts\;C:\Users\Administrator\AppData\Local\Programs\Python\Python36-32\;C:\Users\Administrator\AppData\Local\Microsoft\WindowsApps;C:\Program Files\Git\cmd;C:\Users\Administrator\AppData\Local\Microsoft\WindowsApps;C:\Program Files\nodejs;C:\Users\Administrator\AppData\Roaming\npm;C:\Users\Administrator\.dotnet\tools
USERNAME=斗酒相逢
OS=Windows_NT
PROCESSOR_IDENTIFIER=Intel64 Family 6 Model 69 Stepping 1, GenuineIntel



---------------  S Y S T E M  ---------------

OS: Windows 10.0 , 64 bit Build 17134 (10.0.17134.753)

CPU:total 4 (initial active 4) (2 cores per cpu, 2 threads per core) family 6 model 69 stepping 1, cmov, cx8, fxsr, mmx, sse, sse2, sse3, ssse3, sse4.1, sse4.2, popcnt, avx, avx2, aes, clmul, erms, lzcnt, ht, tsc, tscinvbit, bmi1, bmi2

Memory: 4k page, physical 4088172k(630912k free), swap 8151528k(5360k free)

vm_info: OpenJDK 64-Bit Server VM (25.202-b03) for windows-amd64 JRE (1.8.0_202-release-1483-b03), built by "builder" with MS VC++ 10.0 (VS2010)

time: Sun Mar 22 16:11:38 2020
timezone: 中国标准时间
elapsed time: 6 seconds (0d 0h 0m 6s)

