#
# There is insufficient memory for the Java Runtime Environment to continue.
# Native memory allocation (malloc) failed to allocate 65552 bytes for Chunk::new
# Possible reasons:
#   The system is out of physical RAM or swap space
#   The process is running with CompressedOops enabled, and the Java Heap may be blocking the growth of the native heap
# Possible solutions:
#   Reduce memory load on the system
#   Increase physical memory or swap space
#   Check if swap backing store is full
#   Decrease Java heap size (-Xmx/-Xms)
#   Decrease number of Java threads
#   Decrease Java thread stack sizes (-Xss)
#   Set larger code cache with -XX:ReservedCodeCacheSize=
#   JVM is running with Unscaled Compressed Oops mode in which the Java heap is
#     placed in the first 4GB address space. The Java Heap base address is the
#     maximum limit for the native heap growth. Please use -XX:HeapBaseMinAddress
#     to set the Java Heap base and to place the Java Heap above 4GB virtual address.
# This output file may be truncated or incomplete.
#
#  Out of Memory Error (allocation.cpp:389), pid=8640, tid=0x0000000000001524
#
# JRE version: OpenJDK Runtime Environment (8.0_202-b03) (build 1.8.0_202-release-1483-b03)
# Java VM: OpenJDK 64-Bit Server VM (25.202-b03 mixed mode windows-amd64 compressed oops)
# Failed to write core dump. Minidumps are not enabled by default on client versions of Windows
#

---------------  T H R E A D  ---------------

Current thread (0x00000000168fb800):  JavaThread "C2 CompilerThread1" daemon [_thread_in_native, id=5412, stack(0x0000000018370000,0x0000000018470000)]

Stack: [0x0000000018370000,0x0000000018470000]
[error occurred during error reporting (printing stack bounds), id 0xc0000005]

Native frames: (J=compiled Java code, j=interpreted, Vv=VM code, C=native code)


Current CompileTask:
C2:   7826 1431   !   4       java.net.URLClassLoader$1::run (63 bytes)


---------------  P R O C E S S  ---------------

Java Threads: ( => current thread )
  0x0000000017fa8000 JavaThread "Cache worker for journal cache (C:\Users\Administrator\.gradle\caches\journal-1)" [_thread_blocked, id=20532, stack(0x000000001c210000,0x000000001c310000)]
  0x0000000017fa5000 JavaThread "File lock request listener" [_thread_in_native, id=18896, stack(0x000000001c010000,0x000000001c110000)]
  0x00000000195ef000 JavaThread "Cache worker for file hash cache (C:\Users\Administrator\.gradle\caches\5.4.1\fileHashes)" [_thread_blocked, id=20832, stack(0x000000001bd10000,0x000000001be10000)]
  0x0000000017e75000 JavaThread "Thread-9" [_thread_blocked, id=18108, stack(0x000000001bc10000,0x000000001bd10000)]
  0x0000000017e72000 JavaThread "Stdin handler" [_thread_blocked, id=3480, stack(0x000000001bb10000,0x000000001bc10000)]
  0x00000000196bc000 JavaThread "Asynchronous log dispatcher for DefaultDaemonConnection: socket connection from /127.0.0.1:49522 to /127.0.0.1:49523" [_thread_blocked, id=15440, stack(0x000000001ba10000,0x000000001bb10000)]
  0x0000000017d4b000 JavaThread "Daemon worker" [_thread_in_vm, id=20196, stack(0x000000001b910000,0x000000001ba10000)]
  0x00000000196ba800 JavaThread "Cancel handler" [_thread_blocked, id=3832, stack(0x000000001b810000,0x000000001b910000)]
  0x0000000019142800 JavaThread "Handler for socket connection from /127.0.0.1:49522 to /127.0.0.1:49523" [_thread_in_native, id=9380, stack(0x000000001b510000,0x000000001b610000)]
  0x0000000019142000 JavaThread "Daemon" [_thread_blocked, id=776, stack(0x000000001b410000,0x000000001b510000)]
  0x0000000019144000 JavaThread "Daemon periodic checks" [_thread_blocked, id=15492, stack(0x000000001b310000,0x000000001b410000)]
  0x00000000190dd800 JavaThread "Incoming local TCP Connector on port 49522" [_thread_in_native, id=16180, stack(0x000000001b210000,0x000000001b310000)]
  0x0000000019e08800 JavaThread "Daemon health stats" [_thread_blocked, id=18448, stack(0x000000001af10000,0x000000001b010000)]
  0x0000000016905000 JavaThread "Service Thread" daemon [_thread_blocked, id=15836, stack(0x0000000018570000,0x0000000018670000)]
  0x0000000016903000 JavaThread "C1 CompilerThread2" daemon [_thread_blocked, id=14412, stack(0x0000000018470000,0x0000000018570000)]
=>0x00000000168fb800 JavaThread "C2 CompilerThread1" daemon [_thread_in_native, id=5412, stack(0x0000000018370000,0x0000000018470000)]
  0x000000001694b000 JavaThread "C2 CompilerThread0" daemon [_thread_in_native, id=20672, stack(0x0000000018270000,0x0000000018370000)]
  0x00000000168e8800 JavaThread "Attach Listener" daemon [_thread_blocked, id=2132, stack(0x0000000018170000,0x0000000018270000)]
  0x0000000017c80800 JavaThread "Signal Dispatcher" daemon [_thread_blocked, id=18144, stack(0x0000000018070000,0x0000000018170000)]
  0x0000000002f7b800 JavaThread "Finalizer" daemon [_thread_blocked, id=17632, stack(0x0000000017b70000,0x0000000017c70000)]
  0x0000000002f73000 JavaThread "Reference Handler" daemon [_thread_blocked, id=204, stack(0x0000000017a70000,0x0000000017b70000)]
  0x0000000002a7e000 JavaThread "main" [_thread_blocked, id=17572, stack(0x0000000002970000,0x0000000002a70000)]

Other Threads:
  0x00000000168b6800 VMThread [stack: 0x0000000017970000,0x0000000017a70000] [id=13992]
  0x0000000017cf3000 WatcherThread [stack: 0x0000000018670000,0x0000000018770000] [id=18556]

VM state:not at safepoint (normal execution)

VM Mutex/Monitor currently owned by a thread: None

heap address: 0x00000000a0000000, size: 1536 MB, Compressed Oops mode: 32-bit
Narrow klass base: 0x0000000000000000, Narrow klass shift: 3
Compressed class space size: 1073741824 Address: 0x0000000100000000

Heap:
 PSYoungGen      total 21504K, used 6793K [0x00000000e0000000, 0x00000000e2a00000, 0x0000000100000000)
  eden space 16384K, 18% used [0x00000000e0000000,0x00000000e02f90a8,0x00000000e1000000)
  from space 5120K, 73% used [0x00000000e1000000,0x00000000e13a93c0,0x00000000e1500000)
  to   space 5120K, 0% used [0x00000000e2500000,0x00000000e2500000,0x00000000e2a00000)
 ParOldGen       total 44032K, used 6461K [0x00000000a0000000, 0x00000000a2b00000, 0x00000000e0000000)
  object space 44032K, 14% used [0x00000000a0000000,0x00000000a064f770,0x00000000a2b00000)
 Metaspace       used 14627K, capacity 15088K, committed 15360K, reserved 1062912K
  class space    used 2058K, capacity 2196K, committed 2304K, reserved 1048576K

Card table byte_map: [0x0000000012340000,0x0000000012650000] byte_map_base: 0x0000000011e40000

Marking Bits: (ParMarkBitMap*) 0x000000005dc39f30
 Begin Bits: [0x0000000012c50000, 0x0000000014450000)
 End Bits:   [0x0000000014450000, 0x0000000015c50000)

Polling page: 0x0000000000bd0000

CodeCache: size=245760Kb used=5217Kb max_used=5217Kb free=240542Kb
 bounds [0x0000000002f80000, 0x00000000034a0000, 0x0000000011f80000]
 total_blobs=1837 nmethods=1453 adapters=297
 compilation: enabled

Compilation events (10 events):
Event: 7.801 Thread 0x0000000016903000 1455       3       java.util.LinkedList$ListItr::<init> (47 bytes)
Event: 7.802 Thread 0x0000000016903000 nmethod 1455 0x00000000034966d0 code [0x0000000003496840, 0x0000000003496ae8]
Event: 7.803 Thread 0x0000000016903000 1456       3       java.lang.reflect.Method::getGenericParameterTypes (5 bytes)
Event: 7.806 Thread 0x0000000016903000 nmethod 1456 0x0000000003496c10 code [0x0000000003496e40, 0x0000000003497ba8]
Event: 7.806 Thread 0x0000000016903000 1457       3       java.lang.reflect.Executable::getGenericParameterTypes (20 bytes)
Event: 7.806 Thread 0x0000000016903000 nmethod 1457 0x0000000003498510 code [0x00000000034986a0, 0x0000000003498b18]
Event: 7.806 Thread 0x0000000016903000 1458       3       java.lang.reflect.Method::hasGenericInformation (13 bytes)
Event: 7.807 Thread 0x0000000016903000 nmethod 1458 0x0000000003498c10 code [0x0000000003498d60, 0x0000000003498f30]
Event: 7.807 Thread 0x0000000016903000 1459       3       java.lang.reflect.Method::getGenericReturnType (20 bytes)
Event: 7.808 Thread 0x0000000016903000 nmethod 1459 0x0000000003498f90 code [0x0000000003499180, 0x0000000003499b78]

GC Heap History (10 events):
Event: 3.260 GC heap before
{Heap before GC invocations=3 (full 0):
 PSYoungGen      total 18944K, used 18922K [0x00000000e0000000, 0x00000000e1500000, 0x0000000100000000)
  eden space 16384K, 100% used [0x00000000e0000000,0x00000000e1000000,0x00000000e1000000)
  from space 2560K, 99% used [0x00000000e1280000,0x00000000e14faa38,0x00000000e1500000)
  to   space 2560K, 0% used [0x00000000e1000000,0x00000000e1000000,0x00000000e1280000)
 ParOldGen       total 44032K, used 1132K [0x00000000a0000000, 0x00000000a2b00000, 0x00000000e0000000)
  object space 44032K, 2% used [0x00000000a0000000,0x00000000a011b2e0,0x00000000a2b00000)
 Metaspace       used 7202K, capacity 7538K, committed 7680K, reserved 1056768K
  class space    used 875K, capacity 982K, committed 1024K, reserved 1048576K
Event: 3.268 GC heap after
Heap after GC invocations=3 (full 0):
 PSYoungGen      total 18944K, used 2552K [0x00000000e0000000, 0x00000000e1500000, 0x0000000100000000)
  eden space 16384K, 0% used [0x00000000e0000000,0x00000000e0000000,0x00000000e1000000)
  from space 2560K, 99% used [0x00000000e1000000,0x00000000e127e030,0x00000000e1280000)
  to   space 2560K, 0% used [0x00000000e1280000,0x00000000e1280000,0x00000000e1500000)
 ParOldGen       total 44032K, used 1666K [0x00000000a0000000, 0x00000000a2b00000, 0x00000000e0000000)
  object space 44032K, 3% used [0x00000000a0000000,0x00000000a01a0958,0x00000000a2b00000)
 Metaspace       used 7202K, capacity 7538K, committed 7680K, reserved 1056768K
  class space    used 875K, capacity 982K, committed 1024K, reserved 1048576K
}
Event: 3.588 GC heap before
{Heap before GC invocations=4 (full 0):
 PSYoungGen      total 18944K, used 18936K [0x00000000e0000000, 0x00000000e1500000, 0x0000000100000000)
  eden space 16384K, 100% used [0x00000000e0000000,0x00000000e1000000,0x00000000e1000000)
  from space 2560K, 99% used [0x00000000e1000000,0x00000000e127e030,0x00000000e1280000)
  to   space 2560K, 0% used [0x00000000e1280000,0x00000000e1280000,0x00000000e1500000)
 ParOldGen       total 44032K, used 1666K [0x00000000a0000000, 0x00000000a2b00000, 0x00000000e0000000)
  object space 44032K, 3% used [0x00000000a0000000,0x00000000a01a0958,0x00000000a2b00000)
 Metaspace       used 8694K, capacity 9014K, committed 9216K, reserved 1056768K
  class space    used 1112K, capacity 1177K, committed 1280K, reserved 1048576K
Event: 3.597 GC heap after
Heap after GC invocations=4 (full 0):
 PSYoungGen      total 18944K, used 2536K [0x00000000e0000000, 0x00000000e2500000, 0x0000000100000000)
  eden space 16384K, 0% used [0x00000000e0000000,0x00000000e0000000,0x00000000e1000000)
  from space 2560K, 99% used [0x00000000e1280000,0x00000000e14fa040,0x00000000e1500000)
  to   space 2560K, 0% used [0x00000000e1000000,0x00000000e1000000,0x00000000e1280000)
 ParOldGen       total 44032K, used 3146K [0x00000000a0000000, 0x00000000a2b00000, 0x00000000e0000000)
  object space 44032K, 7% used [0x00000000a0000000,0x00000000a03128a0,0x00000000a2b00000)
 Metaspace       used 8694K, capacity 9014K, committed 9216K, reserved 1056768K
  class space    used 1112K, capacity 1177K, committed 1280K, reserved 1048576K
}
Event: 6.949 GC heap before
{Heap before GC invocations=5 (full 0):
 PSYoungGen      total 18944K, used 18920K [0x00000000e0000000, 0x00000000e2500000, 0x0000000100000000)
  eden space 16384K, 100% used [0x00000000e0000000,0x00000000e1000000,0x00000000e1000000)
  from space 2560K, 99% used [0x00000000e1280000,0x00000000e14fa040,0x00000000e1500000)
  to   space 2560K, 0% used [0x00000000e1000000,0x00000000e1000000,0x00000000e1280000)
 ParOldGen       total 44032K, used 3146K [0x00000000a0000000, 0x00000000a2b00000, 0x00000000e0000000)
  object space 44032K, 7% used [0x00000000a0000000,0x00000000a03128a0,0x00000000a2b00000)
 Metaspace       used 12214K, capacity 12646K, committed 12800K, reserved 1060864K
  class space    used 1627K, capacity 1743K, committed 1792K, reserved 1048576K
Event: 6.962 GC heap after
Heap after GC invocations=5 (full 0):
 PSYoungGen      total 18944K, used 2552K [0x00000000e0000000, 0x00000000e1a00000, 0x0000000100000000)
  eden space 16384K, 0% used [0x00000000e0000000,0x00000000e0000000,0x00000000e1000000)
  from space 2560K, 99% used [0x00000000e1000000,0x00000000e127e030,0x00000000e1280000)
  to   space 5120K, 0% used [0x00000000e1500000,0x00000000e1500000,0x00000000e1a00000)
 ParOldGen       total 44032K, used 5474K [0x00000000a0000000, 0x00000000a2b00000, 0x00000000e0000000)
  object space 44032K, 12% used [0x00000000a0000000,0x00000000a0558870,0x00000000a2b00000)
 Metaspace       used 12214K, capacity 12646K, committed 12800K, reserved 1060864K
  class space    used 1627K, capacity 1743K, committed 1792K, reserved 1048576K
}
Event: 7.206 GC heap before
{Heap before GC invocations=6 (full 0):
 PSYoungGen      total 18944K, used 18936K [0x00000000e0000000, 0x00000000e1a00000, 0x0000000100000000)
  eden space 16384K, 100% used [0x00000000e0000000,0x00000000e1000000,0x00000000e1000000)
  from space 2560K, 99% used [0x00000000e1000000,0x00000000e127e030,0x00000000e1280000)
  to   space 5120K, 0% used [0x00000000e1500000,0x00000000e1500000,0x00000000e1a00000)
 ParOldGen       total 44032K, used 5474K [0x00000000a0000000, 0x00000000a2b00000, 0x00000000e0000000)
  object space 44032K, 12% used [0x00000000a0000000,0x00000000a0558870,0x00000000a2b00000)
 Metaspace       used 13320K, capacity 13772K, committed 14080K, reserved 1060864K
  class space    used 1826K, capacity 1970K, committed 2048K, reserved 1048576K
Event: 7.218 GC heap after
Heap after GC invocations=6 (full 0):
 PSYoungGen      total 21504K, used 4215K [0x00000000e0000000, 0x00000000e2a00000, 0x0000000100000000)
  eden space 16384K, 0% used [0x00000000e0000000,0x00000000e0000000,0x00000000e1000000)
  from space 5120K, 82% used [0x00000000e1500000,0x00000000e191df98,0x00000000e1a00000)
  to   space 5120K, 0% used [0x00000000e1000000,0x00000000e1000000,0x00000000e1500000)
 ParOldGen       total 44032K, used 5474K [0x00000000a0000000, 0x00000000a2b00000, 0x00000000e0000000)
  object space 44032K, 12% used [0x00000000a0000000,0x00000000a0558870,0x00000000a2b00000)
 Metaspace       used 13320K, capacity 13772K, committed 14080K, reserved 1060864K
  class space    used 1826K, capacity 1970K, committed 2048K, reserved 1048576K
}
Event: 7.781 GC heap before
{Heap before GC invocations=7 (full 0):
 PSYoungGen      total 21504K, used 20599K [0x00000000e0000000, 0x00000000e2a00000, 0x0000000100000000)
  eden space 16384K, 100% used [0x00000000e0000000,0x00000000e1000000,0x00000000e1000000)
  from space 5120K, 82% used [0x00000000e1500000,0x00000000e191df98,0x00000000e1a00000)
  to   space 5120K, 0% used [0x00000000e1000000,0x00000000e1000000,0x00000000e1500000)
 ParOldGen       total 44032K, used 5474K [0x00000000a0000000, 0x00000000a2b00000, 0x00000000e0000000)
  object space 44032K, 12% used [0x00000000a0000000,0x00000000a0558870,0x00000000a2b00000)
 Metaspace       used 14508K, capacity 14926K, committed 14976K, reserved 1062912K
  class space    used 2032K, capacity 2163K, committed 2176K, reserved 1048576K
Event: 7.792 GC heap after
Heap after GC invocations=7 (full 0):
 PSYoungGen      total 21504K, used 3748K [0x00000000e0000000, 0x00000000e2a00000, 0x0000000100000000)
  eden space 16384K, 0% used [0x00000000e0000000,0x00000000e0000000,0x00000000e1000000)
  from space 5120K, 73% used [0x00000000e1000000,0x00000000e13a93c0,0x00000000e1500000)
  to   space 5120K, 0% used [0x00000000e2500000,0x00000000e2500000,0x00000000e2a00000)
 ParOldGen       total 44032K, used 6461K [0x00000000a0000000, 0x00000000a2b00000, 0x00000000e0000000)
  object space 44032K, 14% used [0x00000000a0000000,0x00000000a064f770,0x00000000a2b00000)
 Metaspace       used 14508K, capacity 14926K, committed 14976K, reserved 1062912K
  class space    used 2032K, capacity 2163K, committed 2176K, reserved 1048576K
}

Deoptimization events (10 events):
Event: 6.684 Thread 0x0000000019142800 Uncommon trap: reason=unstable_if action=reinterpret pc=0x00000000033531b0 method=java.util.concurrent.ConcurrentHashMap.putVal(Ljava/lang/Object;Ljava/lang/Object;Z)Ljava/lang/Object; @ 206
Event: 6.872 Thread 0x0000000017d4b000 Uncommon trap: reason=unstable_if action=reinterpret pc=0x00000000033c1a2c method=sun.nio.cs.ext.DoubleByte$Encoder.encodeArrayLoop(Ljava/nio/CharBuffer;Ljava/nio/ByteBuffer;)Ljava/nio/charset/CoderResult; @ 218
Event: 6.884 Thread 0x0000000017d4b000 Uncommon trap: reason=bimorphic action=maybe_recompile pc=0x00000000031f4dd8 method=java.util.HashMap.putVal(ILjava/lang/Object;Ljava/lang/Object;ZZ)Ljava/lang/Object; @ 253
Event: 6.884 Thread 0x0000000017d4b000 Uncommon trap: reason=bimorphic action=maybe_recompile pc=0x00000000031f4dd8 method=java.util.HashMap.putVal(ILjava/lang/Object;Ljava/lang/Object;ZZ)Ljava/lang/Object; @ 253
Event: 6.884 Thread 0x0000000017d4b000 Uncommon trap: reason=bimorphic action=maybe_recompile pc=0x00000000031f4dd8 method=java.util.HashMap.putVal(ILjava/lang/Object;Ljava/lang/Object;ZZ)Ljava/lang/Object; @ 253
Event: 6.884 Thread 0x0000000017d4b000 Uncommon trap: reason=bimorphic action=maybe_recompile pc=0x00000000031f4dd8 method=java.util.HashMap.putVal(ILjava/lang/Object;Ljava/lang/Object;ZZ)Ljava/lang/Object; @ 253
Event: 7.240 Thread 0x0000000017d4b000 Uncommon trap: reason=class_check action=maybe_recompile pc=0x0000000003250e18 method=java.util.regex.Matcher.match(II)Z @ 86
Event: 7.454 Thread 0x0000000017d4b000 Uncommon trap: reason=class_check action=maybe_recompile pc=0x0000000003250e18 method=java.util.regex.Matcher.match(II)Z @ 86
Event: 7.456 Thread 0x0000000017d4b000 Uncommon trap: reason=class_check action=maybe_recompile pc=0x0000000003250e18 method=java.util.regex.Matcher.match(II)Z @ 86
Event: 7.457 Thread 0x0000000017d4b000 Uncommon trap: reason=class_check action=maybe_recompile pc=0x0000000003216f1c method=java.util.regex.Matcher.match(II)Z @ 86

Classes redefined (0 events):
No events

Internal exceptions (10 events):
Event: 6.691 Thread 0x0000000019142800 Exception <a 'java/lang/NoSuchMethodError': <clinit>> (0x00000000e0b500a8) thrown at [D:\src\AOSP-openjdk-cygwin\jdk8u\hotspot\src\share\vm\prims\jni.cpp, line 1614]
Event: 6.701 Thread 0x0000000019142800 Exception <a 'java/lang/NoSuchMethodError': <clinit>> (0x00000000e0b633f8) thrown at [D:\src\AOSP-openjdk-cygwin\jdk8u\hotspot\src\share\vm\prims\jni.cpp, line 1614]
Event: 6.707 Thread 0x0000000019142800 Exception <a 'java/lang/NoSuchMethodError': <clinit>> (0x00000000e0b8a878) thrown at [D:\src\AOSP-openjdk-cygwin\jdk8u\hotspot\src\share\vm\prims\jni.cpp, line 1614]
Event: 6.712 Thread 0x0000000019142800 Exception <a 'java/lang/NoSuchMethodError': <clinit>> (0x00000000e0ba2970) thrown at [D:\src\AOSP-openjdk-cygwin\jdk8u\hotspot\src\share\vm\prims\jni.cpp, line 1614]
Event: 6.713 Thread 0x0000000019142800 Exception <a 'java/lang/NoSuchMethodError': <clinit>> (0x00000000e0bab600) thrown at [D:\src\AOSP-openjdk-cygwin\jdk8u\hotspot\src\share\vm\prims\jni.cpp, line 1614]
Event: 6.718 Thread 0x0000000019142800 Exception <a 'java/lang/NoSuchMethodError': <clinit>> (0x00000000e0bc1cd0) thrown at [D:\src\AOSP-openjdk-cygwin\jdk8u\hotspot\src\share\vm\prims\jni.cpp, line 1614]
Event: 6.745 Thread 0x0000000019142800 Exception <a 'java/lang/NoSuchMethodError': <clinit>> (0x00000000e0c21e18) thrown at [D:\src\AOSP-openjdk-cygwin\jdk8u\hotspot\src\share\vm\prims\jni.cpp, line 1614]
Event: 6.762 Thread 0x0000000019142800 Exception <a 'java/lang/NoSuchMethodError': <clinit>> (0x00000000e0c4ec28) thrown at [D:\src\AOSP-openjdk-cygwin\jdk8u\hotspot\src\share\vm\prims\jni.cpp, line 1614]
Event: 6.786 Thread 0x0000000019142800 Exception <a 'java/lang/NoSuchMethodError': <clinit>> (0x00000000e0c7d300) thrown at [D:\src\AOSP-openjdk-cygwin\jdk8u\hotspot\src\share\vm\prims\jni.cpp, line 1614]
Event: 6.789 Thread 0x0000000019142800 Exception <a 'java/lang/NoSuchMethodError': <clinit>> (0x00000000e0c88600) thrown at [D:\src\AOSP-openjdk-cygwin\jdk8u\hotspot\src\share\vm\prims\jni.cpp, line 1614]

Events (10 events):
Event: 7.819 loading class org/gradle/internal/featurelifecycle/ScriptUsageLocationReporter
Event: 7.819 loading class org/gradle/internal/featurelifecycle/ScriptUsageLocationReporter done
Event: 7.820 loading class org/gradle/groovy/scripts/ScriptExecutionListener
Event: 7.820 loading class org/gradle/groovy/scripts/ScriptExecutionListener done
Event: 7.820 loading class org/gradle/initialization/DefaultGradleLauncherFactory$3
Event: 7.820 loading class org/gradle/initialization/DefaultGradleLauncherFactory$3 done
Event: 7.821 loading class org/gradle/internal/operations/DelegatingBuildOperationExecutor
Event: 7.821 loading class org/gradle/internal/operations/DelegatingBuildOperationExecutor done
Event: 7.822 loading class org/gradle/internal/operations/DefaultBuildOperationExecutor
Event: 7.822 loading class org/gradle/internal/operations/DefaultBuildOperationExecutor done


Dynamic libraries:
0x00007ff7dd870000 - 0x00007ff7dd8a1000 	E:\android_workspace\jre\bin\java.exe
0x00007ffb30e00000 - 0x00007ffb30fe1000 	C:\WINDOWS\SYSTEM32\ntdll.dll
0x00007ffb30400000 - 0x00007ffb304b1000 	C:\WINDOWS\System32\KERNEL32.DLL
0x00007ffb2d780000 - 0x00007ffb2d9f3000 	C:\WINDOWS\System32\KERNELBASE.dll
0x00007ffb2f730000 - 0x00007ffb2f7d1000 	C:\WINDOWS\System32\ADVAPI32.dll
0x00007ffb2f7e0000 - 0x00007ffb2f87e000 	C:\WINDOWS\System32\msvcrt.dll
0x00007ffb2e280000 - 0x00007ffb2e2db000 	C:\WINDOWS\System32\sechost.dll
0x00007ffb2f880000 - 0x00007ffb2f9a4000 	C:\WINDOWS\System32\RPCRT4.dll
0x00007ffb30240000 - 0x00007ffb303d1000 	C:\WINDOWS\System32\USER32.dll
0x00007ffb2d5c0000 - 0x00007ffb2d5e0000 	C:\WINDOWS\System32\win32u.dll
0x00007ffb30c40000 - 0x00007ffb30c68000 	C:\WINDOWS\System32\GDI32.dll
0x00007ffb2d1b0000 - 0x00007ffb2d341000 	C:\WINDOWS\System32\gdi32full.dll
0x00007ffb2d5e0000 - 0x00007ffb2d67f000 	C:\WINDOWS\System32\msvcp_win.dll
0x00007ffb2da00000 - 0x00007ffb2daf8000 	C:\WINDOWS\System32\ucrtbase.dll
0x00007ffb21d20000 - 0x00007ffb21f89000 	C:\WINDOWS\WinSxS\amd64_microsoft.windows.common-controls_6595b64144ccf1df_6.0.17134.1184_none_d403e8b37c8ca406\COMCTL32.dll
0x00007ffb304c0000 - 0x00007ffb307e1000 	C:\WINDOWS\System32\combase.dll
0x00007ffb2d540000 - 0x00007ffb2d5b9000 	C:\WINDOWS\System32\bcryptPrimitives.dll
0x00007ffb300e0000 - 0x00007ffb3010d000 	C:\WINDOWS\System32\IMM32.DLL
0x000000005d390000 - 0x000000005d462000 	E:\android_workspace\jre\jre\bin\msvcr100.dll
0x000000005d470000 - 0x000000005dcb6000 	E:\android_workspace\jre\jre\bin\server\jvm.dll
0x00007ffb2fb50000 - 0x00007ffb2fb58000 	C:\WINDOWS\System32\PSAPI.DLL
0x00007ffb1cb60000 - 0x00007ffb1cb6a000 	C:\WINDOWS\SYSTEM32\VERSION.dll
0x00007ffb29f10000 - 0x00007ffb29f33000 	C:\WINDOWS\SYSTEM32\WINMM.dll
0x00007ffb29ff0000 - 0x00007ffb29ff9000 	C:\WINDOWS\SYSTEM32\WSOCK32.dll
0x00007ffb30070000 - 0x00007ffb300dc000 	C:\WINDOWS\System32\WS2_32.dll
0x00007ffb29ee0000 - 0x00007ffb29f0a000 	C:\WINDOWS\SYSTEM32\WINMMBASE.dll
0x00007ffb2d680000 - 0x00007ffb2d6c9000 	C:\WINDOWS\System32\cfgmgr32.dll
0x00007ffb27690000 - 0x00007ffb2769f000 	E:\android_workspace\jre\jre\bin\verify.dll
0x00007ffb1e290000 - 0x00007ffb1e2b9000 	E:\android_workspace\jre\jre\bin\java.dll
0x00007ffb21220000 - 0x00007ffb21236000 	E:\android_workspace\jre\jre\bin\zip.dll
0x00007ffb2e2e0000 - 0x00007ffb2f725000 	C:\WINDOWS\System32\SHELL32.dll
0x00007ffb2f9b0000 - 0x00007ffb2fa59000 	C:\WINDOWS\System32\shcore.dll
0x00007ffb2db00000 - 0x00007ffb2e210000 	C:\WINDOWS\System32\windows.storage.dll
0x00007ffb2fb60000 - 0x00007ffb2fbb1000 	C:\WINDOWS\System32\shlwapi.dll
0x00007ffb2d120000 - 0x00007ffb2d131000 	C:\WINDOWS\System32\kernel.appcore.dll
0x00007ffb2d190000 - 0x00007ffb2d1af000 	C:\WINDOWS\System32\profapi.dll
0x00007ffb2d140000 - 0x00007ffb2d18c000 	C:\WINDOWS\System32\powrprof.dll
0x00007ffb2d0f0000 - 0x00007ffb2d0fa000 	C:\WINDOWS\System32\FLTLIB.DLL
0x00007ffb20160000 - 0x00007ffb2017a000 	E:\android_workspace\jre\jre\bin\net.dll
0x00007ffb2c950000 - 0x00007ffb2c9b6000 	C:\WINDOWS\system32\mswsock.dll
0x00007ffb1fe00000 - 0x00007ffb1fe11000 	E:\android_workspace\jre\jre\bin\nio.dll
0x00007ffb1e400000 - 0x00007ffb1e426000 	C:\Users\Administrator\.gradle\native\29\windows-amd64\native-platform.dll
0x00007ffb264c0000 - 0x00007ffb264cd000 	E:\android_workspace\jre\jre\bin\management.dll
0x00007ffb2cb00000 - 0x00007ffb2cb17000 	C:\WINDOWS\SYSTEM32\CRYPTSP.dll
0x00007ffb2c500000 - 0x00007ffb2c533000 	C:\WINDOWS\system32\rsaenh.dll
0x00007ffb2cc30000 - 0x00007ffb2cc55000 	C:\WINDOWS\SYSTEM32\bcrypt.dll
0x00007ffb2cff0000 - 0x00007ffb2d018000 	C:\WINDOWS\SYSTEM32\USERENV.dll
0x00007ffb2cb20000 - 0x00007ffb2cb2b000 	C:\WINDOWS\SYSTEM32\CRYPTBASE.dll
0x00007ffb2c6a0000 - 0x00007ffb2c6d8000 	C:\WINDOWS\SYSTEM32\IPHLPAPI.DLL
0x00007ffb2e270000 - 0x00007ffb2e278000 	C:\WINDOWS\System32\NSI.dll
0x00007ffb227f0000 - 0x00007ffb22806000 	C:\WINDOWS\SYSTEM32\dhcpcsvc6.DLL
0x00007ffb24c70000 - 0x00007ffb24c8a000 	C:\WINDOWS\SYSTEM32\dhcpcsvc.DLL

VM Arguments:
jvm_args: -Xmx1536m -Dfile.encoding=GBK -Duser.country=CN -Duser.language=zh -Duser.variant 
java_command: org.gradle.launcher.daemon.bootstrap.GradleDaemon 5.4.1
java_class_path (initial): C:\Users\Administrator\.gradle\wrapper\dists\gradle-5.4.1-all\3221gyojl5jsh0helicew7rwx\gradle-5.4.1\lib\gradle-launcher-5.4.1.jar
Launcher Type: SUN_STANDARD

Environment Variables:
PATH=C:\Program Files (x86)\NetSarang\Xshell 6\;C:\Program Files (x86)\Common Files\Oracle\Java\javapath;C:\Program Files (x86)\Java\jdk1.8.0_171\bin;C:\WINDOWS\system32;C:\WINDOWS;C:\WINDOWS\System32\Wbem;C:\WINDOWS\System32\WindowsPowerShell\v1.0\;"E:\android_SDK\platform-tools;E:\android_SDK\tools";C:\Users\Administrator\AppData\Local\Android\Sdk\platform-tools;"C:\Program Files\Git\bin;C:\Program Files\Git\cmd";C:\Users\Administrator\AppData\Local\Programs\Python\Python36-32\;C:\Program Files\Mozilla Firefox;D:\软件安装\;D:\软件安装\Microsoft VS Code\bin;C:\WINDOWS\System32\OpenSSH\;C:\Program Files\nodejs;E:\Blog\node_modules\.bin;C:\Program Files\nodejs\;D:\MySQL\mysql-5.7.25-winx64\bin;E:\android_SDK;C:\Program Files\dotnet\;C:\Users\Administrator\AppData\Local\Programs\Python\Python37\Scripts\;C:\Users\Administrator\AppData\Local\Programs\Python\Python37\;C:\Users\Administrator\AppData\Local\Programs\Python\Python36-32\Scripts\;C:\Users\Administrator\AppData\Local\Programs\Python\Python36-32\;C:\Users\Administrator\AppData\Local\Microsoft\WindowsApps;C:\Program Files\Git\cmd;C:\Users\Administrator\AppData\Local\Microsoft\WindowsApps;C:\Program Files\nodejs;C:\Users\Administrator\AppData\Roaming\npm;C:\Users\Administrator\.dotnet\tools
USERNAME=斗酒相逢
OS=Windows_NT
PROCESSOR_IDENTIFIER=Intel64 Family 6 Model 69 Stepping 1, GenuineIntel



---------------  S Y S T E M  ---------------

OS: Windows 10.0 , 64 bit Build 17134 (10.0.17134.753)

CPU:total 4 (initial active 4) (2 cores per cpu, 2 threads per core) family 6 model 69 stepping 1, cmov, cx8, fxsr, mmx, sse, sse2, sse3, ssse3, sse4.1, sse4.2, popcnt, avx, avx2, aes, clmul, erms, lzcnt, ht, tsc, tscinvbit, bmi1, bmi2

Memory: 4k page, physical 4088172k(521416k free), swap 8151528k(4564k free)

vm_info: OpenJDK 64-Bit Server VM (25.202-b03) for windows-amd64 JRE (1.8.0_202-release-1483-b03), built by "builder" with MS VC++ 10.0 (VS2010)

time: Sun Mar 22 16:10:11 2020
timezone: 中国标准时间
elapsed time: 7 seconds (0d 0h 0m 7s)

