#
# There is insufficient memory for the Java Runtime Environment to continue.
# Native memory allocation (malloc) failed to allocate 32744 bytes for ChunkPool::allocate
# Possible reasons:
#   The system is out of physical RAM or swap space
#   The process is running with CompressedOops enabled, and the Java Heap may be blocking the growth of the native heap
# Possible solutions:
#   Reduce memory load on the system
#   Increase physical memory or swap space
#   Check if swap backing store is full
#   Decrease Java heap size (-Xmx/-Xms)
#   Decrease number of Java threads
#   Decrease Java thread stack sizes (-Xss)
#   Set larger code cache with -XX:ReservedCodeCacheSize=
#   JVM is running with Unscaled Compressed Oops mode in which the Java heap is
#     placed in the first 4GB address space. The Java Heap base address is the
#     maximum limit for the native heap growth. Please use -XX:HeapBaseMinAddress
#     to set the Java Heap base and to place the Java Heap above 4GB virtual address.
# This output file may be truncated or incomplete.
#
#  Out of Memory Error (allocation.cpp:272), pid=10896, tid=0x0000000000003a64
#
# JRE version: OpenJDK Runtime Environment (8.0_202-b03) (build 1.8.0_202-release-1483-b03)
# Java VM: OpenJDK 64-Bit Server VM (25.202-b03 mixed mode windows-amd64 compressed oops)
# Failed to write core dump. Minidumps are not enabled by default on client versions of Windows
#

---------------  T H R E A D  ---------------

Current thread (0x000000001668c000):  JavaThread "C2 CompilerThread1" daemon [_thread_in_native, id=14948, stack(0x0000000018090000,0x0000000018190000)]

Stack: [0x0000000018090000,0x0000000018190000]
[error occurred during error reporting (printing stack bounds), id 0xc0000005]

Native frames: (J=compiled Java code, j=interpreted, Vv=VM code, C=native code)


Current CompileTask:
C2:   9341 1449       4       java.net.URLClassLoader$1::run (5 bytes)


---------------  P R O C E S S  ---------------

Java Threads: ( => current thread )
  0x00000000188e5800 JavaThread "Cache worker for journal cache (C:\Users\Administrator\.gradle\caches\journal-1)" [_thread_blocked, id=20920, stack(0x000000001bf60000,0x000000001c060000)]
  0x00000000188e0000 JavaThread "File lock request listener" [_thread_in_native, id=17352, stack(0x000000001bd60000,0x000000001be60000)]
  0x00000000188e4800 JavaThread "Cache worker for file hash cache (C:\Users\Administrator\.gradle\caches\5.4.1\fileHashes)" [_thread_blocked, id=17712, stack(0x000000001ba60000,0x000000001bb60000)]
  0x0000000018986800 JavaThread "Thread-9" [_thread_blocked, id=15964, stack(0x000000001b960000,0x000000001ba60000)]
  0x0000000019472000 JavaThread "Stdin handler" [_thread_blocked, id=16848, stack(0x000000001b860000,0x000000001b960000)]
  0x0000000019471800 JavaThread "Asynchronous log dispatcher for DefaultDaemonConnection: socket connection from /127.0.0.1:49432 to /127.0.0.1:49433" [_thread_blocked, id=13324, stack(0x000000001b760000,0x000000001b860000)]
  0x0000000018a9f000 JavaThread "Daemon worker" [_thread_in_Java, id=17952, stack(0x000000001b660000,0x000000001b760000)]
  0x0000000018a9e000 JavaThread "Cancel handler" [_thread_blocked, id=2704, stack(0x000000001b560000,0x000000001b660000)]
  0x0000000018ad8800 JavaThread "Handler for socket connection from /127.0.0.1:49432 to /127.0.0.1:49433" [_thread_in_native, id=16856, stack(0x000000001b260000,0x000000001b360000)]
  0x0000000018b53800 JavaThread "Daemon" [_thread_blocked, id=14384, stack(0x000000001b160000,0x000000001b260000)]
  0x00000000199ed000 JavaThread "Daemon periodic checks" [_thread_blocked, id=11988, stack(0x000000001b060000,0x000000001b160000)]
  0x00000000190ad000 JavaThread "Incoming local TCP Connector on port 49432" [_thread_in_native, id=18240, stack(0x000000001af60000,0x000000001b060000)]
  0x0000000018eed800 JavaThread "Daemon health stats" [_thread_blocked, id=2100, stack(0x0000000019c60000,0x0000000019d60000)]
  0x0000000017a16800 JavaThread "Service Thread" daemon [_thread_blocked, id=13356, stack(0x0000000018290000,0x0000000018390000)]
  0x00000000179eb000 JavaThread "C1 CompilerThread2" daemon [_thread_blocked, id=14164, stack(0x0000000018190000,0x0000000018290000)]
=>0x000000001668c000 JavaThread "C2 CompilerThread1" daemon [_thread_in_native, id=14948, stack(0x0000000018090000,0x0000000018190000)]
  0x0000000016688000 JavaThread "C2 CompilerThread0" daemon [_thread_in_native, id=18572, stack(0x0000000017f90000,0x0000000018090000)]
  0x000000001663d000 JavaThread "Attach Listener" daemon [_thread_blocked, id=4196, stack(0x0000000017e90000,0x0000000017f90000)]
  0x0000000017998800 JavaThread "Signal Dispatcher" daemon [_thread_blocked, id=21304, stack(0x0000000017d90000,0x0000000017e90000)]
  0x0000000002bba000 JavaThread "Finalizer" daemon [_thread_blocked, id=1192, stack(0x0000000017890000,0x0000000017990000)]
  0x0000000002bb1000 JavaThread "Reference Handler" daemon [_thread_blocked, id=15528, stack(0x0000000017790000,0x0000000017890000)]
  0x0000000002cbe000 JavaThread "main" [_thread_blocked, id=20576, stack(0x0000000002590000,0x0000000002690000)]

Other Threads:
  0x00000000165f7000 VMThread [stack: 0x0000000017690000,0x0000000017790000] [id=13672]
  0x0000000017a17800 WatcherThread [stack: 0x0000000018390000,0x0000000018490000] [id=8196]

VM state:not at safepoint (normal execution)

VM Mutex/Monitor currently owned by a thread: None

heap address: 0x00000000a0000000, size: 1536 MB, Compressed Oops mode: 32-bit
Narrow klass base: 0x0000000000000000, Narrow klass shift: 3
Compressed class space size: 1073741824 Address: 0x0000000100000000

Heap:
 PSYoungGen      total 21504K, used 13004K [0x00000000e0000000, 0x00000000e1a00000, 0x0000000100000000)
  eden space 16384K, 56% used [0x00000000e0000000,0x00000000e0902340,0x00000000e1000000)
  from space 5120K, 73% used [0x00000000e1000000,0x00000000e13b0d40,0x00000000e1500000)
  to   space 5120K, 0% used [0x00000000e1500000,0x00000000e1500000,0x00000000e1a00000)
 ParOldGen       total 44032K, used 6397K [0x00000000a0000000, 0x00000000a2b00000, 0x00000000e0000000)
  object space 44032K, 14% used [0x00000000a0000000,0x00000000a063f5c8,0x00000000a2b00000)
 Metaspace       used 15300K, capacity 15708K, committed 15872K, reserved 1062912K
  class space    used 2163K, capacity 2300K, committed 2304K, reserved 1048576K

Card table byte_map: [0x0000000012080000,0x0000000012390000] byte_map_base: 0x0000000011b80000

Marking Bits: (ParMarkBitMap*) 0x000000005dc39f30
 Begin Bits: [0x0000000012990000, 0x0000000014190000)
 End Bits:   [0x0000000014190000, 0x0000000015990000)

Polling page: 0x0000000000c80000

CodeCache: size=245760Kb used=5307Kb max_used=5307Kb free=240452Kb
 bounds [0x0000000002cc0000, 0x0000000003200000, 0x0000000011cc0000]
 total_blobs=1868 nmethods=1478 adapters=303
 compilation: enabled

Compilation events (10 events):
Event: 9.113 Thread 0x00000000179eb000 1495       3       org.gradle.internal.file.DefaultFileHierarchySet$Node::sizeOfCommonPrefix (10 bytes)
Event: 9.113 Thread 0x00000000179eb000 nmethod 1495 0x00000000031ee710 code [0x00000000031ee880, 0x00000000031eea68]
Event: 9.113 Thread 0x00000000179eb000 1496       3       org.gradle.api.file.internal.FilePathUtil::sizeOfCommonPrefix (10 bytes)
Event: 9.113 Thread 0x00000000179eb000 nmethod 1496 0x00000000031eeb50 code [0x00000000031eecc0, 0x00000000031eee28]
Event: 9.160 Thread 0x00000000179eb000 1497   !   3       java.lang.ClassLoader::definePackage (77 bytes)
Event: 9.161 Thread 0x00000000179eb000 nmethod 1497 0x00000000031eeed0 code [0x00000000031ef080, 0x00000000031ef718]
Event: 9.295 Thread 0x00000000179eb000 1499       3       java.nio.HeapByteBuffer::ix (7 bytes)
Event: 9.295 Thread 0x00000000179eb000 nmethod 1499 0x00000000031f0790 code [0x00000000031f08e0, 0x00000000031f0a30]
Event: 9.315 Thread 0x00000000179eb000 1500       3       java.lang.ClassLoader::addClass (9 bytes)
Event: 9.315 Thread 0x00000000179eb000 nmethod 1500 0x00000000031f0a90 code [0x00000000031f0c00, 0x00000000031f0e28]

GC Heap History (10 events):
Event: 3.743 GC heap before
{Heap before GC invocations=3 (full 0):
 PSYoungGen      total 18944K, used 18937K [0x00000000e0000000, 0x00000000e1500000, 0x0000000100000000)
  eden space 16384K, 100% used [0x00000000e0000000,0x00000000e1000000,0x00000000e1000000)
  from space 2560K, 99% used [0x00000000e1280000,0x00000000e14fe6c8,0x00000000e1500000)
  to   space 2560K, 0% used [0x00000000e1000000,0x00000000e1000000,0x00000000e1280000)
 ParOldGen       total 44032K, used 1108K [0x00000000a0000000, 0x00000000a2b00000, 0x00000000e0000000)
  object space 44032K, 2% used [0x00000000a0000000,0x00000000a0115290,0x00000000a2b00000)
 Metaspace       used 7207K, capacity 7538K, committed 7680K, reserved 1056768K
  class space    used 875K, capacity 982K, committed 1024K, reserved 1048576K
Event: 3.749 GC heap after
Heap after GC invocations=3 (full 0):
 PSYoungGen      total 18944K, used 2536K [0x00000000e0000000, 0x00000000e1500000, 0x0000000100000000)
  eden space 16384K, 0% used [0x00000000e0000000,0x00000000e0000000,0x00000000e1000000)
  from space 2560K, 99% used [0x00000000e1000000,0x00000000e127a040,0x00000000e1280000)
  to   space 2560K, 0% used [0x00000000e1280000,0x00000000e1280000,0x00000000e1500000)
 ParOldGen       total 44032K, used 1658K [0x00000000a0000000, 0x00000000a2b00000, 0x00000000e0000000)
  object space 44032K, 3% used [0x00000000a0000000,0x00000000a019e9b8,0x00000000a2b00000)
 Metaspace       used 7207K, capacity 7538K, committed 7680K, reserved 1056768K
  class space    used 875K, capacity 982K, committed 1024K, reserved 1048576K
}
Event: 4.159 GC heap before
{Heap before GC invocations=4 (full 0):
 PSYoungGen      total 18944K, used 18920K [0x00000000e0000000, 0x00000000e1500000, 0x0000000100000000)
  eden space 16384K, 100% used [0x00000000e0000000,0x00000000e1000000,0x00000000e1000000)
  from space 2560K, 99% used [0x00000000e1000000,0x00000000e127a040,0x00000000e1280000)
  to   space 2560K, 0% used [0x00000000e1280000,0x00000000e1280000,0x00000000e1500000)
 ParOldGen       total 44032K, used 1658K [0x00000000a0000000, 0x00000000a2b00000, 0x00000000e0000000)
  object space 44032K, 3% used [0x00000000a0000000,0x00000000a019e9b8,0x00000000a2b00000)
 Metaspace       used 8694K, capacity 9014K, committed 9216K, reserved 1056768K
  class space    used 1112K, capacity 1177K, committed 1280K, reserved 1048576K
Event: 4.166 GC heap after
Heap after GC invocations=4 (full 0):
 PSYoungGen      total 18944K, used 2536K [0x00000000e0000000, 0x00000000e1500000, 0x0000000100000000)
  eden space 16384K, 0% used [0x00000000e0000000,0x00000000e0000000,0x00000000e1000000)
  from space 2560K, 99% used [0x00000000e1280000,0x00000000e14fa020,0x00000000e1500000)
  to   space 2560K, 0% used [0x00000000e1000000,0x00000000e1000000,0x00000000e1280000)
 ParOldGen       total 44032K, used 3150K [0x00000000a0000000, 0x00000000a2b00000, 0x00000000e0000000)
  object space 44032K, 7% used [0x00000000a0000000,0x00000000a0313bc0,0x00000000a2b00000)
 Metaspace       used 8694K, capacity 9014K, committed 9216K, reserved 1056768K
  class space    used 1112K, capacity 1177K, committed 1280K, reserved 1048576K
}
Event: 7.842 GC heap before
{Heap before GC invocations=5 (full 0):
 PSYoungGen      total 18944K, used 18920K [0x00000000e0000000, 0x00000000e1500000, 0x0000000100000000)
  eden space 16384K, 100% used [0x00000000e0000000,0x00000000e1000000,0x00000000e1000000)
  from space 2560K, 99% used [0x00000000e1280000,0x00000000e14fa020,0x00000000e1500000)
  to   space 2560K, 0% used [0x00000000e1000000,0x00000000e1000000,0x00000000e1280000)
 ParOldGen       total 44032K, used 3150K [0x00000000a0000000, 0x00000000a2b00000, 0x00000000e0000000)
  object space 44032K, 7% used [0x00000000a0000000,0x00000000a0313bc0,0x00000000a2b00000)
 Metaspace       used 12221K, capacity 12646K, committed 12800K, reserved 1060864K
  class space    used 1627K, capacity 1743K, committed 1792K, reserved 1048576K
Event: 7.853 GC heap after
Heap after GC invocations=5 (full 0):
 PSYoungGen      total 18944K, used 2552K [0x00000000e0000000, 0x00000000e1a00000, 0x0000000100000000)
  eden space 16384K, 0% used [0x00000000e0000000,0x00000000e0000000,0x00000000e1000000)
  from space 2560K, 99% used [0x00000000e1000000,0x00000000e127e010,0x00000000e1280000)
  to   space 5120K, 0% used [0x00000000e1500000,0x00000000e1500000,0x00000000e1a00000)
 ParOldGen       total 44032K, used 5464K [0x00000000a0000000, 0x00000000a2b00000, 0x00000000e0000000)
  object space 44032K, 12% used [0x00000000a0000000,0x00000000a0556160,0x00000000a2b00000)
 Metaspace       used 12221K, capacity 12646K, committed 12800K, reserved 1060864K
  class space    used 1627K, capacity 1743K, committed 1792K, reserved 1048576K
}
Event: 8.352 GC heap before
{Heap before GC invocations=6 (full 0):
 PSYoungGen      total 18944K, used 18936K [0x00000000e0000000, 0x00000000e1a00000, 0x0000000100000000)
  eden space 16384K, 100% used [0x00000000e0000000,0x00000000e1000000,0x00000000e1000000)
  from space 2560K, 99% used [0x00000000e1000000,0x00000000e127e010,0x00000000e1280000)
  to   space 5120K, 0% used [0x00000000e1500000,0x00000000e1500000,0x00000000e1a00000)
 ParOldGen       total 44032K, used 5464K [0x00000000a0000000, 0x00000000a2b00000, 0x00000000e0000000)
  object space 44032K, 12% used [0x00000000a0000000,0x00000000a0556160,0x00000000a2b00000)
 Metaspace       used 13326K, capacity 13772K, committed 14080K, reserved 1060864K
  class space    used 1826K, capacity 1970K, committed 2048K, reserved 1048576K
Event: 8.361 GC heap after
Heap after GC invocations=6 (full 0):
 PSYoungGen      total 21504K, used 4247K [0x00000000e0000000, 0x00000000e1a00000, 0x0000000100000000)
  eden space 16384K, 0% used [0x00000000e0000000,0x00000000e0000000,0x00000000e1000000)
  from space 5120K, 82% used [0x00000000e1500000,0x00000000e1925f98,0x00000000e1a00000)
  to   space 5120K, 0% used [0x00000000e1000000,0x00000000e1000000,0x00000000e1500000)
 ParOldGen       total 44032K, used 5464K [0x00000000a0000000, 0x00000000a2b00000, 0x00000000e0000000)
  object space 44032K, 12% used [0x00000000a0000000,0x00000000a0556160,0x00000000a2b00000)
 Metaspace       used 13326K, capacity 13772K, committed 14080K, reserved 1060864K
  class space    used 1826K, capacity 1970K, committed 2048K, reserved 1048576K
}
Event: 8.949 GC heap before
{Heap before GC invocations=7 (full 0):
 PSYoungGen      total 21504K, used 20631K [0x00000000e0000000, 0x00000000e1a00000, 0x0000000100000000)
  eden space 16384K, 100% used [0x00000000e0000000,0x00000000e1000000,0x00000000e1000000)
  from space 5120K, 82% used [0x00000000e1500000,0x00000000e1925f98,0x00000000e1a00000)
  to   space 5120K, 0% used [0x00000000e1000000,0x00000000e1000000,0x00000000e1500000)
 ParOldGen       total 44032K, used 5464K [0x00000000a0000000, 0x00000000a2b00000, 0x00000000e0000000)
  object space 44032K, 12% used [0x00000000a0000000,0x00000000a0556160,0x00000000a2b00000)
 Metaspace       used 14518K, capacity 14990K, committed 15232K, reserved 1062912K
  class space    used 2033K, capacity 2163K, committed 2176K, reserved 1048576K
Event: 8.966 GC heap after
Heap after GC invocations=7 (full 0):
 PSYoungGen      total 21504K, used 3779K [0x00000000e0000000, 0x00000000e1a00000, 0x0000000100000000)
  eden space 16384K, 0% used [0x00000000e0000000,0x00000000e0000000,0x00000000e1000000)
  from space 5120K, 73% used [0x00000000e1000000,0x00000000e13b0d40,0x00000000e1500000)
  to   space 5120K, 0% used [0x00000000e1500000,0x00000000e1500000,0x00000000e1a00000)
 ParOldGen       total 44032K, used 6397K [0x00000000a0000000, 0x00000000a2b00000, 0x00000000e0000000)
  object space 44032K, 14% used [0x00000000a0000000,0x00000000a063f5c8,0x00000000a2b00000)
 Metaspace       used 14518K, capacity 14990K, committed 15232K, reserved 1062912K
  class space    used 2033K, capacity 2163K, committed 2176K, reserved 1048576K
}

Deoptimization events (10 events):
Event: 7.761 Thread 0x0000000018a9f000 Uncommon trap: reason=bimorphic action=maybe_recompile pc=0x0000000002f3ae1c method=java.util.HashMap.putVal(ILjava/lang/Object;Ljava/lang/Object;ZZ)Ljava/lang/Object; @ 253
Event: 7.761 Thread 0x0000000018a9f000 Uncommon trap: reason=bimorphic action=maybe_recompile pc=0x0000000002f3ae1c method=java.util.HashMap.putVal(ILjava/lang/Object;Ljava/lang/Object;ZZ)Ljava/lang/Object; @ 253
Event: 7.761 Thread 0x0000000018a9f000 Uncommon trap: reason=bimorphic action=maybe_recompile pc=0x0000000002f3ae1c method=java.util.HashMap.putVal(ILjava/lang/Object;Ljava/lang/Object;ZZ)Ljava/lang/Object; @ 253
Event: 7.761 Thread 0x0000000018a9f000 Uncommon trap: reason=bimorphic action=maybe_recompile pc=0x0000000002f3ae1c method=java.util.HashMap.putVal(ILjava/lang/Object;Ljava/lang/Object;ZZ)Ljava/lang/Object; @ 253
Event: 7.762 Thread 0x0000000018a9f000 Uncommon trap: reason=bimorphic action=maybe_recompile pc=0x0000000002f32dd8 method=java.util.HashMap.putVal(ILjava/lang/Object;Ljava/lang/Object;ZZ)Ljava/lang/Object; @ 253
Event: 8.376 Thread 0x0000000018a9f000 Uncommon trap: reason=class_check action=maybe_recompile pc=0x0000000002f9e758 method=java.util.regex.Matcher.match(II)Z @ 86
Event: 8.397 Thread 0x0000000018a9f000 Uncommon trap: reason=class_check action=maybe_recompile pc=0x0000000002f9e758 method=java.util.regex.Matcher.match(II)Z @ 86
Event: 8.398 Thread 0x0000000018a9f000 Uncommon trap: reason=class_check action=maybe_recompile pc=0x0000000002f9e758 method=java.util.regex.Matcher.match(II)Z @ 86
Event: 8.399 Thread 0x0000000018a9f000 Uncommon trap: reason=class_check action=maybe_recompile pc=0x0000000002f5a31c method=java.util.regex.Matcher.match(II)Z @ 86
Event: 9.316 Thread 0x0000000018a9f000 Uncommon trap: reason=unstable_if action=reinterpret pc=0x0000000003097734 method=java.lang.String.lastIndexOf([CII[CIII)I @ 66

Classes redefined (0 events):
No events

Internal exceptions (10 events):
Event: 7.615 Thread 0x0000000018ad8800 Exception <a 'java/lang/NoSuchMethodError': <clinit>> (0x00000000e0b4eb68) thrown at [D:\src\AOSP-openjdk-cygwin\jdk8u\hotspot\src\share\vm\prims\jni.cpp, line 1614]
Event: 7.623 Thread 0x0000000018ad8800 Exception <a 'java/lang/NoSuchMethodError': <clinit>> (0x00000000e0b61eb8) thrown at [D:\src\AOSP-openjdk-cygwin\jdk8u\hotspot\src\share\vm\prims\jni.cpp, line 1614]
Event: 7.630 Thread 0x0000000018ad8800 Exception <a 'java/lang/NoSuchMethodError': <clinit>> (0x00000000e0b89450) thrown at [D:\src\AOSP-openjdk-cygwin\jdk8u\hotspot\src\share\vm\prims\jni.cpp, line 1614]
Event: 7.635 Thread 0x0000000018ad8800 Exception <a 'java/lang/NoSuchMethodError': <clinit>> (0x00000000e0ba1548) thrown at [D:\src\AOSP-openjdk-cygwin\jdk8u\hotspot\src\share\vm\prims\jni.cpp, line 1614]
Event: 7.637 Thread 0x0000000018ad8800 Exception <a 'java/lang/NoSuchMethodError': <clinit>> (0x00000000e0baa1d8) thrown at [D:\src\AOSP-openjdk-cygwin\jdk8u\hotspot\src\share\vm\prims\jni.cpp, line 1614]
Event: 7.641 Thread 0x0000000018ad8800 Exception <a 'java/lang/NoSuchMethodError': <clinit>> (0x00000000e0bc0868) thrown at [D:\src\AOSP-openjdk-cygwin\jdk8u\hotspot\src\share\vm\prims\jni.cpp, line 1614]
Event: 7.664 Thread 0x0000000018ad8800 Exception <a 'java/lang/NoSuchMethodError': <clinit>> (0x00000000e0c20a38) thrown at [D:\src\AOSP-openjdk-cygwin\jdk8u\hotspot\src\share\vm\prims\jni.cpp, line 1614]
Event: 7.688 Thread 0x0000000018ad8800 Exception <a 'java/lang/NoSuchMethodError': <clinit>> (0x00000000e0c4d838) thrown at [D:\src\AOSP-openjdk-cygwin\jdk8u\hotspot\src\share\vm\prims\jni.cpp, line 1614]
Event: 7.697 Thread 0x0000000018ad8800 Exception <a 'java/lang/NoSuchMethodError': <clinit>> (0x00000000e0c7bee8) thrown at [D:\src\AOSP-openjdk-cygwin\jdk8u\hotspot\src\share\vm\prims\jni.cpp, line 1614]
Event: 7.705 Thread 0x0000000018ad8800 Exception <a 'java/lang/NoSuchMethodError': <clinit>> (0x00000000e0c871e8) thrown at [D:\src\AOSP-openjdk-cygwin\jdk8u\hotspot\src\share\vm\prims\jni.cpp, line 1614]

Events (10 events):
Event: 9.333 loading class com/google/common/io/CharStreams
Event: 9.333 loading class com/google/common/io/CharStreams done
Event: 9.334 loading class com/google/common/io/CharStreams$NullWriter
Event: 9.334 loading class com/google/common/io/CharStreams$NullWriter done
Event: 9.334 loading class com/google/common/io/AppendableWriter
Event: 9.334 loading class com/google/common/io/AppendableWriter done
Event: 9.334 loading class com/google/common/io/LineReader
Event: 9.334 loading class com/google/common/io/LineReader done
Event: 9.337 loading class com/google/common/io/LineBuffer
Event: 9.337 loading class com/google/common/io/LineBuffer done


Dynamic libraries:
0x00007ff7dd870000 - 0x00007ff7dd8a1000 	E:\android_workspace\jre\bin\java.exe
0x00007ffb30e00000 - 0x00007ffb30fe1000 	C:\WINDOWS\SYSTEM32\ntdll.dll
0x00007ffb30400000 - 0x00007ffb304b1000 	C:\WINDOWS\System32\KERNEL32.DLL
0x00007ffb2d780000 - 0x00007ffb2d9f3000 	C:\WINDOWS\System32\KERNELBASE.dll
0x00007ffb2f730000 - 0x00007ffb2f7d1000 	C:\WINDOWS\System32\ADVAPI32.dll
0x00007ffb2f7e0000 - 0x00007ffb2f87e000 	C:\WINDOWS\System32\msvcrt.dll
0x00007ffb2e280000 - 0x00007ffb2e2db000 	C:\WINDOWS\System32\sechost.dll
0x00007ffb2f880000 - 0x00007ffb2f9a4000 	C:\WINDOWS\System32\RPCRT4.dll
0x00007ffb30240000 - 0x00007ffb303d1000 	C:\WINDOWS\System32\USER32.dll
0x00007ffb2d5c0000 - 0x00007ffb2d5e0000 	C:\WINDOWS\System32\win32u.dll
0x00007ffb30c40000 - 0x00007ffb30c68000 	C:\WINDOWS\System32\GDI32.dll
0x00007ffb2d1b0000 - 0x00007ffb2d341000 	C:\WINDOWS\System32\gdi32full.dll
0x00007ffb2d5e0000 - 0x00007ffb2d67f000 	C:\WINDOWS\System32\msvcp_win.dll
0x00007ffb2da00000 - 0x00007ffb2daf8000 	C:\WINDOWS\System32\ucrtbase.dll
0x00007ffb21d20000 - 0x00007ffb21f89000 	C:\WINDOWS\WinSxS\amd64_microsoft.windows.common-controls_6595b64144ccf1df_6.0.17134.1184_none_d403e8b37c8ca406\COMCTL32.dll
0x00007ffb304c0000 - 0x00007ffb307e1000 	C:\WINDOWS\System32\combase.dll
0x00007ffb2d540000 - 0x00007ffb2d5b9000 	C:\WINDOWS\System32\bcryptPrimitives.dll
0x00007ffb300e0000 - 0x00007ffb3010d000 	C:\WINDOWS\System32\IMM32.DLL
0x000000005d390000 - 0x000000005d462000 	E:\android_workspace\jre\jre\bin\msvcr100.dll
0x000000005d470000 - 0x000000005dcb6000 	E:\android_workspace\jre\jre\bin\server\jvm.dll
0x00007ffb2fb50000 - 0x00007ffb2fb58000 	C:\WINDOWS\System32\PSAPI.DLL
0x00007ffb29ff0000 - 0x00007ffb29ff9000 	C:\WINDOWS\SYSTEM32\WSOCK32.dll
0x00007ffb29f10000 - 0x00007ffb29f33000 	C:\WINDOWS\SYSTEM32\WINMM.dll
0x00007ffb1cb60000 - 0x00007ffb1cb6a000 	C:\WINDOWS\SYSTEM32\VERSION.dll
0x00007ffb30070000 - 0x00007ffb300dc000 	C:\WINDOWS\System32\WS2_32.dll
0x00007ffb29ee0000 - 0x00007ffb29f0a000 	C:\WINDOWS\SYSTEM32\winmmbase.dll
0x00007ffb2d680000 - 0x00007ffb2d6c9000 	C:\WINDOWS\System32\cfgmgr32.dll
0x00007ffb27690000 - 0x00007ffb2769f000 	E:\android_workspace\jre\jre\bin\verify.dll
0x00007ffb1e290000 - 0x00007ffb1e2b9000 	E:\android_workspace\jre\jre\bin\java.dll
0x00007ffb21220000 - 0x00007ffb21236000 	E:\android_workspace\jre\jre\bin\zip.dll
0x00007ffb2e2e0000 - 0x00007ffb2f725000 	C:\WINDOWS\System32\SHELL32.dll
0x00007ffb2f9b0000 - 0x00007ffb2fa59000 	C:\WINDOWS\System32\shcore.dll
0x00007ffb2db00000 - 0x00007ffb2e210000 	C:\WINDOWS\System32\windows.storage.dll
0x00007ffb2fb60000 - 0x00007ffb2fbb1000 	C:\WINDOWS\System32\shlwapi.dll
0x00007ffb2d120000 - 0x00007ffb2d131000 	C:\WINDOWS\System32\kernel.appcore.dll
0x00007ffb2d190000 - 0x00007ffb2d1af000 	C:\WINDOWS\System32\profapi.dll
0x00007ffb2d140000 - 0x00007ffb2d18c000 	C:\WINDOWS\System32\powrprof.dll
0x00007ffb2d0f0000 - 0x00007ffb2d0fa000 	C:\WINDOWS\System32\FLTLIB.DLL
0x00007ffb20160000 - 0x00007ffb2017a000 	E:\android_workspace\jre\jre\bin\net.dll
0x00007ffb2c950000 - 0x00007ffb2c9b6000 	C:\WINDOWS\system32\mswsock.dll
0x00007ffb1fe00000 - 0x00007ffb1fe11000 	E:\android_workspace\jre\jre\bin\nio.dll
0x00007ffb1e400000 - 0x00007ffb1e426000 	C:\Users\Administrator\.gradle\native\29\windows-amd64\native-platform.dll
0x00007ffb264c0000 - 0x00007ffb264cd000 	E:\android_workspace\jre\jre\bin\management.dll
0x00007ffb2cb00000 - 0x00007ffb2cb17000 	C:\WINDOWS\SYSTEM32\CRYPTSP.dll
0x00007ffb2c500000 - 0x00007ffb2c533000 	C:\WINDOWS\system32\rsaenh.dll
0x00007ffb2cc30000 - 0x00007ffb2cc55000 	C:\WINDOWS\SYSTEM32\bcrypt.dll
0x00007ffb2cff0000 - 0x00007ffb2d018000 	C:\WINDOWS\SYSTEM32\USERENV.dll
0x00007ffb2cb20000 - 0x00007ffb2cb2b000 	C:\WINDOWS\SYSTEM32\CRYPTBASE.dll
0x00007ffb2c6a0000 - 0x00007ffb2c6d8000 	C:\WINDOWS\SYSTEM32\IPHLPAPI.DLL
0x00007ffb2e270000 - 0x00007ffb2e278000 	C:\WINDOWS\System32\NSI.dll
0x00007ffb227f0000 - 0x00007ffb22806000 	C:\WINDOWS\SYSTEM32\dhcpcsvc6.DLL
0x00007ffb24c70000 - 0x00007ffb24c8a000 	C:\WINDOWS\SYSTEM32\dhcpcsvc.DLL

VM Arguments:
jvm_args: -Xmx1536m -Dfile.encoding=GBK -Duser.country=CN -Duser.language=zh -Duser.variant 
java_command: org.gradle.launcher.daemon.bootstrap.GradleDaemon 5.4.1
java_class_path (initial): C:\Users\Administrator\.gradle\wrapper\dists\gradle-5.4.1-all\3221gyojl5jsh0helicew7rwx\gradle-5.4.1\lib\gradle-launcher-5.4.1.jar
Launcher Type: SUN_STANDARD

Environment Variables:
PATH=C:\Program Files (x86)\NetSarang\Xshell 6\;C:\Program Files (x86)\Common Files\Oracle\Java\javapath;C:\Program Files (x86)\Java\jdk1.8.0_171\bin;C:\WINDOWS\system32;C:\WINDOWS;C:\WINDOWS\System32\Wbem;C:\WINDOWS\System32\WindowsPowerShell\v1.0\;"E:\android_SDK\platform-tools;E:\android_SDK\tools";C:\Users\Administrator\AppData\Local\Android\Sdk\platform-tools;"C:\Program Files\Git\bin;C:\Program Files\Git\cmd";C:\Users\Administrator\AppData\Local\Programs\Python\Python36-32\;C:\Program Files\Mozilla Firefox;D:\软件安装\;D:\软件安装\Microsoft VS Code\bin;C:\WINDOWS\System32\OpenSSH\;C:\Program Files\nodejs;E:\Blog\node_modules\.bin;C:\Program Files\nodejs\;D:\MySQL\mysql-5.7.25-winx64\bin;E:\android_SDK;C:\Program Files\dotnet\;C:\Users\Administrator\AppData\Local\Programs\Python\Python37\Scripts\;C:\Users\Administrator\AppData\Local\Programs\Python\Python37\;C:\Users\Administrator\AppData\Local\Programs\Python\Python36-32\Scripts\;C:\Users\Administrator\AppData\Local\Programs\Python\Python36-32\;C:\Users\Administrator\AppData\Local\Microsoft\WindowsApps;C:\Program Files\Git\cmd;C:\Users\Administrator\AppData\Local\Microsoft\WindowsApps;C:\Program Files\nodejs;C:\Users\Administrator\AppData\Roaming\npm;C:\Users\Administrator\.dotnet\tools
USERNAME=斗酒相逢
OS=Windows_NT
PROCESSOR_IDENTIFIER=Intel64 Family 6 Model 69 Stepping 1, GenuineIntel



---------------  S Y S T E M  ---------------

OS: Windows 10.0 , 64 bit Build 17134 (10.0.17134.753)

CPU:total 4 (initial active 4) (2 cores per cpu, 2 threads per core) family 6 model 69 stepping 1, cmov, cx8, fxsr, mmx, sse, sse2, sse3, ssse3, sse4.1, sse4.2, popcnt, avx, avx2, aes, clmul, erms, lzcnt, ht, tsc, tscinvbit, bmi1, bmi2

Memory: 4k page, physical 4088172k(550196k free), swap 8151528k(196k free)

vm_info: OpenJDK 64-Bit Server VM (25.202-b03) for windows-amd64 JRE (1.8.0_202-release-1483-b03), built by "builder" with MS VC++ 10.0 (VS2010)

time: Sun Mar 22 16:08:35 2020
timezone: 中国标准时间
elapsed time: 9 seconds (0d 0h 0m 9s)

