#
# There is insufficient memory for the Java Runtime Environment to continue.
# Native memory allocation (malloc) failed to allocate 2158896 bytes for Chunk::new
# Possible reasons:
#   The system is out of physical RAM or swap space
#   The process is running with CompressedOops enabled, and the Java Heap may be blocking the growth of the native heap
# Possible solutions:
#   Reduce memory load on the system
#   Increase physical memory or swap space
#   Check if swap backing store is full
#   Decrease Java heap size (-Xmx/-Xms)
#   Decrease number of Java threads
#   Decrease Java thread stack sizes (-Xss)
#   Set larger code cache with -XX:ReservedCodeCacheSize=
#   JVM is running with Unscaled Compressed Oops mode in which the Java heap is
#     placed in the first 4GB address space. The Java Heap base address is the
#     maximum limit for the native heap growth. Please use -XX:HeapBaseMinAddress
#     to set the Java Heap base and to place the Java Heap above 4GB virtual address.
# This output file may be truncated or incomplete.
#
#  Out of Memory Error (allocation.cpp:389), pid=14572, tid=0x0000000000001164
#
# JRE version: OpenJDK Runtime Environment (8.0_202-b03) (build 1.8.0_202-release-1483-b03)
# Java VM: OpenJDK 64-Bit Server VM (25.202-b03 mixed mode windows-amd64 compressed oops)
# Failed to write core dump. Minidumps are not enabled by default on client versions of Windows
#

---------------  T H R E A D  ---------------

Current thread (0x000000001655e800):  JavaThread "C2 CompilerThread0" daemon [_thread_in_native, id=4452, stack(0x0000000017e50000,0x0000000017f50000)]

Stack: [0x0000000017e50000,0x0000000017f50000]
[error occurred during error reporting (printing stack bounds), id 0xc0000005]

Native frames: (J=compiled Java code, j=interpreted, Vv=VM code, C=native code)


Current CompileTask:
C2:  18719 2326   !   4       java.net.URLClassLoader$1::run (63 bytes)


---------------  P R O C E S S  ---------------

Java Threads: ( => current thread )
  0x000000001a1cf800 JavaThread "Cache worker for execution history cache (C:\Users\Administrator\.gradle\caches\5.4.1\executionHistory)" [_thread_blocked, id=15836, stack(0x000000001fc80000,0x000000001fd80000)]
  0x000000001a1d5800 JavaThread "Cache worker for cache directory md-rule (C:\Users\Administrator\.gradle\caches\5.4.1\md-rule)" [_thread_blocked, id=14412, stack(0x000000001fb80000,0x000000001fc80000)]
  0x000000001a1ce000 JavaThread "Cache worker for cache directory md-supplier (C:\Users\Administrator\.gradle\caches\5.4.1\md-supplier)" [_thread_blocked, id=5412, stack(0x000000001fa80000,0x000000001fb80000)]
  0x0000000018714000 JavaThread "Cache worker for file hash cache (E:\ReHut\.gradle\5.4.1\fileHashes)" [_thread_blocked, id=2132, stack(0x000000001e160000,0x000000001e260000)]
  0x000000001870e000 JavaThread "Cache worker for journal cache (C:\Users\Administrator\.gradle\caches\journal-1)" [_thread_blocked, id=204, stack(0x000000001bec0000,0x000000001bfc0000)]
  0x0000000018711000 JavaThread "File lock request listener" [_thread_in_native, id=17632, stack(0x000000001bcc0000,0x000000001bdc0000)]
  0x000000001870f800 JavaThread "Cache worker for file hash cache (C:\Users\Administrator\.gradle\caches\5.4.1\fileHashes)" [_thread_blocked, id=13992, stack(0x000000001b9c0000,0x000000001bac0000)]
  0x0000000018e2b000 JavaThread "Thread-9" [_thread_blocked, id=18144, stack(0x000000001b8c0000,0x000000001b9c0000)]
  0x000000001883a000 JavaThread "Stdin handler" [_thread_blocked, id=19904, stack(0x000000001b7c0000,0x000000001b8c0000)]
  0x0000000018839800 JavaThread "Asynchronous log dispatcher for DefaultDaemonConnection: socket connection from /127.0.0.1:49353 to /127.0.0.1:49354" [_thread_blocked, id=20672, stack(0x000000001b6c0000,0x000000001b7c0000)]
  0x0000000018f24000 JavaThread "Daemon worker" [_thread_in_vm, id=16716, stack(0x000000001b5c0000,0x000000001b6c0000)]
  0x0000000018f23000 JavaThread "Cancel handler" [_thread_blocked, id=1912, stack(0x000000001b4c0000,0x000000001b5c0000)]
  0x0000000017ab9000 JavaThread "Handler for socket connection from /127.0.0.1:49353 to /127.0.0.1:49354" [_thread_in_native, id=3428, stack(0x000000001b1c0000,0x000000001b2c0000)]
  0x0000000017aaa800 JavaThread "Daemon periodic checks" [_thread_blocked, id=18956, stack(0x000000001b0c0000,0x000000001b1c0000)]
  0x0000000017aa6800 JavaThread "Daemon" [_thread_blocked, id=14504, stack(0x000000001afc0000,0x000000001b0c0000)]
  0x0000000018fa1800 JavaThread "Incoming local TCP Connector on port 49353" [_thread_in_native, id=12732, stack(0x000000001ae10000,0x000000001af10000)]
  0x0000000018dd0800 JavaThread "Daemon health stats" [_thread_blocked, id=20016, stack(0x0000000019b20000,0x0000000019c20000)]
  0x00000000178e4000 JavaThread "Service Thread" daemon [_thread_blocked, id=8104, stack(0x0000000018150000,0x0000000018250000)]
  0x0000000016510000 JavaThread "C1 CompilerThread2" daemon [_thread_blocked, id=15092, stack(0x0000000018050000,0x0000000018150000)]
  0x000000001650c000 JavaThread "C2 CompilerThread1" daemon [_thread_in_native, id=14360, stack(0x0000000017f50000,0x0000000018050000)]
=>0x000000001655e800 JavaThread "C2 CompilerThread0" daemon [_thread_in_native, id=4452, stack(0x0000000017e50000,0x0000000017f50000)]
  0x00000000164f7800 JavaThread "Attach Listener" daemon [_thread_blocked, id=14548, stack(0x0000000017d50000,0x0000000017e50000)]
  0x0000000017860800 JavaThread "Signal Dispatcher" daemon [_thread_blocked, id=15768, stack(0x0000000017c50000,0x0000000017d50000)]
  0x0000000002b8a800 JavaThread "Finalizer" daemon [_thread_blocked, id=11268, stack(0x0000000017750000,0x0000000017850000)]
  0x0000000002b82000 JavaThread "Reference Handler" daemon [_thread_blocked, id=1852, stack(0x0000000017650000,0x0000000017750000)]
  0x000000000298e000 JavaThread "main" [_thread_blocked, id=17572, stack(0x0000000002990000,0x0000000002a90000)]

Other Threads:
  0x00000000164c6800 VMThread [stack: 0x0000000017550000,0x0000000017650000] [id=13176]
  0x00000000178e4800 WatcherThread [stack: 0x0000000018250000,0x0000000018350000] [id=20188]

VM state:at safepoint (normal execution)

VM Mutex/Monitor currently owned by a thread:  ([mutex/lock_event])
[0x000000000298d040] Threads_lock - owner thread: 0x0000000000000000

heap address: 0x00000000a0000000, size: 1536 MB, Compressed Oops mode: 32-bit
Narrow klass base: 0x0000000000000000, Narrow klass shift: 3
Compressed class space size: 1073741824 Address: 0x0000000100000000

Heap:
 PSYoungGen      total 58368K, used 37484K [0x00000000e0000000, 0x00000000e5900000, 0x0000000100000000)
  eden space 52736K, 60% used [0x00000000e0000000,0x00000000e1f1c7b0,0x00000000e3380000)
  from space 5632K, 99% used [0x00000000e3380000,0x00000000e38fe860,0x00000000e3900000)
  to   space 6656K, 0% used [0x00000000e5280000,0x00000000e5280000,0x00000000e5900000)
 ParOldGen       total 31232K, used 9841K [0x00000000a0000000, 0x00000000a1e80000, 0x00000000e0000000)
  object space 31232K, 31% used [0x00000000a0000000,0x00000000a099c648,0x00000000a1e80000)
 Metaspace       used 29661K, capacity 30260K, committed 30464K, reserved 1075200K
  class space    used 4096K, capacity 4293K, committed 4352K, reserved 1048576K

Card table byte_map: [0x0000000011f50000,0x0000000012260000] byte_map_base: 0x0000000011a50000

Marking Bits: (ParMarkBitMap*) 0x000000005dc39f30
 Begin Bits: [0x0000000012860000, 0x0000000014060000)
 End Bits:   [0x0000000014060000, 0x0000000015860000)

Polling page: 0x0000000000d70000

CodeCache: size=245760Kb used=8231Kb max_used=8231Kb free=237529Kb
 bounds [0x0000000002b90000, 0x00000000033a0000, 0x0000000011b90000]
 total_blobs=2846 nmethods=2171 adapters=588
 compilation: enabled

Compilation events (10 events):
Event: 18.703 Thread 0x0000000016510000 2348       3       sun.reflect.generics.reflectiveObjects.ParameterizedTypeImpl::<init> (35 bytes)
Event: 18.703 Thread 0x0000000016510000 nmethod 2348 0x000000000339bfd0 code [0x000000000339c180, 0x000000000339c718]
Event: 18.704 Thread 0x0000000016510000 2349       1       java.lang.reflect.Constructor::getSignature (5 bytes)
Event: 18.704 Thread 0x0000000016510000 nmethod 2349 0x000000000339c9d0 code [0x000000000339cb20, 0x000000000339cc30]
Event: 18.704 Thread 0x0000000016510000 2347       1       com.google.common.collect.AbstractMapBasedMultimap::access$000 (5 bytes)
Event: 18.704 Thread 0x0000000016510000 nmethod 2347 0x000000000339cc90 code [0x000000000339cde0, 0x000000000339ced0]
Event: 18.707 Thread 0x0000000016510000 2351       3       java.lang.ThreadLocal$ThreadLocalMap::set (136 bytes)
Event: 18.709 Thread 0x0000000016510000 nmethod 2351 0x000000000339cf50 code [0x000000000339d160, 0x000000000339dc28]
Event: 18.709 Thread 0x0000000016510000 2350       3       java.lang.ThreadLocal$ThreadLocalMap::access$100 (7 bytes)
Event: 18.709 Thread 0x0000000016510000 nmethod 2350 0x000000000339e1d0 code [0x000000000339e340, 0x000000000339e4a8]

GC Heap History (10 events):
Event: 10.927 GC heap before
{Heap before GC invocations=8 (full 0):
 PSYoungGen      total 21504K, used 20024K [0x00000000e0000000, 0x00000000e2a00000, 0x0000000100000000)
  eden space 16384K, 100% used [0x00000000e0000000,0x00000000e1000000,0x00000000e1000000)
  from space 5120K, 71% used [0x00000000e1000000,0x00000000e138e298,0x00000000e1500000)
  to   space 5120K, 0% used [0x00000000e2500000,0x00000000e2500000,0x00000000e2a00000)
 ParOldGen       total 44032K, used 6585K [0x00000000a0000000, 0x00000000a2b00000, 0x00000000e0000000)
  object space 44032K, 14% used [0x00000000a0000000,0x00000000a066e798,0x00000000a2b00000)
 Metaspace       used 16095K, capacity 16536K, committed 16768K, reserved 1062912K
  class space    used 2282K, capacity 2428K, committed 2432K, reserved 1048576K
Event: 10.943 GC heap after
Heap after GC invocations=8 (full 0):
 PSYoungGen      total 37888K, used 3595K [0x00000000e0000000, 0x00000000e2a00000, 0x0000000100000000)
  eden space 32768K, 0% used [0x00000000e0000000,0x00000000e0000000,0x00000000e2000000)
  from space 5120K, 70% used [0x00000000e2500000,0x00000000e2882ca8,0x00000000e2a00000)
  to   space 5120K, 0% used [0x00000000e2000000,0x00000000e2000000,0x00000000e2500000)
 ParOldGen       total 44032K, used 7393K [0x00000000a0000000, 0x00000000a2b00000, 0x00000000e0000000)
  object space 44032K, 16% used [0x00000000a0000000,0x00000000a07387b8,0x00000000a2b00000)
 Metaspace       used 16095K, capacity 16536K, committed 16768K, reserved 1062912K
  class space    used 2282K, capacity 2428K, committed 2432K, reserved 1048576K
}
Event: 15.273 GC heap before
{Heap before GC invocations=9 (full 0):
 PSYoungGen      total 37888K, used 36363K [0x00000000e0000000, 0x00000000e2a00000, 0x0000000100000000)
  eden space 32768K, 100% used [0x00000000e0000000,0x00000000e2000000,0x00000000e2000000)
  from space 5120K, 70% used [0x00000000e2500000,0x00000000e2882ca8,0x00000000e2a00000)
  to   space 5120K, 0% used [0x00000000e2000000,0x00000000e2000000,0x00000000e2500000)
 ParOldGen       total 44032K, used 7393K [0x00000000a0000000, 0x00000000a2b00000, 0x00000000e0000000)
  object space 44032K, 16% used [0x00000000a0000000,0x00000000a07387b8,0x00000000a2b00000)
 Metaspace       used 19069K, capacity 19640K, committed 19840K, reserved 1067008K
  class space    used 2748K, capacity 2934K, committed 2944K, reserved 1048576K
Event: 15.288 GC heap after
Heap after GC invocations=9 (full 0):
 PSYoungGen      total 37888K, used 5110K [0x00000000e0000000, 0x00000000e3e80000, 0x0000000100000000)
  eden space 32768K, 0% used [0x00000000e0000000,0x00000000e0000000,0x00000000e2000000)
  from space 5120K, 99% used [0x00000000e2000000,0x00000000e24fdba0,0x00000000e2500000)
  to   space 5632K, 0% used [0x00000000e3900000,0x00000000e3900000,0x00000000e3e80000)
 ParOldGen       total 44032K, used 8388K [0x00000000a0000000, 0x00000000a2b00000, 0x00000000e0000000)
  object space 44032K, 19% used [0x00000000a0000000,0x00000000a0831030,0x00000000a2b00000)
 Metaspace       used 19069K, capacity 19640K, committed 19840K, reserved 1067008K
  class space    used 2748K, capacity 2934K, committed 2944K, reserved 1048576K
}
Event: 15.813 GC heap before
{Heap before GC invocations=10 (full 0):
 PSYoungGen      total 37888K, used 19957K [0x00000000e0000000, 0x00000000e3e80000, 0x0000000100000000)
  eden space 32768K, 45% used [0x00000000e0000000,0x00000000e0e7f8a0,0x00000000e2000000)
  from space 5120K, 99% used [0x00000000e2000000,0x00000000e24fdba0,0x00000000e2500000)
  to   space 5632K, 0% used [0x00000000e3900000,0x00000000e3900000,0x00000000e3e80000)
 ParOldGen       total 44032K, used 8388K [0x00000000a0000000, 0x00000000a2b00000, 0x00000000e0000000)
  object space 44032K, 19% used [0x00000000a0000000,0x00000000a0831030,0x00000000a2b00000)
 Metaspace       used 20721K, capacity 21222K, committed 21296K, reserved 1067008K
  class space    used 2974K, capacity 3162K, committed 3200K, reserved 1048576K
Event: 15.839 GC heap after
Heap after GC invocations=10 (full 0):
 PSYoungGen      total 58368K, used 3909K [0x00000000e0000000, 0x00000000e3e80000, 0x0000000100000000)
  eden space 52736K, 0% used [0x00000000e0000000,0x00000000e0000000,0x00000000e3380000)
  from space 5632K, 69% used [0x00000000e3900000,0x00000000e3cd14c8,0x00000000e3e80000)
  to   space 5632K, 0% used [0x00000000e3380000,0x00000000e3380000,0x00000000e3900000)
 ParOldGen       total 44032K, used 9518K [0x00000000a0000000, 0x00000000a2b00000, 0x00000000e0000000)
  object space 44032K, 21% used [0x00000000a0000000,0x00000000a094b8c8,0x00000000a2b00000)
 Metaspace       used 20721K, capacity 21222K, committed 21296K, reserved 1067008K
  class space    used 2974K, capacity 3162K, committed 3200K, reserved 1048576K
}
Event: 15.839 GC heap before
{Heap before GC invocations=11 (full 1):
 PSYoungGen      total 58368K, used 3909K [0x00000000e0000000, 0x00000000e3e80000, 0x0000000100000000)
  eden space 52736K, 0% used [0x00000000e0000000,0x00000000e0000000,0x00000000e3380000)
  from space 5632K, 69% used [0x00000000e3900000,0x00000000e3cd14c8,0x00000000e3e80000)
  to   space 5632K, 0% used [0x00000000e3380000,0x00000000e3380000,0x00000000e3900000)
 ParOldGen       total 44032K, used 9518K [0x00000000a0000000, 0x00000000a2b00000, 0x00000000e0000000)
  object space 44032K, 21% used [0x00000000a0000000,0x00000000a094b8c8,0x00000000a2b00000)
 Metaspace       used 20721K, capacity 21222K, committed 21296K, reserved 1067008K
  class space    used 2974K, capacity 3162K, committed 3200K, reserved 1048576K
Event: 15.926 GC heap after
Heap after GC invocations=11 (full 1):
 PSYoungGen      total 58368K, used 0K [0x00000000e0000000, 0x00000000e3e80000, 0x0000000100000000)
  eden space 52736K, 0% used [0x00000000e0000000,0x00000000e0000000,0x00000000e3380000)
  from space 5632K, 0% used [0x00000000e3900000,0x00000000e3900000,0x00000000e3e80000)
  to   space 5632K, 0% used [0x00000000e3380000,0x00000000e3380000,0x00000000e3900000)
 ParOldGen       total 31232K, used 9212K [0x00000000a0000000, 0x00000000a1e80000, 0x00000000e0000000)
  object space 31232K, 29% used [0x00000000a0000000,0x00000000a08ff2f8,0x00000000a1e80000)
 Metaspace       used 20721K, capacity 21222K, committed 21296K, reserved 1067008K
  class space    used 2974K, capacity 3162K, committed 3200K, reserved 1048576K
}
Event: 17.367 GC heap before
{Heap before GC invocations=12 (full 1):
 PSYoungGen      total 58368K, used 52736K [0x00000000e0000000, 0x00000000e3e80000, 0x0000000100000000)
  eden space 52736K, 100% used [0x00000000e0000000,0x00000000e3380000,0x00000000e3380000)
  from space 5632K, 0% used [0x00000000e3900000,0x00000000e3900000,0x00000000e3e80000)
  to   space 5632K, 0% used [0x00000000e3380000,0x00000000e3380000,0x00000000e3900000)
 ParOldGen       total 31232K, used 9212K [0x00000000a0000000, 0x00000000a1e80000, 0x00000000e0000000)
  object space 31232K, 29% used [0x00000000a0000000,0x00000000a08ff2f8,0x00000000a1e80000)
 Metaspace       used 27417K, capacity 27938K, committed 28032K, reserved 1073152K
  class space    used 3720K, capacity 3906K, committed 3968K, reserved 1048576K
Event: 17.382 GC heap after
Heap after GC invocations=12 (full 1):
 PSYoungGen      total 58368K, used 5626K [0x00000000e0000000, 0x00000000e5900000, 0x0000000100000000)
  eden space 52736K, 0% used [0x00000000e0000000,0x00000000e0000000,0x00000000e3380000)
  from space 5632K, 99% used [0x00000000e3380000,0x00000000e38fe860,0x00000000e3900000)
  to   space 6656K, 0% used [0x00000000e5280000,0x00000000e5280000,0x00000000e5900000)
 ParOldGen       total 31232K, used 9841K [0x00000000a0000000, 0x00000000a1e80000, 0x00000000e0000000)
  object space 31232K, 31% used [0x00000000a0000000,0x00000000a099c648,0x00000000a1e80000)
 Metaspace       used 27417K, capacity 27938K, committed 28032K, reserved 1073152K
  class space    used 3720K, capacity 3906K, committed 3968K, reserved 1048576K
}

Deoptimization events (10 events):
Event: 15.577 Thread 0x0000000018f24000 Uncommon trap: reason=class_check action=maybe_recompile pc=0x0000000002ee61ec method=sun.misc.URLClassPath.getResource(Ljava/lang/String;Z)Lsun/misc/Resource; @ 62
Event: 15.581 Thread 0x0000000018f24000 Uncommon trap: reason=unstable_if action=reinterpret pc=0x0000000002d20588 method=java.lang.ClassLoader.getClassLoadingLock(Ljava/lang/String;)Ljava/lang/Object; @ 6
Event: 15.662 Thread 0x0000000018f24000 Uncommon trap: reason=bimorphic action=maybe_recompile pc=0x0000000002cba538 method=java.io.BufferedInputStream.read([BII)I @ 101
Event: 15.664 Thread 0x0000000018f24000 Uncommon trap: reason=bimorphic action=maybe_recompile pc=0x0000000002cba538 method=java.io.BufferedInputStream.read([BII)I @ 101
Event: 15.665 Thread 0x0000000018f24000 Uncommon trap: reason=bimorphic action=maybe_recompile pc=0x0000000002cba538 method=java.io.BufferedInputStream.read([BII)I @ 101
Event: 15.666 Thread 0x0000000018f24000 Uncommon trap: reason=bimorphic action=maybe_recompile pc=0x0000000002cba538 method=java.io.BufferedInputStream.read([BII)I @ 101
Event: 16.922 Thread 0x0000000018f24000 Uncommon trap: reason=unstable_if action=reinterpret pc=0x00000000030639e4 method=java.util.HashMap.hash(Ljava/lang/Object;)I @ 1
Event: 16.952 Thread 0x0000000018f24000 Uncommon trap: reason=unstable_if action=reinterpret pc=0x00000000030e5f68 method=java.util.HashMap.hash(Ljava/lang/Object;)I @ 1
Event: 17.153 Thread 0x0000000018f24000 Uncommon trap: reason=unstable_if action=reinterpret pc=0x0000000002e3a20c method=java.io.WinNTFileSystem.resolve(Ljava/lang/String;Ljava/lang/String;)Ljava/lang/String; @ 49
Event: 17.222 Thread 0x0000000018f24000 Uncommon trap: reason=unstable_if action=reinterpret pc=0x0000000002e654b0 method=java.util.LinkedHashMap.afterNodeInsertion(Z)V @ 1

Classes redefined (0 events):
No events

Internal exceptions (10 events):
Event: 16.804 Thread 0x0000000018f24000 Exception <a 'java/lang/ClassNotFoundException': org/gradle/internal/metaobject/ConfigureDelegateBeanInfo> (0x00000000e1cf0af0) thrown at [D:\src\AOSP-openjdk-cygwin\jdk8u\hotspot\src\share\vm\classfile\systemDictionary.cpp, line 210]
Event: 16.805 Thread 0x0000000018f24000 Exception <a 'java/lang/ClassNotFoundException': org/gradle/internal/metaobject/ConfigureDelegateCustomizer> (0x00000000e1d19930) thrown at [D:\src\AOSP-openjdk-cygwin\jdk8u\hotspot\src\share\vm\classfile\systemDictionary.cpp, line 210]
Event: 16.816 Thread 0x0000000018f24000 Exception <a 'java/lang/ClassNotFoundException': org/gradle/api/internal/initialization/DefaultScriptHandlerBeanInfo> (0x00000000e1d9e860) thrown at [D:\src\AOSP-openjdk-cygwin\jdk8u\hotspot\src\share\vm\classfile\systemDictionary.cpp, line 210]
Event: 16.817 Thread 0x0000000018f24000 Exception <a 'java/lang/ClassNotFoundException': org/gradle/api/internal/initialization/DefaultScriptHandlerCustomizer> (0x00000000e1dcece0) thrown at [D:\src\AOSP-openjdk-cygwin\jdk8u\hotspot\src\share\vm\classfile\systemDictionary.cpp, line 210]
Event: 16.922 Thread 0x0000000018f24000 Implicit null exception at 0x00000000030637d5 to 0x00000000030639d5
Event: 16.952 Thread 0x0000000018f24000 Implicit null exception at 0x00000000030e5eef to 0x00000000030e5f59
Event: 17.984 Thread 0x0000000018f24000 Exception <a 'java/lang/ClassNotFoundException': org/gradle/api/internal/artifacts/dsl/dependencies/DefaultDependencyHandler_DecoratedBeanInfo> (0x00000000e1137950) thrown at [D:\src\AOSP-openjdk-cygwin\jdk8u\hotspot\src\share\vm\classfile\systemDictionar
Event: 17.987 Thread 0x0000000018f24000 Exception <a 'java/lang/ClassNotFoundException': org/gradle/api/internal/artifacts/dsl/dependencies/DefaultDependencyHandlerBeanInfo> (0x00000000e1187020) thrown at [D:\src\AOSP-openjdk-cygwin\jdk8u\hotspot\src\share\vm\classfile\systemDictionary.cpp, lin
Event: 17.989 Thread 0x0000000018f24000 Exception <a 'java/lang/ClassNotFoundException': org/gradle/api/internal/artifacts/dsl/dependencies/DefaultDependencyHandlerCustomizer> (0x00000000e11d76c0) thrown at [D:\src\AOSP-openjdk-cygwin\jdk8u\hotspot\src\share\vm\classfile\systemDictionary.cpp, l
Event: 17.994 Thread 0x0000000018f24000 Exception <a 'java/lang/ClassNotFoundException': org/gradle/api/internal/artifacts/dsl/dependencies/DefaultDependencyHandler_DecoratedCustomizer> (0x00000000e125aeb8) thrown at [D:\src\AOSP-openjdk-cygwin\jdk8u\hotspot\src\share\vm\classfile\systemDiction

Events (10 events):
Event: 18.708 loading class org/gradle/api/internal/artifacts/configurations/Configurations
Event: 18.708 loading class org/gradle/api/internal/artifacts/configurations/Configurations done
Event: 18.709 loading class org/gradle/internal/component/external/model/ImmutableCapabilities
Event: 18.709 loading class org/gradle/internal/component/external/model/ImmutableCapabilities done
Event: 18.710 loading class org/gradle/api/capabilities/CapabilitiesMetadata
Event: 18.710 loading class org/gradle/api/capabilities/CapabilitiesMetadata done
Event: 18.712 loading class org/gradle/api/internal/artifacts/configurations/DefaultConfigurationPublications$1
Event: 18.712 loading class org/gradle/api/internal/artifacts/configurations/DefaultConfigurationPublications$1 done
Event: 18.714 loading class org/gradle/api/internal/artifacts/configurations/LeafOutgoingVariant
Event: 18.714 loading class org/gradle/api/internal/artifacts/configurations/LeafOutgoingVariant done


Dynamic libraries:
0x00007ff7dd870000 - 0x00007ff7dd8a1000 	E:\android_workspace\jre\bin\java.exe
0x00007ffb30e00000 - 0x00007ffb30fe1000 	C:\WINDOWS\SYSTEM32\ntdll.dll
0x00007ffb30400000 - 0x00007ffb304b1000 	C:\WINDOWS\System32\KERNEL32.DLL
0x00007ffb2d780000 - 0x00007ffb2d9f3000 	C:\WINDOWS\System32\KERNELBASE.dll
0x00007ffb2f730000 - 0x00007ffb2f7d1000 	C:\WINDOWS\System32\ADVAPI32.dll
0x00007ffb2f7e0000 - 0x00007ffb2f87e000 	C:\WINDOWS\System32\msvcrt.dll
0x00007ffb2e280000 - 0x00007ffb2e2db000 	C:\WINDOWS\System32\sechost.dll
0x00007ffb2f880000 - 0x00007ffb2f9a4000 	C:\WINDOWS\System32\RPCRT4.dll
0x00007ffb30240000 - 0x00007ffb303d1000 	C:\WINDOWS\System32\USER32.dll
0x00007ffb2d5c0000 - 0x00007ffb2d5e0000 	C:\WINDOWS\System32\win32u.dll
0x00007ffb30c40000 - 0x00007ffb30c68000 	C:\WINDOWS\System32\GDI32.dll
0x00007ffb2d1b0000 - 0x00007ffb2d341000 	C:\WINDOWS\System32\gdi32full.dll
0x00007ffb2d5e0000 - 0x00007ffb2d67f000 	C:\WINDOWS\System32\msvcp_win.dll
0x00007ffb2da00000 - 0x00007ffb2daf8000 	C:\WINDOWS\System32\ucrtbase.dll
0x00007ffb21d20000 - 0x00007ffb21f89000 	C:\WINDOWS\WinSxS\amd64_microsoft.windows.common-controls_6595b64144ccf1df_6.0.17134.1184_none_d403e8b37c8ca406\COMCTL32.dll
0x00007ffb304c0000 - 0x00007ffb307e1000 	C:\WINDOWS\System32\combase.dll
0x00007ffb2d540000 - 0x00007ffb2d5b9000 	C:\WINDOWS\System32\bcryptPrimitives.dll
0x00007ffb300e0000 - 0x00007ffb3010d000 	C:\WINDOWS\System32\IMM32.DLL
0x000000005d390000 - 0x000000005d462000 	E:\android_workspace\jre\jre\bin\msvcr100.dll
0x000000005d470000 - 0x000000005dcb6000 	E:\android_workspace\jre\jre\bin\server\jvm.dll
0x00007ffb2fb50000 - 0x00007ffb2fb58000 	C:\WINDOWS\System32\PSAPI.DLL
0x00007ffb29ff0000 - 0x00007ffb29ff9000 	C:\WINDOWS\SYSTEM32\WSOCK32.dll
0x00007ffb1cb60000 - 0x00007ffb1cb6a000 	C:\WINDOWS\SYSTEM32\VERSION.dll
0x00007ffb29f10000 - 0x00007ffb29f33000 	C:\WINDOWS\SYSTEM32\WINMM.dll
0x00007ffb30070000 - 0x00007ffb300dc000 	C:\WINDOWS\System32\WS2_32.dll
0x00007ffb29ee0000 - 0x00007ffb29f0a000 	C:\WINDOWS\SYSTEM32\winmmbase.dll
0x00007ffb2d680000 - 0x00007ffb2d6c9000 	C:\WINDOWS\System32\cfgmgr32.dll
0x00007ffb27690000 - 0x00007ffb2769f000 	E:\android_workspace\jre\jre\bin\verify.dll
0x00007ffb1e290000 - 0x00007ffb1e2b9000 	E:\android_workspace\jre\jre\bin\java.dll
0x00007ffb21220000 - 0x00007ffb21236000 	E:\android_workspace\jre\jre\bin\zip.dll
0x00007ffb2e2e0000 - 0x00007ffb2f725000 	C:\WINDOWS\System32\SHELL32.dll
0x00007ffb2f9b0000 - 0x00007ffb2fa59000 	C:\WINDOWS\System32\shcore.dll
0x00007ffb2db00000 - 0x00007ffb2e210000 	C:\WINDOWS\System32\windows.storage.dll
0x00007ffb2fb60000 - 0x00007ffb2fbb1000 	C:\WINDOWS\System32\shlwapi.dll
0x00007ffb2d120000 - 0x00007ffb2d131000 	C:\WINDOWS\System32\kernel.appcore.dll
0x00007ffb2d190000 - 0x00007ffb2d1af000 	C:\WINDOWS\System32\profapi.dll
0x00007ffb2d140000 - 0x00007ffb2d18c000 	C:\WINDOWS\System32\powrprof.dll
0x00007ffb2d0f0000 - 0x00007ffb2d0fa000 	C:\WINDOWS\System32\FLTLIB.DLL
0x00007ffb20160000 - 0x00007ffb2017a000 	E:\android_workspace\jre\jre\bin\net.dll
0x00007ffb2c950000 - 0x00007ffb2c9b6000 	C:\WINDOWS\system32\mswsock.dll
0x00007ffb1fe00000 - 0x00007ffb1fe11000 	E:\android_workspace\jre\jre\bin\nio.dll
0x00007ffb1e400000 - 0x00007ffb1e426000 	C:\Users\Administrator\.gradle\native\29\windows-amd64\native-platform.dll
0x00007ffb264c0000 - 0x00007ffb264cd000 	E:\android_workspace\jre\jre\bin\management.dll
0x00007ffb2cb00000 - 0x00007ffb2cb17000 	C:\WINDOWS\SYSTEM32\CRYPTSP.dll
0x00007ffb2c500000 - 0x00007ffb2c533000 	C:\WINDOWS\system32\rsaenh.dll
0x00007ffb2cc30000 - 0x00007ffb2cc55000 	C:\WINDOWS\SYSTEM32\bcrypt.dll
0x00007ffb2cff0000 - 0x00007ffb2d018000 	C:\WINDOWS\SYSTEM32\USERENV.dll
0x00007ffb2cb20000 - 0x00007ffb2cb2b000 	C:\WINDOWS\SYSTEM32\CRYPTBASE.dll
0x00007ffb2c6a0000 - 0x00007ffb2c6d8000 	C:\WINDOWS\SYSTEM32\IPHLPAPI.DLL
0x00007ffb2e270000 - 0x00007ffb2e278000 	C:\WINDOWS\System32\NSI.dll
0x00007ffb227f0000 - 0x00007ffb22806000 	C:\WINDOWS\SYSTEM32\dhcpcsvc6.DLL
0x00007ffb24c70000 - 0x00007ffb24c8a000 	C:\WINDOWS\SYSTEM32\dhcpcsvc.DLL

VM Arguments:
jvm_args: -Xmx1536m -Dfile.encoding=GBK -Duser.country=CN -Duser.language=zh -Duser.variant 
java_command: org.gradle.launcher.daemon.bootstrap.GradleDaemon 5.4.1
java_class_path (initial): C:\Users\Administrator\.gradle\wrapper\dists\gradle-5.4.1-all\3221gyojl5jsh0helicew7rwx\gradle-5.4.1\lib\gradle-launcher-5.4.1.jar
Launcher Type: SUN_STANDARD

Environment Variables:
PATH=C:\Program Files (x86)\NetSarang\Xshell 6\;C:\Program Files (x86)\Common Files\Oracle\Java\javapath;C:\Program Files (x86)\Java\jdk1.8.0_171\bin;C:\WINDOWS\system32;C:\WINDOWS;C:\WINDOWS\System32\Wbem;C:\WINDOWS\System32\WindowsPowerShell\v1.0\;"E:\android_SDK\platform-tools;E:\android_SDK\tools";C:\Users\Administrator\AppData\Local\Android\Sdk\platform-tools;"C:\Program Files\Git\bin;C:\Program Files\Git\cmd";C:\Users\Administrator\AppData\Local\Programs\Python\Python36-32\;C:\Program Files\Mozilla Firefox;D:\软件安装\;D:\软件安装\Microsoft VS Code\bin;C:\WINDOWS\System32\OpenSSH\;C:\Program Files\nodejs;E:\Blog\node_modules\.bin;C:\Program Files\nodejs\;D:\MySQL\mysql-5.7.25-winx64\bin;E:\android_SDK;C:\Program Files\dotnet\;C:\Users\Administrator\AppData\Local\Programs\Python\Python37\Scripts\;C:\Users\Administrator\AppData\Local\Programs\Python\Python37\;C:\Users\Administrator\AppData\Local\Programs\Python\Python36-32\Scripts\;C:\Users\Administrator\AppData\Local\Programs\Python\Python36-32\;C:\Users\Administrator\AppData\Local\Microsoft\WindowsApps;C:\Program Files\Git\cmd;C:\Users\Administrator\AppData\Local\Microsoft\WindowsApps;C:\Program Files\nodejs;C:\Users\Administrator\AppData\Roaming\npm;C:\Users\Administrator\.dotnet\tools
USERNAME=斗酒相逢
OS=Windows_NT
PROCESSOR_IDENTIFIER=Intel64 Family 6 Model 69 Stepping 1, GenuineIntel



---------------  S Y S T E M  ---------------

OS: Windows 10.0 , 64 bit Build 17134 (10.0.17134.753)

CPU:total 4 (initial active 4) (2 cores per cpu, 2 threads per core) family 6 model 69 stepping 1, cmov, cx8, fxsr, mmx, sse, sse2, sse3, ssse3, sse4.1, sse4.2, popcnt, avx, avx2, aes, clmul, erms, lzcnt, ht, tsc, tscinvbit, bmi1, bmi2

Memory: 4k page, physical 4088172k(570344k free), swap 8151528k(5376k free)

vm_info: OpenJDK 64-Bit Server VM (25.202-b03) for windows-amd64 JRE (1.8.0_202-release-1483-b03), built by "builder" with MS VC++ 10.0 (VS2010)

time: Sun Mar 22 16:07:27 2020
timezone: 中国标准时间
elapsed time: 18 seconds (0d 0h 0m 18s)

