#
# There is insufficient memory for the Java Runtime Environment to continue.
# Native memory allocation (malloc) failed to allocate 32744 bytes for ChunkPool::allocate
# Possible reasons:
#   The system is out of physical RAM or swap space
#   The process is running with CompressedOops enabled, and the Java Heap may be blocking the growth of the native heap
# Possible solutions:
#   Reduce memory load on the system
#   Increase physical memory or swap space
#   Check if swap backing store is full
#   Decrease Java heap size (-Xmx/-Xms)
#   Decrease number of Java threads
#   Decrease Java thread stack sizes (-Xss)
#   Set larger code cache with -XX:ReservedCodeCacheSize=
#   JVM is running with Unscaled Compressed Oops mode in which the Java heap is
#     placed in the first 4GB address space. The Java Heap base address is the
#     maximum limit for the native heap growth. Please use -XX:HeapBaseMinAddress
#     to set the Java Heap base and to place the Java Heap above 4GB virtual address.
# This output file may be truncated or incomplete.
#
#  Out of Memory Error (allocation.cpp:272), pid=14968, tid=0x00000000000039d0
#
# JRE version: OpenJDK Runtime Environment (8.0_202-b03) (build 1.8.0_202-release-1483-b03)
# Java VM: OpenJDK 64-Bit Server VM (25.202-b03 mixed mode windows-amd64 compressed oops)
# Failed to write core dump. Minidumps are not enabled by default on client versions of Windows
#

---------------  T H R E A D  ---------------

Current thread (0x0000000016d79800):  JavaThread "C2 CompilerThread0" daemon [_thread_in_native, id=14800, stack(0x0000000018730000,0x0000000018830000)]

Stack: [0x0000000018730000,0x0000000018830000]
[error occurred during error reporting (printing stack bounds), id 0xc0000005]

Native frames: (J=compiled Java code, j=interpreted, Vv=VM code, C=native code)


Current CompileTask:
C2:   6434 1426       4       java.net.URLClassLoader$1::run (5 bytes)


---------------  P R O C E S S  ---------------

Java Threads: ( => current thread )
  0x0000000019b6a800 JavaThread "Cache worker for journal cache (C:\Users\Administrator\.gradle\caches\journal-1)" [_thread_blocked, id=8136, stack(0x000000001c780000,0x000000001c880000)]
  0x0000000019b6d800 JavaThread "File lock request listener" [_thread_in_native, id=10836, stack(0x000000001c580000,0x000000001c680000)]
  0x0000000019b6a000 JavaThread "Cache worker for file hash cache (C:\Users\Administrator\.gradle\caches\5.4.1\fileHashes)" [_thread_blocked, id=15212, stack(0x000000001c280000,0x000000001c380000)]
  0x0000000018f91800 JavaThread "Thread-9" [_thread_blocked, id=4644, stack(0x000000001c180000,0x000000001c280000)]
  0x000000001a737800 JavaThread "Stdin handler" [_thread_blocked, id=13804, stack(0x000000001c080000,0x000000001c180000)]
  0x00000000199d9800 JavaThread "Asynchronous log dispatcher for DefaultDaemonConnection: socket connection from /127.0.0.1:49503 to /127.0.0.1:49505" [_thread_blocked, id=6460, stack(0x000000001bf80000,0x000000001c080000)]
  0x00000000192b2800 JavaThread "Daemon worker" [_thread_in_vm, id=8516, stack(0x000000001be80000,0x000000001bf80000)]
  0x00000000192b3800 JavaThread "Cancel handler" [_thread_blocked, id=19920, stack(0x000000001bd80000,0x000000001be80000)]
  0x000000001950e000 JavaThread "Handler for socket connection from /127.0.0.1:49503 to /127.0.0.1:49505" [_thread_in_native, id=6092, stack(0x000000001ba80000,0x000000001bb80000)]
  0x0000000019636800 JavaThread "Daemon" [_thread_blocked, id=2588, stack(0x000000001b980000,0x000000001ba80000)]
  0x00000000199db800 JavaThread "Daemon periodic checks" [_thread_blocked, id=15148, stack(0x000000001b880000,0x000000001b980000)]
  0x00000000199a4800 JavaThread "Incoming local TCP Connector on port 49503" [_thread_in_native, id=14284, stack(0x000000001b6d0000,0x000000001b7d0000)]
  0x000000001a19c000 JavaThread "Daemon health stats" [_thread_blocked, id=20812, stack(0x000000001b3d0000,0x000000001b4d0000)]
  0x00000000181ae000 JavaThread "Service Thread" daemon [_thread_blocked, id=12980, stack(0x0000000018a30000,0x0000000018b30000)]
  0x0000000016d82000 JavaThread "C1 CompilerThread2" daemon [_thread_blocked, id=11932, stack(0x0000000018930000,0x0000000018a30000)]
  0x0000000016d7d800 JavaThread "C2 CompilerThread1" daemon [_thread_in_native, id=12344, stack(0x0000000018830000,0x0000000018930000)]
=>0x0000000016d79800 JavaThread "C2 CompilerThread0" daemon [_thread_in_native, id=14800, stack(0x0000000018730000,0x0000000018830000)]
  0x0000000016dc8800 JavaThread "Attach Listener" daemon [_thread_blocked, id=16236, stack(0x0000000018630000,0x0000000018730000)]
  0x0000000016d67000 JavaThread "Signal Dispatcher" daemon [_thread_blocked, id=19508, stack(0x0000000018530000,0x0000000018630000)]
  0x00000000033fa000 JavaThread "Finalizer" daemon [_thread_blocked, id=19752, stack(0x0000000017fd0000,0x00000000180d0000)]
  0x00000000033f1000 JavaThread "Reference Handler" daemon [_thread_blocked, id=14696, stack(0x0000000017ed0000,0x0000000017fd0000)]
  0x0000000002e2e000 JavaThread "main" [_thread_blocked, id=17044, stack(0x0000000003200000,0x0000000003300000)]

Other Threads:
  0x0000000016d36800 VMThread [stack: 0x0000000017dd0000,0x0000000017ed0000] [id=9944]
  0x0000000018145800 WatcherThread [stack: 0x0000000018b30000,0x0000000018c30000] [id=18364]

VM state:not at safepoint (normal execution)

VM Mutex/Monitor currently owned by a thread: None

heap address: 0x00000000a0000000, size: 1536 MB, Compressed Oops mode: 32-bit
Narrow klass base: 0x0000000000000000, Narrow klass shift: 3
Compressed class space size: 1073741824 Address: 0x0000000100000000

Heap:
 PSYoungGen      total 37888K, used 4232K [0x00000000e0000000, 0x00000000e2a00000, 0x0000000100000000)
  eden space 32768K, 1% used [0x00000000e0000000,0x00000000e0087090,0x00000000e2000000)
  from space 5120K, 72% used [0x00000000e2500000,0x00000000e289b2a8,0x00000000e2a00000)
  to   space 5120K, 0% used [0x00000000e2000000,0x00000000e2000000,0x00000000e2500000)
 ParOldGen       total 44032K, used 7270K [0x00000000a0000000, 0x00000000a2b00000, 0x00000000e0000000)
  object space 44032K, 16% used [0x00000000a0000000,0x00000000a0719b10,0x00000000a2b00000)
 Metaspace       used 16094K, capacity 16540K, committed 16768K, reserved 1062912K
  class space    used 2286K, capacity 2428K, committed 2432K, reserved 1048576K

Card table byte_map: [0x00000000127c0000,0x0000000012ad0000] byte_map_base: 0x00000000122c0000

Marking Bits: (ParMarkBitMap*) 0x000000005dc39f30
 Begin Bits: [0x00000000130d0000, 0x00000000148d0000)
 End Bits:   [0x00000000148d0000, 0x00000000160d0000)

Polling page: 0x0000000001620000

CodeCache: size=245760Kb used=5430Kb max_used=5430Kb free=240329Kb
 bounds [0x0000000003400000, 0x0000000003960000, 0x0000000012400000]
 total_blobs=1934 nmethods=1541 adapters=306
 compilation: enabled

Compilation events (10 events):
Event: 6.326 Thread 0x0000000016d82000 1544       3       java.lang.Class::forName (53 bytes)
Event: 6.327 Thread 0x0000000016d82000 nmethod 1544 0x000000000394cdd0 code [0x000000000394cf80, 0x000000000394d628]
Event: 6.330 Thread 0x0000000016d82000 1545       3       sun.misc.ProxyGenerator$ConstantPool::getMethodRef (33 bytes)
Event: 6.331 Thread 0x0000000016d82000 nmethod 1545 0x000000000394d850 code [0x000000000394dae0, 0x000000000394e888]
Event: 6.379 Thread 0x0000000016d82000 1546       3       sun.misc.ProxyGenerator::access$900 (5 bytes)
Event: 6.379 Thread 0x0000000016d82000 nmethod 1546 0x000000000394f390 code [0x000000000394f500, 0x000000000394f768]
Event: 6.383 Thread 0x0000000016d82000 1547       1       com.google.common.collect.RegularImmutableList::size (5 bytes)
Event: 6.383 Thread 0x0000000016d82000 nmethod 1547 0x000000000394f850 code [0x000000000394f9a0, 0x000000000394fab0]
Event: 6.405 Thread 0x0000000016d82000 1548       3       java.util.concurrent.locks.AbstractQueuedSynchronizer::compareAndSetState (13 bytes)
Event: 6.405 Thread 0x0000000016d82000 nmethod 1548 0x000000000394fb10 code [0x000000000394fc60, 0x000000000394fdd0]

GC Heap History (10 events):
Event: 3.033 GC heap before
{Heap before GC invocations=4 (full 0):
 PSYoungGen      total 18944K, used 18920K [0x00000000e0000000, 0x00000000e1500000, 0x0000000100000000)
  eden space 16384K, 100% used [0x00000000e0000000,0x00000000e1000000,0x00000000e1000000)
  from space 2560K, 99% used [0x00000000e1000000,0x00000000e127a040,0x00000000e1280000)
  to   space 2560K, 0% used [0x00000000e1280000,0x00000000e1280000,0x00000000e1500000)
 ParOldGen       total 44032K, used 1635K [0x00000000a0000000, 0x00000000a2b00000, 0x00000000e0000000)
  object space 44032K, 3% used [0x00000000a0000000,0x00000000a0198f78,0x00000000a2b00000)
 Metaspace       used 8694K, capacity 9014K, committed 9216K, reserved 1056768K
  class space    used 1112K, capacity 1177K, committed 1280K, reserved 1048576K
Event: 3.040 GC heap after
Heap after GC invocations=4 (full 0):
 PSYoungGen      total 18944K, used 2552K [0x00000000e0000000, 0x00000000e2500000, 0x0000000100000000)
  eden space 16384K, 0% used [0x00000000e0000000,0x00000000e0000000,0x00000000e1000000)
  from space 2560K, 99% used [0x00000000e1280000,0x00000000e14fe010,0x00000000e1500000)
  to   space 2560K, 0% used [0x00000000e1000000,0x00000000e1000000,0x00000000e1280000)
 ParOldGen       total 44032K, used 3104K [0x00000000a0000000, 0x00000000a2b00000, 0x00000000e0000000)
  object space 44032K, 7% used [0x00000000a0000000,0x00000000a0308190,0x00000000a2b00000)
 Metaspace       used 8694K, capacity 9014K, committed 9216K, reserved 1056768K
  class space    used 1112K, capacity 1177K, committed 1280K, reserved 1048576K
}
Event: 5.401 GC heap before
{Heap before GC invocations=5 (full 0):
 PSYoungGen      total 18944K, used 18936K [0x00000000e0000000, 0x00000000e2500000, 0x0000000100000000)
  eden space 16384K, 100% used [0x00000000e0000000,0x00000000e1000000,0x00000000e1000000)
  from space 2560K, 99% used [0x00000000e1280000,0x00000000e14fe010,0x00000000e1500000)
  to   space 2560K, 0% used [0x00000000e1000000,0x00000000e1000000,0x00000000e1280000)
 ParOldGen       total 44032K, used 3104K [0x00000000a0000000, 0x00000000a2b00000, 0x00000000e0000000)
  object space 44032K, 7% used [0x00000000a0000000,0x00000000a0308190,0x00000000a2b00000)
 Metaspace       used 12217K, capacity 12646K, committed 12800K, reserved 1060864K
  class space    used 1631K, capacity 1743K, committed 1792K, reserved 1048576K
Event: 5.411 GC heap after
Heap after GC invocations=5 (full 0):
 PSYoungGen      total 18944K, used 2552K [0x00000000e0000000, 0x00000000e1a00000, 0x0000000100000000)
  eden space 16384K, 0% used [0x00000000e0000000,0x00000000e0000000,0x00000000e1000000)
  from space 2560K, 99% used [0x00000000e1000000,0x00000000e127e010,0x00000000e1280000)
  to   space 5120K, 0% used [0x00000000e1500000,0x00000000e1500000,0x00000000e1a00000)
 ParOldGen       total 44032K, used 5493K [0x00000000a0000000, 0x00000000a2b00000, 0x00000000e0000000)
  object space 44032K, 12% used [0x00000000a0000000,0x00000000a055d678,0x00000000a2b00000)
 Metaspace       used 12217K, capacity 12646K, committed 12800K, reserved 1060864K
  class space    used 1631K, capacity 1743K, committed 1792K, reserved 1048576K
}
Event: 5.640 GC heap before
{Heap before GC invocations=6 (full 0):
 PSYoungGen      total 18944K, used 18936K [0x00000000e0000000, 0x00000000e1a00000, 0x0000000100000000)
  eden space 16384K, 100% used [0x00000000e0000000,0x00000000e1000000,0x00000000e1000000)
  from space 2560K, 99% used [0x00000000e1000000,0x00000000e127e010,0x00000000e1280000)
  to   space 5120K, 0% used [0x00000000e1500000,0x00000000e1500000,0x00000000e1a00000)
 ParOldGen       total 44032K, used 5493K [0x00000000a0000000, 0x00000000a2b00000, 0x00000000e0000000)
  object space 44032K, 12% used [0x00000000a0000000,0x00000000a055d678,0x00000000a2b00000)
 Metaspace       used 13323K, capacity 13772K, committed 14080K, reserved 1060864K
  class space    used 1829K, capacity 1970K, committed 2048K, reserved 1048576K
Event: 5.649 GC heap after
Heap after GC invocations=6 (full 0):
 PSYoungGen      total 21504K, used 4272K [0x00000000e0000000, 0x00000000e2a00000, 0x0000000100000000)
  eden space 16384K, 0% used [0x00000000e0000000,0x00000000e0000000,0x00000000e1000000)
  from space 5120K, 83% used [0x00000000e1500000,0x00000000e192c100,0x00000000e1a00000)
  to   space 5120K, 0% used [0x00000000e1000000,0x00000000e1000000,0x00000000e1500000)
 ParOldGen       total 44032K, used 5493K [0x00000000a0000000, 0x00000000a2b00000, 0x00000000e0000000)
  object space 44032K, 12% used [0x00000000a0000000,0x00000000a055d678,0x00000000a2b00000)
 Metaspace       used 13323K, capacity 13772K, committed 14080K, reserved 1060864K
  class space    used 1829K, capacity 1970K, committed 2048K, reserved 1048576K
}
Event: 5.887 GC heap before
{Heap before GC invocations=7 (full 0):
 PSYoungGen      total 21504K, used 20656K [0x00000000e0000000, 0x00000000e2a00000, 0x0000000100000000)
  eden space 16384K, 100% used [0x00000000e0000000,0x00000000e1000000,0x00000000e1000000)
  from space 5120K, 83% used [0x00000000e1500000,0x00000000e192c100,0x00000000e1a00000)
  to   space 5120K, 0% used [0x00000000e1000000,0x00000000e1000000,0x00000000e1500000)
 ParOldGen       total 44032K, used 5493K [0x00000000a0000000, 0x00000000a2b00000, 0x00000000e0000000)
  object space 44032K, 12% used [0x00000000a0000000,0x00000000a055d678,0x00000000a2b00000)
 Metaspace       used 14497K, capacity 14926K, committed 14976K, reserved 1062912K
  class space    used 2034K, capacity 2163K, committed 2176K, reserved 1048576K
Event: 5.897 GC heap after
Heap after GC invocations=7 (full 0):
 PSYoungGen      total 21504K, used 3732K [0x00000000e0000000, 0x00000000e2a00000, 0x0000000100000000)
  eden space 16384K, 0% used [0x00000000e0000000,0x00000000e0000000,0x00000000e1000000)
  from space 5120K, 72% used [0x00000000e1000000,0x00000000e13a5218,0x00000000e1500000)
  to   space 5120K, 0% used [0x00000000e2500000,0x00000000e2500000,0x00000000e2a00000)
 ParOldGen       total 44032K, used 6454K [0x00000000a0000000, 0x00000000a2b00000, 0x00000000e0000000)
  object space 44032K, 14% used [0x00000000a0000000,0x00000000a064daf0,0x00000000a2b00000)
 Metaspace       used 14497K, capacity 14926K, committed 14976K, reserved 1062912K
  class space    used 2034K, capacity 2163K, committed 2176K, reserved 1048576K
}
Event: 6.416 GC heap before
{Heap before GC invocations=8 (full 0):
 PSYoungGen      total 21504K, used 20116K [0x00000000e0000000, 0x00000000e2a00000, 0x0000000100000000)
  eden space 16384K, 100% used [0x00000000e0000000,0x00000000e1000000,0x00000000e1000000)
  from space 5120K, 72% used [0x00000000e1000000,0x00000000e13a5218,0x00000000e1500000)
  to   space 5120K, 0% used [0x00000000e2500000,0x00000000e2500000,0x00000000e2a00000)
 ParOldGen       total 44032K, used 6454K [0x00000000a0000000, 0x00000000a2b00000, 0x00000000e0000000)
  object space 44032K, 14% used [0x00000000a0000000,0x00000000a064daf0,0x00000000a2b00000)
 Metaspace       used 16078K, capacity 16540K, committed 16768K, reserved 1062912K
  class space    used 2282K, capacity 2428K, committed 2432K, reserved 1048576K
Event: 6.427 GC heap after
Heap after GC invocations=8 (full 0):
 PSYoungGen      total 37888K, used 3692K [0x00000000e0000000, 0x00000000e2a00000, 0x0000000100000000)
  eden space 32768K, 0% used [0x00000000e0000000,0x00000000e0000000,0x00000000e2000000)
  from space 5120K, 72% used [0x00000000e2500000,0x00000000e289b2a8,0x00000000e2a00000)
  to   space 5120K, 0% used [0x00000000e2000000,0x00000000e2000000,0x00000000e2500000)
 ParOldGen       total 44032K, used 7270K [0x00000000a0000000, 0x00000000a2b00000, 0x00000000e0000000)
  object space 44032K, 16% used [0x00000000a0000000,0x00000000a0719b10,0x00000000a2b00000)
 Metaspace       used 16078K, capacity 16540K, committed 16768K, reserved 1062912K
  class space    used 2282K, capacity 2428K, committed 2432K, reserved 1048576K
}

Deoptimization events (10 events):
Event: 5.337 Thread 0x00000000192b2800 Uncommon trap: reason=bimorphic action=maybe_recompile pc=0x0000000003688ba0 method=java.util.HashMap.putVal(ILjava/lang/Object;Ljava/lang/Object;ZZ)Ljava/lang/Object; @ 253
Event: 5.337 Thread 0x00000000192b2800 Uncommon trap: reason=bimorphic action=maybe_recompile pc=0x0000000003688ba0 method=java.util.HashMap.putVal(ILjava/lang/Object;Ljava/lang/Object;ZZ)Ljava/lang/Object; @ 253
Event: 5.337 Thread 0x00000000192b2800 Uncommon trap: reason=bimorphic action=maybe_recompile pc=0x0000000003688ba0 method=java.util.HashMap.putVal(ILjava/lang/Object;Ljava/lang/Object;ZZ)Ljava/lang/Object; @ 253
Event: 5.337 Thread 0x00000000192b2800 Uncommon trap: reason=bimorphic action=maybe_recompile pc=0x0000000003688ba0 method=java.util.HashMap.putVal(ILjava/lang/Object;Ljava/lang/Object;ZZ)Ljava/lang/Object; @ 253
Event: 5.337 Thread 0x00000000192b2800 Uncommon trap: reason=bimorphic action=maybe_recompile pc=0x00000000036771b4 method=java.util.HashMap.putVal(ILjava/lang/Object;Ljava/lang/Object;ZZ)Ljava/lang/Object; @ 253
Event: 5.660 Thread 0x00000000192b2800 Uncommon trap: reason=class_check action=maybe_recompile pc=0x00000000036d9784 method=java.util.regex.Matcher.match(II)Z @ 86
Event: 5.678 Thread 0x00000000192b2800 Uncommon trap: reason=class_check action=maybe_recompile pc=0x00000000036d9784 method=java.util.regex.Matcher.match(II)Z @ 86
Event: 5.679 Thread 0x00000000192b2800 Uncommon trap: reason=class_check action=maybe_recompile pc=0x00000000036d9784 method=java.util.regex.Matcher.match(II)Z @ 86
Event: 5.679 Thread 0x00000000192b2800 Uncommon trap: reason=class_check action=maybe_recompile pc=0x000000000369cb9c method=java.util.regex.Matcher.match(II)Z @ 86
Event: 6.060 Thread 0x00000000192b2800 Uncommon trap: reason=unstable_if action=reinterpret pc=0x00000000037d47b4 method=java.lang.String.lastIndexOf([CII[CIII)I @ 66

Classes redefined (0 events):
No events

Internal exceptions (10 events):
Event: 5.232 Thread 0x000000001950e000 Exception <a 'java/lang/NoSuchMethodError': <clinit>> (0x00000000e0b0d5e8) thrown at [D:\src\AOSP-openjdk-cygwin\jdk8u\hotspot\src\share\vm\prims\jni.cpp, line 1614]
Event: 5.236 Thread 0x000000001950e000 Exception <a 'java/lang/NoSuchMethodError': <clinit>> (0x00000000e0b20938) thrown at [D:\src\AOSP-openjdk-cygwin\jdk8u\hotspot\src\share\vm\prims\jni.cpp, line 1614]
Event: 5.241 Thread 0x000000001950e000 Exception <a 'java/lang/NoSuchMethodError': <clinit>> (0x00000000e0b47ed0) thrown at [D:\src\AOSP-openjdk-cygwin\jdk8u\hotspot\src\share\vm\prims\jni.cpp, line 1614]
Event: 5.244 Thread 0x000000001950e000 Exception <a 'java/lang/NoSuchMethodError': <clinit>> (0x00000000e0b5ffc8) thrown at [D:\src\AOSP-openjdk-cygwin\jdk8u\hotspot\src\share\vm\prims\jni.cpp, line 1614]
Event: 5.246 Thread 0x000000001950e000 Exception <a 'java/lang/NoSuchMethodError': <clinit>> (0x00000000e0b68c58) thrown at [D:\src\AOSP-openjdk-cygwin\jdk8u\hotspot\src\share\vm\prims\jni.cpp, line 1614]
Event: 5.249 Thread 0x000000001950e000 Exception <a 'java/lang/NoSuchMethodError': <clinit>> (0x00000000e0b7f308) thrown at [D:\src\AOSP-openjdk-cygwin\jdk8u\hotspot\src\share\vm\prims\jni.cpp, line 1614]
Event: 5.263 Thread 0x000000001950e000 Exception <a 'java/lang/NoSuchMethodError': <clinit>> (0x00000000e0bdf4b8) thrown at [D:\src\AOSP-openjdk-cygwin\jdk8u\hotspot\src\share\vm\prims\jni.cpp, line 1614]
Event: 5.270 Thread 0x000000001950e000 Exception <a 'java/lang/NoSuchMethodError': <clinit>> (0x00000000e0c0c228) thrown at [D:\src\AOSP-openjdk-cygwin\jdk8u\hotspot\src\share\vm\prims\jni.cpp, line 1614]
Event: 5.285 Thread 0x000000001950e000 Exception <a 'java/lang/NoSuchMethodError': <clinit>> (0x00000000e0c3a968) thrown at [D:\src\AOSP-openjdk-cygwin\jdk8u\hotspot\src\share\vm\prims\jni.cpp, line 1614]
Event: 5.287 Thread 0x000000001950e000 Exception <a 'java/lang/NoSuchMethodError': <clinit>> (0x00000000e0c45c68) thrown at [D:\src\AOSP-openjdk-cygwin\jdk8u\hotspot\src\share\vm\prims\jni.cpp, line 1614]

Events (10 events):
Event: 6.429 loading class org/gradle/internal/metaobject/DynamicObject
Event: 6.429 loading class org/gradle/internal/metaobject/DynamicObject done
Event: 6.429 loading class org/gradle/internal/metaobject/MethodAccess
Event: 6.429 loading class org/gradle/internal/metaobject/MethodAccess done
Event: 6.429 loading class org/gradle/internal/metaobject/PropertyAccess
Event: 6.430 loading class org/gradle/internal/metaobject/PropertyAccess done
Event: 6.430 loading class org/gradle/api/plugins/Convention
Event: 6.430 loading class org/gradle/api/plugins/Convention done
Event: 6.430 loading class org/gradle/api/plugins/ExtensionContainer
Event: 6.430 loading class org/gradle/api/plugins/ExtensionContainer done


Dynamic libraries:
0x00007ff7dd870000 - 0x00007ff7dd8a1000 	E:\android_workspace\jre\bin\java.exe
0x00007ffb30e00000 - 0x00007ffb30fe1000 	C:\WINDOWS\SYSTEM32\ntdll.dll
0x00007ffb30400000 - 0x00007ffb304b1000 	C:\WINDOWS\System32\KERNEL32.DLL
0x00007ffb2d780000 - 0x00007ffb2d9f3000 	C:\WINDOWS\System32\KERNELBASE.dll
0x00007ffb2f730000 - 0x00007ffb2f7d1000 	C:\WINDOWS\System32\ADVAPI32.dll
0x00007ffb2f7e0000 - 0x00007ffb2f87e000 	C:\WINDOWS\System32\msvcrt.dll
0x00007ffb2e280000 - 0x00007ffb2e2db000 	C:\WINDOWS\System32\sechost.dll
0x00007ffb2f880000 - 0x00007ffb2f9a4000 	C:\WINDOWS\System32\RPCRT4.dll
0x00007ffb30240000 - 0x00007ffb303d1000 	C:\WINDOWS\System32\USER32.dll
0x00007ffb2d5c0000 - 0x00007ffb2d5e0000 	C:\WINDOWS\System32\win32u.dll
0x00007ffb30c40000 - 0x00007ffb30c68000 	C:\WINDOWS\System32\GDI32.dll
0x00007ffb2d1b0000 - 0x00007ffb2d341000 	C:\WINDOWS\System32\gdi32full.dll
0x00007ffb2d5e0000 - 0x00007ffb2d67f000 	C:\WINDOWS\System32\msvcp_win.dll
0x00007ffb2da00000 - 0x00007ffb2daf8000 	C:\WINDOWS\System32\ucrtbase.dll
0x00007ffb21d20000 - 0x00007ffb21f89000 	C:\WINDOWS\WinSxS\amd64_microsoft.windows.common-controls_6595b64144ccf1df_6.0.17134.1184_none_d403e8b37c8ca406\COMCTL32.dll
0x00007ffb304c0000 - 0x00007ffb307e1000 	C:\WINDOWS\System32\combase.dll
0x00007ffb2d540000 - 0x00007ffb2d5b9000 	C:\WINDOWS\System32\bcryptPrimitives.dll
0x00007ffb300e0000 - 0x00007ffb3010d000 	C:\WINDOWS\System32\IMM32.DLL
0x000000005d390000 - 0x000000005d462000 	E:\android_workspace\jre\jre\bin\msvcr100.dll
0x000000005d470000 - 0x000000005dcb6000 	E:\android_workspace\jre\jre\bin\server\jvm.dll
0x00007ffb2fb50000 - 0x00007ffb2fb58000 	C:\WINDOWS\System32\PSAPI.DLL
0x00007ffb1cb60000 - 0x00007ffb1cb6a000 	C:\WINDOWS\SYSTEM32\VERSION.dll
0x00007ffb29f10000 - 0x00007ffb29f33000 	C:\WINDOWS\SYSTEM32\WINMM.dll
0x00007ffb29ff0000 - 0x00007ffb29ff9000 	C:\WINDOWS\SYSTEM32\WSOCK32.dll
0x00007ffb30070000 - 0x00007ffb300dc000 	C:\WINDOWS\System32\WS2_32.dll
0x00007ffb29ee0000 - 0x00007ffb29f0a000 	C:\WINDOWS\SYSTEM32\winmmbase.dll
0x00007ffb2d680000 - 0x00007ffb2d6c9000 	C:\WINDOWS\System32\cfgmgr32.dll
0x00007ffb27690000 - 0x00007ffb2769f000 	E:\android_workspace\jre\jre\bin\verify.dll
0x00007ffb1e290000 - 0x00007ffb1e2b9000 	E:\android_workspace\jre\jre\bin\java.dll
0x00007ffb21220000 - 0x00007ffb21236000 	E:\android_workspace\jre\jre\bin\zip.dll
0x00007ffb2e2e0000 - 0x00007ffb2f725000 	C:\WINDOWS\System32\SHELL32.dll
0x00007ffb2f9b0000 - 0x00007ffb2fa59000 	C:\WINDOWS\System32\shcore.dll
0x00007ffb2db00000 - 0x00007ffb2e210000 	C:\WINDOWS\System32\windows.storage.dll
0x00007ffb2fb60000 - 0x00007ffb2fbb1000 	C:\WINDOWS\System32\shlwapi.dll
0x00007ffb2d120000 - 0x00007ffb2d131000 	C:\WINDOWS\System32\kernel.appcore.dll
0x00007ffb2d190000 - 0x00007ffb2d1af000 	C:\WINDOWS\System32\profapi.dll
0x00007ffb2d140000 - 0x00007ffb2d18c000 	C:\WINDOWS\System32\powrprof.dll
0x00007ffb2d0f0000 - 0x00007ffb2d0fa000 	C:\WINDOWS\System32\FLTLIB.DLL
0x00007ffb20160000 - 0x00007ffb2017a000 	E:\android_workspace\jre\jre\bin\net.dll
0x00007ffb2c950000 - 0x00007ffb2c9b6000 	C:\WINDOWS\system32\mswsock.dll
0x00007ffb1fe00000 - 0x00007ffb1fe11000 	E:\android_workspace\jre\jre\bin\nio.dll
0x00007ffb1e400000 - 0x00007ffb1e426000 	C:\Users\Administrator\.gradle\native\29\windows-amd64\native-platform.dll
0x00007ffb264c0000 - 0x00007ffb264cd000 	E:\android_workspace\jre\jre\bin\management.dll
0x00007ffb2cb00000 - 0x00007ffb2cb17000 	C:\WINDOWS\SYSTEM32\CRYPTSP.dll
0x00007ffb2c500000 - 0x00007ffb2c533000 	C:\WINDOWS\system32\rsaenh.dll
0x00007ffb2cc30000 - 0x00007ffb2cc55000 	C:\WINDOWS\SYSTEM32\bcrypt.dll
0x00007ffb2cff0000 - 0x00007ffb2d018000 	C:\WINDOWS\SYSTEM32\USERENV.dll
0x00007ffb2cb20000 - 0x00007ffb2cb2b000 	C:\WINDOWS\SYSTEM32\CRYPTBASE.dll
0x00007ffb2c6a0000 - 0x00007ffb2c6d8000 	C:\WINDOWS\SYSTEM32\IPHLPAPI.DLL
0x00007ffb2e270000 - 0x00007ffb2e278000 	C:\WINDOWS\System32\NSI.dll
0x00007ffb227f0000 - 0x00007ffb22806000 	C:\WINDOWS\SYSTEM32\dhcpcsvc6.DLL
0x00007ffb24c70000 - 0x00007ffb24c8a000 	C:\WINDOWS\SYSTEM32\dhcpcsvc.DLL

VM Arguments:
jvm_args: -Xmx1536m -Dfile.encoding=GBK -Duser.country=CN -Duser.language=zh -Duser.variant 
java_command: org.gradle.launcher.daemon.bootstrap.GradleDaemon 5.4.1
java_class_path (initial): C:\Users\Administrator\.gradle\wrapper\dists\gradle-5.4.1-all\3221gyojl5jsh0helicew7rwx\gradle-5.4.1\lib\gradle-launcher-5.4.1.jar
Launcher Type: SUN_STANDARD

Environment Variables:
PATH=C:\Program Files (x86)\NetSarang\Xshell 6\;C:\Program Files (x86)\Common Files\Oracle\Java\javapath;C:\Program Files (x86)\Java\jdk1.8.0_171\bin;C:\WINDOWS\system32;C:\WINDOWS;C:\WINDOWS\System32\Wbem;C:\WINDOWS\System32\WindowsPowerShell\v1.0\;"E:\android_SDK\platform-tools;E:\android_SDK\tools";C:\Users\Administrator\AppData\Local\Android\Sdk\platform-tools;"C:\Program Files\Git\bin;C:\Program Files\Git\cmd";C:\Users\Administrator\AppData\Local\Programs\Python\Python36-32\;C:\Program Files\Mozilla Firefox;D:\软件安装\;D:\软件安装\Microsoft VS Code\bin;C:\WINDOWS\System32\OpenSSH\;C:\Program Files\nodejs;E:\Blog\node_modules\.bin;C:\Program Files\nodejs\;D:\MySQL\mysql-5.7.25-winx64\bin;E:\android_SDK;C:\Program Files\dotnet\;C:\Users\Administrator\AppData\Local\Programs\Python\Python37\Scripts\;C:\Users\Administrator\AppData\Local\Programs\Python\Python37\;C:\Users\Administrator\AppData\Local\Programs\Python\Python36-32\Scripts\;C:\Users\Administrator\AppData\Local\Programs\Python\Python36-32\;C:\Users\Administrator\AppData\Local\Microsoft\WindowsApps;C:\Program Files\Git\cmd;C:\Users\Administrator\AppData\Local\Microsoft\WindowsApps;C:\Program Files\nodejs;C:\Users\Administrator\AppData\Roaming\npm;C:\Users\Administrator\.dotnet\tools
USERNAME=斗酒相逢
OS=Windows_NT
PROCESSOR_IDENTIFIER=Intel64 Family 6 Model 69 Stepping 1, GenuineIntel



---------------  S Y S T E M  ---------------

OS: Windows 10.0 , 64 bit Build 17134 (10.0.17134.753)

CPU:total 4 (initial active 4) (2 cores per cpu, 2 threads per core) family 6 model 69 stepping 1, cmov, cx8, fxsr, mmx, sse, sse2, sse3, ssse3, sse4.1, sse4.2, popcnt, avx, avx2, aes, clmul, erms, lzcnt, ht, tsc, tscinvbit, bmi1, bmi2

Memory: 4k page, physical 4088172k(530892k free), swap 8151528k(4084k free)

vm_info: OpenJDK 64-Bit Server VM (25.202-b03) for windows-amd64 JRE (1.8.0_202-release-1483-b03), built by "builder" with MS VC++ 10.0 (VS2010)

time: Sun Mar 22 16:09:44 2020
timezone: 中国标准时间
elapsed time: 6 seconds (0d 0h 0m 6s)

