#
# There is insufficient memory for the Java Runtime Environment to continue.
# Native memory allocation (malloc) failed to allocate 1365136 bytes for Chunk::new
# Possible reasons:
#   The system is out of physical RAM or swap space
#   The process is running with CompressedOops enabled, and the Java Heap may be blocking the growth of the native heap
# Possible solutions:
#   Reduce memory load on the system
#   Increase physical memory or swap space
#   Check if swap backing store is full
#   Decrease Java heap size (-Xmx/-Xms)
#   Decrease number of Java threads
#   Decrease Java thread stack sizes (-Xss)
#   Set larger code cache with -XX:ReservedCodeCacheSize=
#   JVM is running with Unscaled Compressed Oops mode in which the Java heap is
#     placed in the first 4GB address space. The Java Heap base address is the
#     maximum limit for the native heap growth. Please use -XX:HeapBaseMinAddress
#     to set the Java Heap base and to place the Java Heap above 4GB virtual address.
# This output file may be truncated or incomplete.
#
#  Out of Memory Error (allocation.cpp:389), pid=21404, tid=0x00000000000053bc
#
# JRE version: OpenJDK Runtime Environment (8.0_202-b03) (build 1.8.0_202-release-1483-b03)
# Java VM: OpenJDK 64-Bit Server VM (25.202-b03 mixed mode windows-amd64 compressed oops)
# Failed to write core dump. Minidumps are not enabled by default on client versions of Windows
#

---------------  T H R E A D  ---------------

Current thread (0x0000000016acb800):  JavaThread "C2 CompilerThread1" daemon [_thread_in_native, id=21436, stack(0x00000000184e0000,0x00000000185e0000)]

Stack: [0x00000000184e0000,0x00000000185e0000]
[error occurred during error reporting (printing stack bounds), id 0xc0000005]

Native frames: (J=compiled Java code, j=interpreted, Vv=VM code, C=native code)


Current CompileTask:
C2:   6693 1419       4       java.net.URLClassLoader$1::run (5 bytes)


---------------  P R O C E S S  ---------------

Java Threads: ( => current thread )
  0x0000000019c93800 JavaThread "Cache worker for journal cache (C:\Users\Administrator\.gradle\caches\journal-1)" [_thread_blocked, id=11708, stack(0x000000001c380000,0x000000001c480000)]
  0x0000000019c93000 JavaThread "File lock request listener" [_thread_in_native, id=21044, stack(0x000000001c180000,0x000000001c280000)]
  0x0000000019c94800 JavaThread "Cache worker for file hash cache (C:\Users\Administrator\.gradle\caches\5.4.1\fileHashes)" [_thread_blocked, id=13888, stack(0x000000001be80000,0x000000001bf80000)]
  0x000000001a0ee800 JavaThread "Thread-9" [_thread_blocked, id=5484, stack(0x000000001bd80000,0x000000001be80000)]
  0x0000000019836000 JavaThread "Stdin handler" [_thread_blocked, id=13264, stack(0x000000001bc80000,0x000000001bd80000)]
  0x0000000019843000 JavaThread "Asynchronous log dispatcher for DefaultDaemonConnection: socket connection from /127.0.0.1:49447 to /127.0.0.1:49448" [_thread_blocked, id=4508, stack(0x000000001bb80000,0x000000001bc80000)]
  0x0000000019b2f800 JavaThread "Daemon worker" [_thread_in_vm, id=9204, stack(0x000000001ba80000,0x000000001bb80000)]
  0x0000000019b2e000 JavaThread "Cancel handler" [_thread_blocked, id=7712, stack(0x000000001b980000,0x000000001ba80000)]
  0x000000001949d000 JavaThread "Handler for socket connection from /127.0.0.1:49447 to /127.0.0.1:49448" [_thread_in_native, id=21424, stack(0x000000001b680000,0x000000001b780000)]
  0x0000000017fe1000 JavaThread "Daemon" [_thread_blocked, id=19640, stack(0x000000001b580000,0x000000001b680000)]
  0x0000000019ae6000 JavaThread "Daemon periodic checks" [_thread_blocked, id=8256, stack(0x000000001b480000,0x000000001b580000)]
  0x0000000019fb1800 JavaThread "Incoming local TCP Connector on port 49447" [_thread_in_native, id=13860, stack(0x000000001b380000,0x000000001b480000)]
  0x0000000018ffc000 JavaThread "Daemon health stats" [_thread_blocked, id=9256, stack(0x000000001b080000,0x000000001b180000)]
  0x0000000017e74000 JavaThread "Service Thread" daemon [_thread_blocked, id=17648, stack(0x00000000186e0000,0x00000000187e0000)]
  0x0000000017df7000 JavaThread "C1 CompilerThread2" daemon [_thread_blocked, id=10992, stack(0x00000000185e0000,0x00000000186e0000)]
=>0x0000000016acb800 JavaThread "C2 CompilerThread1" daemon [_thread_in_native, id=21436, stack(0x00000000184e0000,0x00000000185e0000)]
  0x0000000016ac8000 JavaThread "C2 CompilerThread0" daemon [_thread_in_native, id=2780, stack(0x00000000183e0000,0x00000000184e0000)]
  0x0000000016a7d000 JavaThread "Attach Listener" daemon [_thread_blocked, id=18768, stack(0x00000000182e0000,0x00000000183e0000)]
  0x0000000017de8800 JavaThread "Signal Dispatcher" daemon [_thread_blocked, id=20748, stack(0x00000000181e0000,0x00000000182e0000)]
  0x00000000030fa000 JavaThread "Finalizer" daemon [_thread_blocked, id=10408, stack(0x0000000017ce0000,0x0000000017de0000)]
  0x00000000030f1000 JavaThread "Reference Handler" daemon [_thread_blocked, id=3756, stack(0x0000000017be0000,0x0000000017ce0000)]
  0x0000000000c6e000 JavaThread "main" [_thread_blocked, id=21476, stack(0x0000000002f00000,0x0000000003000000)]

Other Threads:
  0x0000000016a37000 VMThread [stack: 0x0000000017ae0000,0x0000000017be0000] [id=12932]
  0x0000000017e75000 WatcherThread [stack: 0x00000000187e0000,0x00000000188e0000] [id=15620]

VM state:not at safepoint (normal execution)

VM Mutex/Monitor currently owned by a thread: None

heap address: 0x00000000a0000000, size: 1536 MB, Compressed Oops mode: 32-bit
Narrow klass base: 0x0000000000000000, Narrow klass shift: 3
Compressed class space size: 1073741824 Address: 0x0000000100000000

Heap:
 PSYoungGen      total 21504K, used 9794K [0x00000000e0000000, 0x00000000e2a00000, 0x0000000100000000)
  eden space 16384K, 37% used [0x00000000e0000000,0x00000000e05f3a68,0x00000000e1000000)
  from space 5120K, 72% used [0x00000000e1000000,0x00000000e139cf60,0x00000000e1500000)
  to   space 5120K, 0% used [0x00000000e2500000,0x00000000e2500000,0x00000000e2a00000)
 ParOldGen       total 44032K, used 6563K [0x00000000a0000000, 0x00000000a2b00000, 0x00000000e0000000)
  object space 44032K, 14% used [0x00000000a0000000,0x00000000a0668d08,0x00000000a2b00000)
 Metaspace       used 14965K, capacity 15420K, committed 15616K, reserved 1062912K
  class space    used 2111K, capacity 2268K, committed 2304K, reserved 1048576K

Card table byte_map: [0x00000000124c0000,0x00000000127d0000] byte_map_base: 0x0000000011fc0000

Marking Bits: (ParMarkBitMap*) 0x000000005dc39f30
 Begin Bits: [0x0000000012dd0000, 0x00000000145d0000)
 End Bits:   [0x00000000145d0000, 0x0000000015dd0000)

Polling page: 0x00000000009f0000

CodeCache: size=245760Kb used=5299Kb max_used=5299Kb free=240460Kb
 bounds [0x0000000003100000, 0x0000000003630000, 0x0000000012100000]
 total_blobs=1861 nmethods=1471 adapters=303
 compilation: enabled

Compilation events (10 events):
Event: 6.633 Thread 0x0000000017df7000 nmethod 1468 0x000000000362ac50 code [0x000000000362adc0, 0x000000000362b028]
Event: 6.633 Thread 0x0000000017df7000 1469       3       org.gradle.api.file.internal.FilePathUtil::sizeOfCommonPrefix (142 bytes)
Event: 6.635 Thread 0x0000000017df7000 nmethod 1469 0x000000000362b0d0 code [0x000000000362b340, 0x000000000362c768]
Event: 6.635 Thread 0x0000000017df7000 1470       3       org.gradle.internal.file.DefaultFileHierarchySet$Node::sizeOfCommonPrefix (10 bytes)
Event: 6.635 Thread 0x0000000017df7000 nmethod 1470 0x000000000362d0d0 code [0x000000000362d240, 0x000000000362d428]
Event: 6.635 Thread 0x0000000017df7000 1471       3       org.gradle.api.file.internal.FilePathUtil::sizeOfCommonPrefix (10 bytes)
Event: 6.636 Thread 0x0000000017df7000 nmethod 1471 0x000000000362d510 code [0x000000000362d680, 0x000000000362d7e8]
Event: 6.643 Thread 0x0000000016ac8000 1472   !   4       java.net.URLClassLoader$1::run (63 bytes)
Event: 6.656 Thread 0x0000000017df7000 1473       3       java.lang.Package::<init> (56 bytes)
Event: 6.656 Thread 0x0000000017df7000 nmethod 1473 0x000000000362d890 code [0x000000000362d9e0, 0x000000000362dc50]

GC Heap History (10 events):
Event: 3.098 GC heap before
{Heap before GC invocations=3 (full 0):
 PSYoungGen      total 18944K, used 18922K [0x00000000e0000000, 0x00000000e1500000, 0x0000000100000000)
  eden space 16384K, 100% used [0x00000000e0000000,0x00000000e1000000,0x00000000e1000000)
  from space 2560K, 99% used [0x00000000e1280000,0x00000000e14fa9f8,0x00000000e1500000)
  to   space 2560K, 0% used [0x00000000e1000000,0x00000000e1000000,0x00000000e1280000)
 ParOldGen       total 44032K, used 1152K [0x00000000a0000000, 0x00000000a2b00000, 0x00000000e0000000)
  object space 44032K, 2% used [0x00000000a0000000,0x00000000a0120130,0x00000000a2b00000)
 Metaspace       used 7200K, capacity 7538K, committed 7680K, reserved 1056768K
  class space    used 875K, capacity 982K, committed 1024K, reserved 1048576K
Event: 3.104 GC heap after
Heap after GC invocations=3 (full 0):
 PSYoungGen      total 18944K, used 2552K [0x00000000e0000000, 0x00000000e1500000, 0x0000000100000000)
  eden space 16384K, 0% used [0x00000000e0000000,0x00000000e0000000,0x00000000e1000000)
  from space 2560K, 99% used [0x00000000e1000000,0x00000000e127e030,0x00000000e1280000)
  to   space 2560K, 0% used [0x00000000e1280000,0x00000000e1280000,0x00000000e1500000)
 ParOldGen       total 44032K, used 1694K [0x00000000a0000000, 0x00000000a2b00000, 0x00000000e0000000)
  object space 44032K, 3% used [0x00000000a0000000,0x00000000a01a7b78,0x00000000a2b00000)
 Metaspace       used 7200K, capacity 7538K, committed 7680K, reserved 1056768K
  class space    used 875K, capacity 982K, committed 1024K, reserved 1048576K
}
Event: 3.397 GC heap before
{Heap before GC invocations=4 (full 0):
 PSYoungGen      total 18944K, used 18936K [0x00000000e0000000, 0x00000000e1500000, 0x0000000100000000)
  eden space 16384K, 100% used [0x00000000e0000000,0x00000000e1000000,0x00000000e1000000)
  from space 2560K, 99% used [0x00000000e1000000,0x00000000e127e030,0x00000000e1280000)
  to   space 2560K, 0% used [0x00000000e1280000,0x00000000e1280000,0x00000000e1500000)
 ParOldGen       total 44032K, used 1694K [0x00000000a0000000, 0x00000000a2b00000, 0x00000000e0000000)
  object space 44032K, 3% used [0x00000000a0000000,0x00000000a01a7b78,0x00000000a2b00000)
 Metaspace       used 8686K, capacity 9014K, committed 9216K, reserved 1056768K
  class space    used 1112K, capacity 1177K, committed 1280K, reserved 1048576K
Event: 3.404 GC heap after
Heap after GC invocations=4 (full 0):
 PSYoungGen      total 18944K, used 2552K [0x00000000e0000000, 0x00000000e1500000, 0x0000000100000000)
  eden space 16384K, 0% used [0x00000000e0000000,0x00000000e0000000,0x00000000e1000000)
  from space 2560K, 99% used [0x00000000e1280000,0x00000000e14fe010,0x00000000e1500000)
  to   space 2560K, 0% used [0x00000000e1000000,0x00000000e1000000,0x00000000e1280000)
 ParOldGen       total 44032K, used 3179K [0x00000000a0000000, 0x00000000a2b00000, 0x00000000e0000000)
  object space 44032K, 7% used [0x00000000a0000000,0x00000000a031af08,0x00000000a2b00000)
 Metaspace       used 8686K, capacity 9014K, committed 9216K, reserved 1056768K
  class space    used 1112K, capacity 1177K, committed 1280K, reserved 1048576K
}
Event: 6.003 GC heap before
{Heap before GC invocations=5 (full 0):
 PSYoungGen      total 18944K, used 18936K [0x00000000e0000000, 0x00000000e1500000, 0x0000000100000000)
  eden space 16384K, 100% used [0x00000000e0000000,0x00000000e1000000,0x00000000e1000000)
  from space 2560K, 99% used [0x00000000e1280000,0x00000000e14fe010,0x00000000e1500000)
  to   space 2560K, 0% used [0x00000000e1000000,0x00000000e1000000,0x00000000e1280000)
 ParOldGen       total 44032K, used 3179K [0x00000000a0000000, 0x00000000a2b00000, 0x00000000e0000000)
  object space 44032K, 7% used [0x00000000a0000000,0x00000000a031af08,0x00000000a2b00000)
 Metaspace       used 12228K, capacity 12646K, committed 12800K, reserved 1060864K
  class space    used 1632K, capacity 1743K, committed 1792K, reserved 1048576K
Event: 6.014 GC heap after
Heap after GC invocations=5 (full 0):
 PSYoungGen      total 18944K, used 2552K [0x00000000e0000000, 0x00000000e1a00000, 0x0000000100000000)
  eden space 16384K, 0% used [0x00000000e0000000,0x00000000e0000000,0x00000000e1000000)
  from space 2560K, 99% used [0x00000000e1000000,0x00000000e127e010,0x00000000e1280000)
  to   space 5120K, 0% used [0x00000000e1500000,0x00000000e1500000,0x00000000e1a00000)
 ParOldGen       total 44032K, used 5546K [0x00000000a0000000, 0x00000000a2b00000, 0x00000000e0000000)
  object space 44032K, 12% used [0x00000000a0000000,0x00000000a056a890,0x00000000a2b00000)
 Metaspace       used 12228K, capacity 12646K, committed 12800K, reserved 1060864K
  class space    used 1632K, capacity 1743K, committed 1792K, reserved 1048576K
}
Event: 6.259 GC heap before
{Heap before GC invocations=6 (full 0):
 PSYoungGen      total 18944K, used 18936K [0x00000000e0000000, 0x00000000e1a00000, 0x0000000100000000)
  eden space 16384K, 100% used [0x00000000e0000000,0x00000000e1000000,0x00000000e1000000)
  from space 2560K, 99% used [0x00000000e1000000,0x00000000e127e010,0x00000000e1280000)
  to   space 5120K, 0% used [0x00000000e1500000,0x00000000e1500000,0x00000000e1a00000)
 ParOldGen       total 44032K, used 5546K [0x00000000a0000000, 0x00000000a2b00000, 0x00000000e0000000)
  object space 44032K, 12% used [0x00000000a0000000,0x00000000a056a890,0x00000000a2b00000)
 Metaspace       used 13342K, capacity 13772K, committed 14080K, reserved 1060864K
  class space    used 1830K, capacity 1970K, committed 2048K, reserved 1048576K
Event: 6.267 GC heap after
Heap after GC invocations=6 (full 0):
 PSYoungGen      total 21504K, used 4274K [0x00000000e0000000, 0x00000000e2a00000, 0x0000000100000000)
  eden space 16384K, 0% used [0x00000000e0000000,0x00000000e0000000,0x00000000e1000000)
  from space 5120K, 83% used [0x00000000e1500000,0x00000000e192cb40,0x00000000e1a00000)
  to   space 5120K, 0% used [0x00000000e1000000,0x00000000e1000000,0x00000000e1500000)
 ParOldGen       total 44032K, used 5554K [0x00000000a0000000, 0x00000000a2b00000, 0x00000000e0000000)
  object space 44032K, 12% used [0x00000000a0000000,0x00000000a056c890,0x00000000a2b00000)
 Metaspace       used 13342K, capacity 13772K, committed 14080K, reserved 1060864K
  class space    used 1830K, capacity 1970K, committed 2048K, reserved 1048576K
}
Event: 6.534 GC heap before
{Heap before GC invocations=7 (full 0):
 PSYoungGen      total 21504K, used 20658K [0x00000000e0000000, 0x00000000e2a00000, 0x0000000100000000)
  eden space 16384K, 100% used [0x00000000e0000000,0x00000000e1000000,0x00000000e1000000)
  from space 5120K, 83% used [0x00000000e1500000,0x00000000e192cb40,0x00000000e1a00000)
  to   space 5120K, 0% used [0x00000000e1000000,0x00000000e1000000,0x00000000e1500000)
 ParOldGen       total 44032K, used 5554K [0x00000000a0000000, 0x00000000a2b00000, 0x00000000e0000000)
  object space 44032K, 12% used [0x00000000a0000000,0x00000000a056c890,0x00000000a2b00000)
 Metaspace       used 14511K, capacity 14926K, committed 14976K, reserved 1062912K
  class space    used 2034K, capacity 2163K, committed 2176K, reserved 1048576K
Event: 6.544 GC heap after
Heap after GC invocations=7 (full 0):
 PSYoungGen      total 21504K, used 3699K [0x00000000e0000000, 0x00000000e2a00000, 0x0000000100000000)
  eden space 16384K, 0% used [0x00000000e0000000,0x00000000e0000000,0x00000000e1000000)
  from space 5120K, 72% used [0x00000000e1000000,0x00000000e139cf60,0x00000000e1500000)
  to   space 5120K, 0% used [0x00000000e2500000,0x00000000e2500000,0x00000000e2a00000)
 ParOldGen       total 44032K, used 6563K [0x00000000a0000000, 0x00000000a2b00000, 0x00000000e0000000)
  object space 44032K, 14% used [0x00000000a0000000,0x00000000a0668d08,0x00000000a2b00000)
 Metaspace       used 14511K, capacity 14926K, committed 14976K, reserved 1062912K
  class space    used 2034K, capacity 2163K, committed 2176K, reserved 1048576K
}

Deoptimization events (10 events):
Event: 5.905 Thread 0x0000000019b2f800 Uncommon trap: reason=unstable_if action=reinterpret pc=0x0000000003543dec method=sun.nio.cs.ext.DoubleByte$Encoder.encodeArrayLoop(Ljava/nio/CharBuffer;Ljava/nio/ByteBuffer;)Ljava/nio/charset/CoderResult; @ 218
Event: 5.913 Thread 0x0000000019b2f800 Uncommon trap: reason=bimorphic action=maybe_recompile pc=0x00000000033819e8 method=java.util.HashMap.putVal(ILjava/lang/Object;Ljava/lang/Object;ZZ)Ljava/lang/Object; @ 253
Event: 5.913 Thread 0x0000000019b2f800 Uncommon trap: reason=bimorphic action=maybe_recompile pc=0x00000000033819e8 method=java.util.HashMap.putVal(ILjava/lang/Object;Ljava/lang/Object;ZZ)Ljava/lang/Object; @ 253
Event: 5.913 Thread 0x0000000019b2f800 Uncommon trap: reason=bimorphic action=maybe_recompile pc=0x00000000033819e8 method=java.util.HashMap.putVal(ILjava/lang/Object;Ljava/lang/Object;ZZ)Ljava/lang/Object; @ 253
Event: 5.913 Thread 0x0000000019b2f800 Uncommon trap: reason=bimorphic action=maybe_recompile pc=0x00000000033819e8 method=java.util.HashMap.putVal(ILjava/lang/Object;Ljava/lang/Object;ZZ)Ljava/lang/Object; @ 253
Event: 5.913 Thread 0x0000000019b2f800 Uncommon trap: reason=bimorphic action=maybe_recompile pc=0x00000000033727d0 method=java.util.HashMap.putVal(ILjava/lang/Object;Ljava/lang/Object;ZZ)Ljava/lang/Object; @ 253
Event: 6.279 Thread 0x0000000019b2f800 Uncommon trap: reason=class_check action=maybe_recompile pc=0x00000000033db298 method=java.util.regex.Matcher.match(II)Z @ 86
Event: 6.298 Thread 0x0000000019b2f800 Uncommon trap: reason=class_check action=maybe_recompile pc=0x00000000033db298 method=java.util.regex.Matcher.match(II)Z @ 86
Event: 6.299 Thread 0x0000000019b2f800 Uncommon trap: reason=class_check action=maybe_recompile pc=0x00000000033db298 method=java.util.regex.Matcher.match(II)Z @ 86
Event: 6.299 Thread 0x0000000019b2f800 Uncommon trap: reason=class_check action=maybe_recompile pc=0x000000000339359c method=java.util.regex.Matcher.match(II)Z @ 86

Classes redefined (0 events):
No events

Internal exceptions (10 events):
Event: 5.802 Thread 0x000000001949d000 Exception <a 'java/lang/NoSuchMethodError': <clinit>> (0x00000000e0b0b2d0) thrown at [D:\src\AOSP-openjdk-cygwin\jdk8u\hotspot\src\share\vm\prims\jni.cpp, line 1614]
Event: 5.808 Thread 0x000000001949d000 Exception <a 'java/lang/NoSuchMethodError': <clinit>> (0x00000000e0b1e620) thrown at [D:\src\AOSP-openjdk-cygwin\jdk8u\hotspot\src\share\vm\prims\jni.cpp, line 1614]
Event: 5.813 Thread 0x000000001949d000 Exception <a 'java/lang/NoSuchMethodError': <clinit>> (0x00000000e0b45aa0) thrown at [D:\src\AOSP-openjdk-cygwin\jdk8u\hotspot\src\share\vm\prims\jni.cpp, line 1614]
Event: 5.815 Thread 0x000000001949d000 Exception <a 'java/lang/NoSuchMethodError': <clinit>> (0x00000000e0b5db98) thrown at [D:\src\AOSP-openjdk-cygwin\jdk8u\hotspot\src\share\vm\prims\jni.cpp, line 1614]
Event: 5.816 Thread 0x000000001949d000 Exception <a 'java/lang/NoSuchMethodError': <clinit>> (0x00000000e0b66828) thrown at [D:\src\AOSP-openjdk-cygwin\jdk8u\hotspot\src\share\vm\prims\jni.cpp, line 1614]
Event: 5.820 Thread 0x000000001949d000 Exception <a 'java/lang/NoSuchMethodError': <clinit>> (0x00000000e0b7ced8) thrown at [D:\src\AOSP-openjdk-cygwin\jdk8u\hotspot\src\share\vm\prims\jni.cpp, line 1614]
Event: 5.839 Thread 0x000000001949d000 Exception <a 'java/lang/NoSuchMethodError': <clinit>> (0x00000000e0bdd040) thrown at [D:\src\AOSP-openjdk-cygwin\jdk8u\hotspot\src\share\vm\prims\jni.cpp, line 1614]
Event: 5.849 Thread 0x000000001949d000 Exception <a 'java/lang/NoSuchMethodError': <clinit>> (0x00000000e0c09df0) thrown at [D:\src\AOSP-openjdk-cygwin\jdk8u\hotspot\src\share\vm\prims\jni.cpp, line 1614]
Event: 5.863 Thread 0x000000001949d000 Exception <a 'java/lang/NoSuchMethodError': <clinit>> (0x00000000e0c38520) thrown at [D:\src\AOSP-openjdk-cygwin\jdk8u\hotspot\src\share\vm\prims\jni.cpp, line 1614]
Event: 5.865 Thread 0x000000001949d000 Exception <a 'java/lang/NoSuchMethodError': <clinit>> (0x00000000e0c43820) thrown at [D:\src\AOSP-openjdk-cygwin\jdk8u\hotspot\src\share\vm\prims\jni.cpp, line 1614]

Events (10 events):
Event: 6.669 loading class org/apache/tools/ant/taskdefs/condition/Os
Event: 6.669 loading class org/apache/tools/ant/taskdefs/condition/Os done
Event: 6.670 loading class org/apache/tools/ant/taskdefs/condition/Condition
Event: 6.670 loading class org/apache/tools/ant/taskdefs/condition/Condition done
Event: 6.673 loading class org/apache/tools/ant/util/FileUtils
Event: 6.673 loading class org/apache/tools/ant/util/FileUtils done
Event: 6.682 loading class org/apache/tools/ant/util/FileUtils$2
Event: 6.683 loading class org/apache/tools/ant/util/FileUtils$2 done
Event: 6.689 loading class org/apache/tools/ant/util/SymbolicLinkUtils
Event: 6.689 loading class org/apache/tools/ant/util/SymbolicLinkUtils done


Dynamic libraries:
0x00007ff7dd870000 - 0x00007ff7dd8a1000 	E:\android_workspace\jre\bin\java.exe
0x00007ffb30e00000 - 0x00007ffb30fe1000 	C:\WINDOWS\SYSTEM32\ntdll.dll
0x00007ffb30400000 - 0x00007ffb304b1000 	C:\WINDOWS\System32\KERNEL32.DLL
0x00007ffb2d780000 - 0x00007ffb2d9f3000 	C:\WINDOWS\System32\KERNELBASE.dll
0x00007ffb2f730000 - 0x00007ffb2f7d1000 	C:\WINDOWS\System32\ADVAPI32.dll
0x00007ffb2f7e0000 - 0x00007ffb2f87e000 	C:\WINDOWS\System32\msvcrt.dll
0x00007ffb2e280000 - 0x00007ffb2e2db000 	C:\WINDOWS\System32\sechost.dll
0x00007ffb2f880000 - 0x00007ffb2f9a4000 	C:\WINDOWS\System32\RPCRT4.dll
0x00007ffb30240000 - 0x00007ffb303d1000 	C:\WINDOWS\System32\USER32.dll
0x00007ffb2d5c0000 - 0x00007ffb2d5e0000 	C:\WINDOWS\System32\win32u.dll
0x00007ffb30c40000 - 0x00007ffb30c68000 	C:\WINDOWS\System32\GDI32.dll
0x00007ffb2d1b0000 - 0x00007ffb2d341000 	C:\WINDOWS\System32\gdi32full.dll
0x00007ffb2d5e0000 - 0x00007ffb2d67f000 	C:\WINDOWS\System32\msvcp_win.dll
0x00007ffb2da00000 - 0x00007ffb2daf8000 	C:\WINDOWS\System32\ucrtbase.dll
0x00007ffb21d20000 - 0x00007ffb21f89000 	C:\WINDOWS\WinSxS\amd64_microsoft.windows.common-controls_6595b64144ccf1df_6.0.17134.1184_none_d403e8b37c8ca406\COMCTL32.dll
0x00007ffb304c0000 - 0x00007ffb307e1000 	C:\WINDOWS\System32\combase.dll
0x00007ffb2d540000 - 0x00007ffb2d5b9000 	C:\WINDOWS\System32\bcryptPrimitives.dll
0x00007ffb300e0000 - 0x00007ffb3010d000 	C:\WINDOWS\System32\IMM32.DLL
0x000000005d390000 - 0x000000005d462000 	E:\android_workspace\jre\jre\bin\msvcr100.dll
0x000000005d470000 - 0x000000005dcb6000 	E:\android_workspace\jre\jre\bin\server\jvm.dll
0x00007ffb2fb50000 - 0x00007ffb2fb58000 	C:\WINDOWS\System32\PSAPI.DLL
0x00007ffb29f10000 - 0x00007ffb29f33000 	C:\WINDOWS\SYSTEM32\WINMM.dll
0x00007ffb29ff0000 - 0x00007ffb29ff9000 	C:\WINDOWS\SYSTEM32\WSOCK32.dll
0x00007ffb30070000 - 0x00007ffb300dc000 	C:\WINDOWS\System32\WS2_32.dll
0x00007ffb29ee0000 - 0x00007ffb29f0a000 	C:\WINDOWS\SYSTEM32\winmmbase.dll
0x00007ffb2d680000 - 0x00007ffb2d6c9000 	C:\WINDOWS\System32\cfgmgr32.dll
0x00007ffb1cb60000 - 0x00007ffb1cb6a000 	C:\WINDOWS\SYSTEM32\VERSION.dll
0x00007ffb27690000 - 0x00007ffb2769f000 	E:\android_workspace\jre\jre\bin\verify.dll
0x00007ffb1e290000 - 0x00007ffb1e2b9000 	E:\android_workspace\jre\jre\bin\java.dll
0x00007ffb21220000 - 0x00007ffb21236000 	E:\android_workspace\jre\jre\bin\zip.dll
0x00007ffb2e2e0000 - 0x00007ffb2f725000 	C:\WINDOWS\System32\SHELL32.dll
0x00007ffb2f9b0000 - 0x00007ffb2fa59000 	C:\WINDOWS\System32\shcore.dll
0x00007ffb2db00000 - 0x00007ffb2e210000 	C:\WINDOWS\System32\windows.storage.dll
0x00007ffb2fb60000 - 0x00007ffb2fbb1000 	C:\WINDOWS\System32\shlwapi.dll
0x00007ffb2d120000 - 0x00007ffb2d131000 	C:\WINDOWS\System32\kernel.appcore.dll
0x00007ffb2d190000 - 0x00007ffb2d1af000 	C:\WINDOWS\System32\profapi.dll
0x00007ffb2d140000 - 0x00007ffb2d18c000 	C:\WINDOWS\System32\powrprof.dll
0x00007ffb2d0f0000 - 0x00007ffb2d0fa000 	C:\WINDOWS\System32\FLTLIB.DLL
0x00007ffb20160000 - 0x00007ffb2017a000 	E:\android_workspace\jre\jre\bin\net.dll
0x00007ffb2c950000 - 0x00007ffb2c9b6000 	C:\WINDOWS\system32\mswsock.dll
0x00007ffb1fe00000 - 0x00007ffb1fe11000 	E:\android_workspace\jre\jre\bin\nio.dll
0x00007ffb1e400000 - 0x00007ffb1e426000 	C:\Users\Administrator\.gradle\native\29\windows-amd64\native-platform.dll
0x00007ffb264c0000 - 0x00007ffb264cd000 	E:\android_workspace\jre\jre\bin\management.dll
0x00007ffb2cb00000 - 0x00007ffb2cb17000 	C:\WINDOWS\SYSTEM32\CRYPTSP.dll
0x00007ffb2c500000 - 0x00007ffb2c533000 	C:\WINDOWS\system32\rsaenh.dll
0x00007ffb2cc30000 - 0x00007ffb2cc55000 	C:\WINDOWS\SYSTEM32\bcrypt.dll
0x00007ffb2cff0000 - 0x00007ffb2d018000 	C:\WINDOWS\SYSTEM32\USERENV.dll
0x00007ffb2cb20000 - 0x00007ffb2cb2b000 	C:\WINDOWS\SYSTEM32\CRYPTBASE.dll
0x00007ffb2c6a0000 - 0x00007ffb2c6d8000 	C:\WINDOWS\SYSTEM32\IPHLPAPI.DLL
0x00007ffb2e270000 - 0x00007ffb2e278000 	C:\WINDOWS\System32\NSI.dll
0x00007ffb227f0000 - 0x00007ffb22806000 	C:\WINDOWS\SYSTEM32\dhcpcsvc6.DLL
0x00007ffb24c70000 - 0x00007ffb24c8a000 	C:\WINDOWS\SYSTEM32\dhcpcsvc.DLL

VM Arguments:
jvm_args: -Xmx1536m -Dfile.encoding=GBK -Duser.country=CN -Duser.language=zh -Duser.variant 
java_command: org.gradle.launcher.daemon.bootstrap.GradleDaemon 5.4.1
java_class_path (initial): C:\Users\Administrator\.gradle\wrapper\dists\gradle-5.4.1-all\3221gyojl5jsh0helicew7rwx\gradle-5.4.1\lib\gradle-launcher-5.4.1.jar
Launcher Type: SUN_STANDARD

Environment Variables:
PATH=C:\Program Files (x86)\NetSarang\Xshell 6\;C:\Program Files (x86)\Common Files\Oracle\Java\javapath;C:\Program Files (x86)\Java\jdk1.8.0_171\bin;C:\WINDOWS\system32;C:\WINDOWS;C:\WINDOWS\System32\Wbem;C:\WINDOWS\System32\WindowsPowerShell\v1.0\;"E:\android_SDK\platform-tools;E:\android_SDK\tools";C:\Users\Administrator\AppData\Local\Android\Sdk\platform-tools;"C:\Program Files\Git\bin;C:\Program Files\Git\cmd";C:\Users\Administrator\AppData\Local\Programs\Python\Python36-32\;C:\Program Files\Mozilla Firefox;D:\软件安装\;D:\软件安装\Microsoft VS Code\bin;C:\WINDOWS\System32\OpenSSH\;C:\Program Files\nodejs;E:\Blog\node_modules\.bin;C:\Program Files\nodejs\;D:\MySQL\mysql-5.7.25-winx64\bin;E:\android_SDK;C:\Program Files\dotnet\;C:\Users\Administrator\AppData\Local\Programs\Python\Python37\Scripts\;C:\Users\Administrator\AppData\Local\Programs\Python\Python37\;C:\Users\Administrator\AppData\Local\Programs\Python\Python36-32\Scripts\;C:\Users\Administrator\AppData\Local\Programs\Python\Python36-32\;C:\Users\Administrator\AppData\Local\Microsoft\WindowsApps;C:\Program Files\Git\cmd;C:\Users\Administrator\AppData\Local\Microsoft\WindowsApps;C:\Program Files\nodejs;C:\Users\Administrator\AppData\Roaming\npm;C:\Users\Administrator\.dotnet\tools
USERNAME=斗酒相逢
OS=Windows_NT
PROCESSOR_IDENTIFIER=Intel64 Family 6 Model 69 Stepping 1, GenuineIntel



---------------  S Y S T E M  ---------------

OS: Windows 10.0 , 64 bit Build 17134 (10.0.17134.753)

CPU:total 4 (initial active 4) (2 cores per cpu, 2 threads per core) family 6 model 69 stepping 1, cmov, cx8, fxsr, mmx, sse, sse2, sse3, ssse3, sse4.1, sse4.2, popcnt, avx, avx2, aes, clmul, erms, lzcnt, ht, tsc, tscinvbit, bmi1, bmi2

Memory: 4k page, physical 4088172k(564792k free), swap 8151528k(3072k free)

vm_info: OpenJDK 64-Bit Server VM (25.202-b03) for windows-amd64 JRE (1.8.0_202-release-1483-b03), built by "builder" with MS VC++ 10.0 (VS2010)

time: Sun Mar 22 16:08:47 2020
timezone: 中国标准时间
elapsed time: 6 seconds (0d 0h 0m 6s)

