#
# There is insufficient memory for the Java Runtime Environment to continue.
# Native memory allocation (malloc) failed to allocate 726016 bytes for Chunk::new
# Possible reasons:
#   The system is out of physical RAM or swap space
#   The process is running with CompressedOops enabled, and the Java Heap may be blocking the growth of the native heap
# Possible solutions:
#   Reduce memory load on the system
#   Increase physical memory or swap space
#   Check if swap backing store is full
#   Decrease Java heap size (-Xmx/-Xms)
#   Decrease number of Java threads
#   Decrease Java thread stack sizes (-Xss)
#   Set larger code cache with -XX:ReservedCodeCacheSize=
#   JVM is running with Unscaled Compressed Oops mode in which the Java heap is
#     placed in the first 4GB address space. The Java Heap base address is the
#     maximum limit for the native heap growth. Please use -XX:HeapBaseMinAddress
#     to set the Java Heap base and to place the Java Heap above 4GB virtual address.
# This output file may be truncated or incomplete.
#
#  Out of Memory Error (allocation.cpp:389), pid=16500, tid=0x000000000000082c
#
# JRE version: OpenJDK Runtime Environment (8.0_202-b03) (build 1.8.0_202-release-1483-b03)
# Java VM: OpenJDK 64-Bit Server VM (25.202-b03 mixed mode windows-amd64 compressed oops)
# Failed to write core dump. Minidumps are not enabled by default on client versions of Windows
#

---------------  T H R E A D  ---------------

Current thread (0x0000000016b89000):  JavaThread "C2 CompilerThread0" daemon [_thread_in_native, id=2092, stack(0x0000000018490000,0x0000000018590000)]

Stack: [0x0000000018490000,0x0000000018590000]
[error occurred during error reporting (printing stack bounds), id 0xc0000005]

Native frames: (J=compiled Java code, j=interpreted, Vv=VM code, C=native code)


Current CompileTask:
C2:   8820 1489   !   4       java.net.URLClassLoader$1::run (63 bytes)


---------------  P R O C E S S  ---------------

Java Threads: ( => current thread )
  0x0000000019c2d000 JavaThread "Cache worker for journal cache (C:\Users\Administrator\.gradle\caches\journal-1)" [_thread_blocked, id=288, stack(0x000000001c4f0000,0x000000001c5f0000)]
  0x0000000019c30000 JavaThread "File lock request listener" [_thread_in_native, id=16492, stack(0x000000001c2f0000,0x000000001c3f0000)]
  0x0000000019c29000 JavaThread "Cache worker for file hash cache (C:\Users\Administrator\.gradle\caches\5.4.1\fileHashes)" [_thread_blocked, id=5288, stack(0x000000001bff0000,0x000000001c0f0000)]
  0x000000001955b000 JavaThread "Thread-9" [_thread_blocked, id=6784, stack(0x000000001bef0000,0x000000001bff0000)]
  0x0000000018092800 JavaThread "Stdin handler" [_thread_blocked, id=20744, stack(0x000000001bdf0000,0x000000001bef0000)]
  0x000000001a287800 JavaThread "Asynchronous log dispatcher for DefaultDaemonConnection: socket connection from /127.0.0.1:49409 to /127.0.0.1:49410" [_thread_blocked, id=13164, stack(0x000000001bcf0000,0x000000001bdf0000)]
  0x0000000019980000 JavaThread "Daemon worker" [_thread_in_native, id=13284, stack(0x000000001bbf0000,0x000000001bcf0000)]
  0x0000000019558800 JavaThread "Cancel handler" [_thread_blocked, id=13640, stack(0x000000001baf0000,0x000000001bbf0000)]
  0x0000000019d43000 JavaThread "Handler for socket connection from /127.0.0.1:49409 to /127.0.0.1:49410" [_thread_in_native, id=16100, stack(0x000000001b7f0000,0x000000001b8f0000)]
  0x0000000019958000 JavaThread "Daemon" [_thread_blocked, id=18416, stack(0x000000001b6f0000,0x000000001b7f0000)]
  0x0000000017f38000 JavaThread "Daemon periodic checks" [_thread_blocked, id=14864, stack(0x000000001b5f0000,0x000000001b6f0000)]
  0x000000001a0fc800 JavaThread "Incoming local TCP Connector on port 49409" [_thread_in_native, id=5928, stack(0x000000001b440000,0x000000001b540000)]
  0x00000000193e8800 JavaThread "Daemon health stats" [_thread_blocked, id=12468, stack(0x000000001a160000,0x000000001a260000)]
  0x0000000017f0c000 JavaThread "Service Thread" daemon [_thread_blocked, id=17840, stack(0x0000000018790000,0x0000000018890000)]
  0x0000000017e9e800 JavaThread "C1 CompilerThread2" daemon [_thread_blocked, id=12452, stack(0x0000000018690000,0x0000000018790000)]
  0x0000000016b8d000 JavaThread "C2 CompilerThread1" daemon [_thread_in_native, id=14952, stack(0x0000000018590000,0x0000000018690000)]
=>0x0000000016b89000 JavaThread "C2 CompilerThread0" daemon [_thread_in_native, id=2092, stack(0x0000000018490000,0x0000000018590000)]
  0x0000000016b3e000 JavaThread "Attach Listener" daemon [_thread_blocked, id=18576, stack(0x0000000018390000,0x0000000018490000)]
  0x0000000017e98800 JavaThread "Signal Dispatcher" daemon [_thread_blocked, id=14020, stack(0x0000000018290000,0x0000000018390000)]
  0x00000000031ba000 JavaThread "Finalizer" daemon [_thread_blocked, id=21188, stack(0x0000000017d90000,0x0000000017e90000)]
  0x00000000031b1000 JavaThread "Reference Handler" daemon [_thread_blocked, id=18236, stack(0x0000000017c90000,0x0000000017d90000)]
  0x0000000002fbe000 JavaThread "main" [_thread_blocked, id=11620, stack(0x0000000002fc0000,0x00000000030c0000)]

Other Threads:
  0x0000000016af7000 VMThread [stack: 0x0000000017b90000,0x0000000017c90000] [id=14036]
  0x0000000017f1d000 WatcherThread [stack: 0x0000000018890000,0x0000000018990000] [id=14492]

VM state:not at safepoint (normal execution)

VM Mutex/Monitor currently owned by a thread: None

heap address: 0x00000000a0000000, size: 1536 MB, Compressed Oops mode: 32-bit
Narrow klass base: 0x0000000000000000, Narrow klass shift: 3
Compressed class space size: 1073741824 Address: 0x0000000100000000

Heap:
 PSYoungGen      total 21504K, used 11201K [0x00000000e0000000, 0x00000000e2a00000, 0x0000000100000000)
  eden space 16384K, 45% used [0x00000000e0000000,0x00000000e0750d68,0x00000000e1000000)
  from space 5120K, 72% used [0x00000000e1000000,0x00000000e139f788,0x00000000e1500000)
  to   space 5120K, 0% used [0x00000000e2500000,0x00000000e2500000,0x00000000e2a00000)
 ParOldGen       total 44032K, used 6538K [0x00000000a0000000, 0x00000000a2b00000, 0x00000000e0000000)
  object space 44032K, 14% used [0x00000000a0000000,0x00000000a0662b30,0x00000000a2b00000)
 Metaspace       used 15112K, capacity 15580K, committed 15616K, reserved 1062912K
  class space    used 2135K, capacity 2300K, committed 2304K, reserved 1048576K

Card table byte_map: [0x0000000012580000,0x0000000012890000] byte_map_base: 0x0000000012080000

Marking Bits: (ParMarkBitMap*) 0x000000005dc39f30
 Begin Bits: [0x0000000012e90000, 0x0000000014690000)
 End Bits:   [0x0000000014690000, 0x0000000015e90000)

Polling page: 0x0000000000d70000

CodeCache: size=245760Kb used=5354Kb max_used=5354Kb free=240405Kb
 bounds [0x00000000031c0000, 0x0000000003700000, 0x00000000121c0000]
 total_blobs=1881 nmethods=1491 adapters=303
 compilation: enabled

Compilation events (10 events):
Event: 8.732 Thread 0x0000000017e9e800 1491       3       java.util.concurrent.locks.ReentrantLock$Sync::nonfairTryAcquire (67 bytes)
Event: 8.733 Thread 0x0000000017e9e800 nmethod 1491 0x00000000036fa490 code [0x00000000036fa620, 0x00000000036fad48]
Event: 8.766 Thread 0x0000000017e9e800 1492       3       java.util.concurrent.locks.LockSupport::setBlocker (12 bytes)
Event: 8.767 Thread 0x0000000017e9e800 nmethod 1492 0x00000000036fb850 code [0x00000000036fb9a0, 0x00000000036fbaf0]
Event: 8.779 Thread 0x0000000017e9e800 1493       3       java.util.concurrent.locks.ReentrantLock$NonfairSync::tryAcquire (6 bytes)
Event: 8.779 Thread 0x0000000017e9e800 nmethod 1493 0x00000000036fbb50 code [0x00000000036fbcc0, 0x00000000036fbec8]
Event: 8.791 Thread 0x0000000017e9e800 1494       3       java.util.concurrent.locks.AbstractQueuedSynchronizer::isOnSyncQueue (33 bytes)
Event: 8.792 Thread 0x0000000017e9e800 nmethod 1494 0x00000000036fbf50 code [0x00000000036fc0c0, 0x00000000036fc450]
Event: 8.816 Thread 0x0000000017e9e800 1496       3       java.nio.HeapByteBuffer::ix (7 bytes)
Event: 8.816 Thread 0x0000000017e9e800 nmethod 1496 0x00000000036fc910 code [0x00000000036fca60, 0x00000000036fcbb0]

GC Heap History (10 events):
Event: 3.784 GC heap before
{Heap before GC invocations=3 (full 0):
 PSYoungGen      total 18944K, used 18921K [0x00000000e0000000, 0x00000000e1500000, 0x0000000100000000)
  eden space 16384K, 100% used [0x00000000e0000000,0x00000000e1000000,0x00000000e1000000)
  from space 2560K, 99% used [0x00000000e1280000,0x00000000e14fa6d8,0x00000000e1500000)
  to   space 2560K, 0% used [0x00000000e1000000,0x00000000e1000000,0x00000000e1280000)
 ParOldGen       total 44032K, used 1156K [0x00000000a0000000, 0x00000000a2b00000, 0x00000000e0000000)
  object space 44032K, 2% used [0x00000000a0000000,0x00000000a01210b0,0x00000000a2b00000)
 Metaspace       used 7200K, capacity 7538K, committed 7680K, reserved 1056768K
  class space    used 874K, capacity 982K, committed 1024K, reserved 1048576K
Event: 3.791 GC heap after
Heap after GC invocations=3 (full 0):
 PSYoungGen      total 18944K, used 2552K [0x00000000e0000000, 0x00000000e1500000, 0x0000000100000000)
  eden space 16384K, 0% used [0x00000000e0000000,0x00000000e0000000,0x00000000e1000000)
  from space 2560K, 99% used [0x00000000e1000000,0x00000000e127e030,0x00000000e1280000)
  to   space 2560K, 0% used [0x00000000e1280000,0x00000000e1280000,0x00000000e1500000)
 ParOldGen       total 44032K, used 1673K [0x00000000a0000000, 0x00000000a2b00000, 0x00000000e0000000)
  object space 44032K, 3% used [0x00000000a0000000,0x00000000a01a2728,0x00000000a2b00000)
 Metaspace       used 7200K, capacity 7538K, committed 7680K, reserved 1056768K
  class space    used 874K, capacity 982K, committed 1024K, reserved 1048576K
}
Event: 4.104 GC heap before
{Heap before GC invocations=4 (full 0):
 PSYoungGen      total 18944K, used 18936K [0x00000000e0000000, 0x00000000e1500000, 0x0000000100000000)
  eden space 16384K, 100% used [0x00000000e0000000,0x00000000e1000000,0x00000000e1000000)
  from space 2560K, 99% used [0x00000000e1000000,0x00000000e127e030,0x00000000e1280000)
  to   space 2560K, 0% used [0x00000000e1280000,0x00000000e1280000,0x00000000e1500000)
 ParOldGen       total 44032K, used 1673K [0x00000000a0000000, 0x00000000a2b00000, 0x00000000e0000000)
  object space 44032K, 3% used [0x00000000a0000000,0x00000000a01a2728,0x00000000a2b00000)
 Metaspace       used 8692K, capacity 9014K, committed 9216K, reserved 1056768K
  class space    used 1111K, capacity 1177K, committed 1280K, reserved 1048576K
Event: 4.111 GC heap after
Heap after GC invocations=4 (full 0):
 PSYoungGen      total 18944K, used 2536K [0x00000000e0000000, 0x00000000e1500000, 0x0000000100000000)
  eden space 16384K, 0% used [0x00000000e0000000,0x00000000e0000000,0x00000000e1000000)
  from space 2560K, 99% used [0x00000000e1280000,0x00000000e14fa020,0x00000000e1500000)
  to   space 2560K, 0% used [0x00000000e1000000,0x00000000e1000000,0x00000000e1280000)
 ParOldGen       total 44032K, used 3187K [0x00000000a0000000, 0x00000000a2b00000, 0x00000000e0000000)
  object space 44032K, 7% used [0x00000000a0000000,0x00000000a031cca8,0x00000000a2b00000)
 Metaspace       used 8692K, capacity 9014K, committed 9216K, reserved 1056768K
  class space    used 1111K, capacity 1177K, committed 1280K, reserved 1048576K
}
Event: 7.452 GC heap before
{Heap before GC invocations=5 (full 0):
 PSYoungGen      total 18944K, used 18920K [0x00000000e0000000, 0x00000000e1500000, 0x0000000100000000)
  eden space 16384K, 100% used [0x00000000e0000000,0x00000000e1000000,0x00000000e1000000)
  from space 2560K, 99% used [0x00000000e1280000,0x00000000e14fa020,0x00000000e1500000)
  to   space 2560K, 0% used [0x00000000e1000000,0x00000000e1000000,0x00000000e1280000)
 ParOldGen       total 44032K, used 3187K [0x00000000a0000000, 0x00000000a2b00000, 0x00000000e0000000)
  object space 44032K, 7% used [0x00000000a0000000,0x00000000a031cca8,0x00000000a2b00000)
 Metaspace       used 12242K, capacity 12646K, committed 12800K, reserved 1060864K
  class space    used 1630K, capacity 1743K, committed 1792K, reserved 1048576K
Event: 7.474 GC heap after
Heap after GC invocations=5 (full 0):
 PSYoungGen      total 18944K, used 2552K [0x00000000e0000000, 0x00000000e1a00000, 0x0000000100000000)
  eden space 16384K, 0% used [0x00000000e0000000,0x00000000e0000000,0x00000000e1000000)
  from space 2560K, 99% used [0x00000000e1000000,0x00000000e127e010,0x00000000e1280000)
  to   space 5120K, 0% used [0x00000000e1500000,0x00000000e1500000,0x00000000e1a00000)
 ParOldGen       total 44032K, used 5557K [0x00000000a0000000, 0x00000000a2b00000, 0x00000000e0000000)
  object space 44032K, 12% used [0x00000000a0000000,0x00000000a056d6c8,0x00000000a2b00000)
 Metaspace       used 12242K, capacity 12646K, committed 12800K, reserved 1060864K
  class space    used 1630K, capacity 1743K, committed 1792K, reserved 1048576K
}
Event: 7.992 GC heap before
{Heap before GC invocations=6 (full 0):
 PSYoungGen      total 18944K, used 18936K [0x00000000e0000000, 0x00000000e1a00000, 0x0000000100000000)
  eden space 16384K, 100% used [0x00000000e0000000,0x00000000e1000000,0x00000000e1000000)
  from space 2560K, 99% used [0x00000000e1000000,0x00000000e127e010,0x00000000e1280000)
  to   space 5120K, 0% used [0x00000000e1500000,0x00000000e1500000,0x00000000e1a00000)
 ParOldGen       total 44032K, used 5557K [0x00000000a0000000, 0x00000000a2b00000, 0x00000000e0000000)
  object space 44032K, 12% used [0x00000000a0000000,0x00000000a056d6c8,0x00000000a2b00000)
 Metaspace       used 13356K, capacity 13836K, committed 14080K, reserved 1060864K
  class space    used 1829K, capacity 1970K, committed 2048K, reserved 1048576K
Event: 8.014 GC heap after
Heap after GC invocations=6 (full 0):
 PSYoungGen      total 21504K, used 4178K [0x00000000e0000000, 0x00000000e2a00000, 0x0000000100000000)
  eden space 16384K, 0% used [0x00000000e0000000,0x00000000e0000000,0x00000000e1000000)
  from space 5120K, 81% used [0x00000000e1500000,0x00000000e1914b40,0x00000000e1a00000)
  to   space 5120K, 0% used [0x00000000e1000000,0x00000000e1000000,0x00000000e1500000)
 ParOldGen       total 44032K, used 5557K [0x00000000a0000000, 0x00000000a2b00000, 0x00000000e0000000)
  object space 44032K, 12% used [0x00000000a0000000,0x00000000a056d6c8,0x00000000a2b00000)
 Metaspace       used 13356K, capacity 13836K, committed 14080K, reserved 1060864K
  class space    used 1829K, capacity 1970K, committed 2048K, reserved 1048576K
}
Event: 8.530 GC heap before
{Heap before GC invocations=7 (full 0):
 PSYoungGen      total 21504K, used 20562K [0x00000000e0000000, 0x00000000e2a00000, 0x0000000100000000)
  eden space 16384K, 100% used [0x00000000e0000000,0x00000000e1000000,0x00000000e1000000)
  from space 5120K, 81% used [0x00000000e1500000,0x00000000e1914b40,0x00000000e1a00000)
  to   space 5120K, 0% used [0x00000000e1000000,0x00000000e1000000,0x00000000e1500000)
 ParOldGen       total 44032K, used 5557K [0x00000000a0000000, 0x00000000a2b00000, 0x00000000e0000000)
  object space 44032K, 12% used [0x00000000a0000000,0x00000000a056d6c8,0x00000000a2b00000)
 Metaspace       used 14528K, capacity 14990K, committed 15232K, reserved 1062912K
  class space    used 2034K, capacity 2163K, committed 2176K, reserved 1048576K
Event: 8.544 GC heap after
Heap after GC invocations=7 (full 0):
 PSYoungGen      total 21504K, used 3709K [0x00000000e0000000, 0x00000000e2a00000, 0x0000000100000000)
  eden space 16384K, 0% used [0x00000000e0000000,0x00000000e0000000,0x00000000e1000000)
  from space 5120K, 72% used [0x00000000e1000000,0x00000000e139f788,0x00000000e1500000)
  to   space 5120K, 0% used [0x00000000e2500000,0x00000000e2500000,0x00000000e2a00000)
 ParOldGen       total 44032K, used 6538K [0x00000000a0000000, 0x00000000a2b00000, 0x00000000e0000000)
  object space 44032K, 14% used [0x00000000a0000000,0x00000000a0662b30,0x00000000a2b00000)
 Metaspace       used 14528K, capacity 14990K, committed 15232K, reserved 1062912K
  class space    used 2034K, capacity 2163K, committed 2176K, reserved 1048576K
}

Deoptimization events (10 events):
Event: 7.038 Thread 0x0000000019d43000 Uncommon trap: reason=unstable_if action=reinterpret pc=0x00000000035a59b0 method=java.util.concurrent.ConcurrentHashMap.putVal(Ljava/lang/Object;Ljava/lang/Object;Z)Ljava/lang/Object; @ 206
Event: 7.206 Thread 0x0000000019980000 Uncommon trap: reason=unstable_if action=reinterpret pc=0x000000000361492c method=sun.nio.cs.ext.DoubleByte$Encoder.encodeArrayLoop(Ljava/nio/CharBuffer;Ljava/nio/ByteBuffer;)Ljava/nio/charset/CoderResult; @ 218
Event: 7.252 Thread 0x0000000019980000 Uncommon trap: reason=bimorphic action=maybe_recompile pc=0x0000000003435e58 method=java.util.HashMap.putVal(ILjava/lang/Object;Ljava/lang/Object;ZZ)Ljava/lang/Object; @ 253
Event: 7.252 Thread 0x0000000019980000 Uncommon trap: reason=bimorphic action=maybe_recompile pc=0x0000000003435e58 method=java.util.HashMap.putVal(ILjava/lang/Object;Ljava/lang/Object;ZZ)Ljava/lang/Object; @ 253
Event: 7.253 Thread 0x0000000019980000 Uncommon trap: reason=bimorphic action=maybe_recompile pc=0x0000000003435e58 method=java.util.HashMap.putVal(ILjava/lang/Object;Ljava/lang/Object;ZZ)Ljava/lang/Object; @ 253
Event: 7.253 Thread 0x0000000019980000 Uncommon trap: reason=bimorphic action=maybe_recompile pc=0x0000000003435e58 method=java.util.HashMap.putVal(ILjava/lang/Object;Ljava/lang/Object;ZZ)Ljava/lang/Object; @ 253
Event: 8.043 Thread 0x0000000019980000 Uncommon trap: reason=class_check action=maybe_recompile pc=0x000000000349a5d8 method=java.util.regex.Matcher.match(II)Z @ 86
Event: 8.097 Thread 0x0000000019980000 Uncommon trap: reason=class_check action=maybe_recompile pc=0x000000000349a5d8 method=java.util.regex.Matcher.match(II)Z @ 86
Event: 8.098 Thread 0x0000000019980000 Uncommon trap: reason=class_check action=maybe_recompile pc=0x000000000349a5d8 method=java.util.regex.Matcher.match(II)Z @ 86
Event: 8.098 Thread 0x0000000019980000 Uncommon trap: reason=class_check action=maybe_recompile pc=0x0000000003451c1c method=java.util.regex.Matcher.match(II)Z @ 86

Classes redefined (0 events):
No events

Internal exceptions (10 events):
Event: 7.050 Thread 0x0000000019d43000 Exception <a 'java/lang/NoSuchMethodError': <clinit>> (0x00000000e0b0b8e0) thrown at [D:\src\AOSP-openjdk-cygwin\jdk8u\hotspot\src\share\vm\prims\jni.cpp, line 1614]
Event: 7.057 Thread 0x0000000019d43000 Exception <a 'java/lang/NoSuchMethodError': <clinit>> (0x00000000e0b1ec30) thrown at [D:\src\AOSP-openjdk-cygwin\jdk8u\hotspot\src\share\vm\prims\jni.cpp, line 1614]
Event: 7.065 Thread 0x0000000019d43000 Exception <a 'java/lang/NoSuchMethodError': <clinit>> (0x00000000e0b461c8) thrown at [D:\src\AOSP-openjdk-cygwin\jdk8u\hotspot\src\share\vm\prims\jni.cpp, line 1614]
Event: 7.070 Thread 0x0000000019d43000 Exception <a 'java/lang/NoSuchMethodError': <clinit>> (0x00000000e0b5e2c0) thrown at [D:\src\AOSP-openjdk-cygwin\jdk8u\hotspot\src\share\vm\prims\jni.cpp, line 1614]
Event: 7.072 Thread 0x0000000019d43000 Exception <a 'java/lang/NoSuchMethodError': <clinit>> (0x00000000e0b66f50) thrown at [D:\src\AOSP-openjdk-cygwin\jdk8u\hotspot\src\share\vm\prims\jni.cpp, line 1614]
Event: 7.076 Thread 0x0000000019d43000 Exception <a 'java/lang/NoSuchMethodError': <clinit>> (0x00000000e0b7d620) thrown at [D:\src\AOSP-openjdk-cygwin\jdk8u\hotspot\src\share\vm\prims\jni.cpp, line 1614]
Event: 7.100 Thread 0x0000000019d43000 Exception <a 'java/lang/NoSuchMethodError': <clinit>> (0x00000000e0bdd828) thrown at [D:\src\AOSP-openjdk-cygwin\jdk8u\hotspot\src\share\vm\prims\jni.cpp, line 1614]
Event: 7.110 Thread 0x0000000019d43000 Exception <a 'java/lang/NoSuchMethodError': <clinit>> (0x00000000e0c0a5e8) thrown at [D:\src\AOSP-openjdk-cygwin\jdk8u\hotspot\src\share\vm\prims\jni.cpp, line 1614]
Event: 7.126 Thread 0x0000000019d43000 Exception <a 'java/lang/NoSuchMethodError': <clinit>> (0x00000000e0c38cd8) thrown at [D:\src\AOSP-openjdk-cygwin\jdk8u\hotspot\src\share\vm\prims\jni.cpp, line 1614]
Event: 7.128 Thread 0x0000000019d43000 Exception <a 'java/lang/NoSuchMethodError': <clinit>> (0x00000000e0c43fd8) thrown at [D:\src\AOSP-openjdk-cygwin\jdk8u\hotspot\src\share\vm\prims\jni.cpp, line 1614]

Events (10 events):
Event: 8.806 loading class org/gradle/internal/fingerprint/FingerprintCompareStrategy
Event: 8.806 loading class org/gradle/internal/fingerprint/FingerprintCompareStrategy done
Event: 8.807 loading class org/gradle/internal/change/Change
Event: 8.807 loading class org/gradle/internal/change/Change done
Event: 8.811 loading class org/gradle/internal/change/ChangeVisitor
Event: 8.811 loading class org/gradle/internal/change/ChangeVisitor done
Event: 8.812 loading class org/gradle/internal/fingerprint/impl/EmptyCurrentFileCollectionFingerprint
Event: 8.812 loading class org/gradle/internal/fingerprint/impl/EmptyCurrentFileCollectionFingerprint done
Event: 8.814 loading class org/gradle/api/internal/changedetection/state/JarHasher
Event: 8.814 loading class org/gradle/api/internal/changedetection/state/JarHasher done


Dynamic libraries:
0x00007ff7dd870000 - 0x00007ff7dd8a1000 	E:\android_workspace\jre\bin\java.exe
0x00007ffb30e00000 - 0x00007ffb30fe1000 	C:\WINDOWS\SYSTEM32\ntdll.dll
0x00007ffb30400000 - 0x00007ffb304b1000 	C:\WINDOWS\System32\KERNEL32.DLL
0x00007ffb2d780000 - 0x00007ffb2d9f3000 	C:\WINDOWS\System32\KERNELBASE.dll
0x00007ffb2f730000 - 0x00007ffb2f7d1000 	C:\WINDOWS\System32\ADVAPI32.dll
0x00007ffb2f7e0000 - 0x00007ffb2f87e000 	C:\WINDOWS\System32\msvcrt.dll
0x00007ffb2e280000 - 0x00007ffb2e2db000 	C:\WINDOWS\System32\sechost.dll
0x00007ffb2f880000 - 0x00007ffb2f9a4000 	C:\WINDOWS\System32\RPCRT4.dll
0x00007ffb30240000 - 0x00007ffb303d1000 	C:\WINDOWS\System32\USER32.dll
0x00007ffb2d5c0000 - 0x00007ffb2d5e0000 	C:\WINDOWS\System32\win32u.dll
0x00007ffb30c40000 - 0x00007ffb30c68000 	C:\WINDOWS\System32\GDI32.dll
0x00007ffb2d1b0000 - 0x00007ffb2d341000 	C:\WINDOWS\System32\gdi32full.dll
0x00007ffb2d5e0000 - 0x00007ffb2d67f000 	C:\WINDOWS\System32\msvcp_win.dll
0x00007ffb2da00000 - 0x00007ffb2daf8000 	C:\WINDOWS\System32\ucrtbase.dll
0x00007ffb21d20000 - 0x00007ffb21f89000 	C:\WINDOWS\WinSxS\amd64_microsoft.windows.common-controls_6595b64144ccf1df_6.0.17134.1184_none_d403e8b37c8ca406\COMCTL32.dll
0x00007ffb304c0000 - 0x00007ffb307e1000 	C:\WINDOWS\System32\combase.dll
0x00007ffb2d540000 - 0x00007ffb2d5b9000 	C:\WINDOWS\System32\bcryptPrimitives.dll
0x00007ffb300e0000 - 0x00007ffb3010d000 	C:\WINDOWS\System32\IMM32.DLL
0x000000005d390000 - 0x000000005d462000 	E:\android_workspace\jre\jre\bin\msvcr100.dll
0x000000005d470000 - 0x000000005dcb6000 	E:\android_workspace\jre\jre\bin\server\jvm.dll
0x00007ffb2fb50000 - 0x00007ffb2fb58000 	C:\WINDOWS\System32\PSAPI.DLL
0x00007ffb29f10000 - 0x00007ffb29f33000 	C:\WINDOWS\SYSTEM32\WINMM.dll
0x00007ffb1cb60000 - 0x00007ffb1cb6a000 	C:\WINDOWS\SYSTEM32\VERSION.dll
0x00007ffb29ee0000 - 0x00007ffb29f0a000 	C:\WINDOWS\SYSTEM32\winmmbase.dll
0x00007ffb2d680000 - 0x00007ffb2d6c9000 	C:\WINDOWS\System32\cfgmgr32.dll
0x00007ffb29ff0000 - 0x00007ffb29ff9000 	C:\WINDOWS\SYSTEM32\WSOCK32.dll
0x00007ffb30070000 - 0x00007ffb300dc000 	C:\WINDOWS\System32\WS2_32.dll
0x00007ffb27690000 - 0x00007ffb2769f000 	E:\android_workspace\jre\jre\bin\verify.dll
0x00007ffb1e290000 - 0x00007ffb1e2b9000 	E:\android_workspace\jre\jre\bin\java.dll
0x00007ffb21220000 - 0x00007ffb21236000 	E:\android_workspace\jre\jre\bin\zip.dll
0x00007ffb2e2e0000 - 0x00007ffb2f725000 	C:\WINDOWS\System32\SHELL32.dll
0x00007ffb2f9b0000 - 0x00007ffb2fa59000 	C:\WINDOWS\System32\shcore.dll
0x00007ffb2db00000 - 0x00007ffb2e210000 	C:\WINDOWS\System32\windows.storage.dll
0x00007ffb2fb60000 - 0x00007ffb2fbb1000 	C:\WINDOWS\System32\shlwapi.dll
0x00007ffb2d120000 - 0x00007ffb2d131000 	C:\WINDOWS\System32\kernel.appcore.dll
0x00007ffb2d190000 - 0x00007ffb2d1af000 	C:\WINDOWS\System32\profapi.dll
0x00007ffb2d140000 - 0x00007ffb2d18c000 	C:\WINDOWS\System32\powrprof.dll
0x00007ffb2d0f0000 - 0x00007ffb2d0fa000 	C:\WINDOWS\System32\FLTLIB.DLL
0x00007ffb20160000 - 0x00007ffb2017a000 	E:\android_workspace\jre\jre\bin\net.dll
0x00007ffb2c950000 - 0x00007ffb2c9b6000 	C:\WINDOWS\system32\mswsock.dll
0x00007ffb1fe00000 - 0x00007ffb1fe11000 	E:\android_workspace\jre\jre\bin\nio.dll
0x00007ffb1e400000 - 0x00007ffb1e426000 	C:\Users\Administrator\.gradle\native\29\windows-amd64\native-platform.dll
0x00007ffb264c0000 - 0x00007ffb264cd000 	E:\android_workspace\jre\jre\bin\management.dll
0x00007ffb2cb00000 - 0x00007ffb2cb17000 	C:\WINDOWS\SYSTEM32\CRYPTSP.dll
0x00007ffb2c500000 - 0x00007ffb2c533000 	C:\WINDOWS\system32\rsaenh.dll
0x00007ffb2cc30000 - 0x00007ffb2cc55000 	C:\WINDOWS\SYSTEM32\bcrypt.dll
0x00007ffb2cff0000 - 0x00007ffb2d018000 	C:\WINDOWS\SYSTEM32\USERENV.dll
0x00007ffb2cb20000 - 0x00007ffb2cb2b000 	C:\WINDOWS\SYSTEM32\CRYPTBASE.dll
0x00007ffb2c6a0000 - 0x00007ffb2c6d8000 	C:\WINDOWS\SYSTEM32\IPHLPAPI.DLL
0x00007ffb2e270000 - 0x00007ffb2e278000 	C:\WINDOWS\System32\NSI.dll
0x00007ffb227f0000 - 0x00007ffb22806000 	C:\WINDOWS\SYSTEM32\dhcpcsvc6.DLL
0x00007ffb24c70000 - 0x00007ffb24c8a000 	C:\WINDOWS\SYSTEM32\dhcpcsvc.DLL

VM Arguments:
jvm_args: -Xmx1536m -Dfile.encoding=GBK -Duser.country=CN -Duser.language=zh -Duser.variant 
java_command: org.gradle.launcher.daemon.bootstrap.GradleDaemon 5.4.1
java_class_path (initial): C:\Users\Administrator\.gradle\wrapper\dists\gradle-5.4.1-all\3221gyojl5jsh0helicew7rwx\gradle-5.4.1\lib\gradle-launcher-5.4.1.jar
Launcher Type: SUN_STANDARD

Environment Variables:
PATH=C:\Program Files (x86)\NetSarang\Xshell 6\;C:\Program Files (x86)\Common Files\Oracle\Java\javapath;C:\Program Files (x86)\Java\jdk1.8.0_171\bin;C:\WINDOWS\system32;C:\WINDOWS;C:\WINDOWS\System32\Wbem;C:\WINDOWS\System32\WindowsPowerShell\v1.0\;"E:\android_SDK\platform-tools;E:\android_SDK\tools";C:\Users\Administrator\AppData\Local\Android\Sdk\platform-tools;"C:\Program Files\Git\bin;C:\Program Files\Git\cmd";C:\Users\Administrator\AppData\Local\Programs\Python\Python36-32\;C:\Program Files\Mozilla Firefox;D:\软件安装\;D:\软件安装\Microsoft VS Code\bin;C:\WINDOWS\System32\OpenSSH\;C:\Program Files\nodejs;E:\Blog\node_modules\.bin;C:\Program Files\nodejs\;D:\MySQL\mysql-5.7.25-winx64\bin;E:\android_SDK;C:\Program Files\dotnet\;C:\Users\Administrator\AppData\Local\Programs\Python\Python37\Scripts\;C:\Users\Administrator\AppData\Local\Programs\Python\Python37\;C:\Users\Administrator\AppData\Local\Programs\Python\Python36-32\Scripts\;C:\Users\Administrator\AppData\Local\Programs\Python\Python36-32\;C:\Users\Administrator\AppData\Local\Microsoft\WindowsApps;C:\Program Files\Git\cmd;C:\Users\Administrator\AppData\Local\Microsoft\WindowsApps;C:\Program Files\nodejs;C:\Users\Administrator\AppData\Roaming\npm;C:\Users\Administrator\.dotnet\tools
USERNAME=斗酒相逢
OS=Windows_NT
PROCESSOR_IDENTIFIER=Intel64 Family 6 Model 69 Stepping 1, GenuineIntel



---------------  S Y S T E M  ---------------

OS: Windows 10.0 , 64 bit Build 17134 (10.0.17134.753)

CPU:total 4 (initial active 4) (2 cores per cpu, 2 threads per core) family 6 model 69 stepping 1, cmov, cx8, fxsr, mmx, sse, sse2, sse3, ssse3, sse4.1, sse4.2, popcnt, avx, avx2, aes, clmul, erms, lzcnt, ht, tsc, tscinvbit, bmi1, bmi2

Memory: 4k page, physical 4088172k(579448k free), swap 8151528k(5376k free)

vm_info: OpenJDK 64-Bit Server VM (25.202-b03) for windows-amd64 JRE (1.8.0_202-release-1483-b03), built by "builder" with MS VC++ 10.0 (VS2010)

time: Sun Mar 22 16:08:19 2020
timezone: 中国标准时间
elapsed time: 8 seconds (0d 0h 0m 8s)

