#
# There is insufficient memory for the Java Runtime Environment to continue.
# Native memory allocation (malloc) failed to allocate 1785296 bytes for Chunk::new
# Possible reasons:
#   The system is out of physical RAM or swap space
#   The process is running with CompressedOops enabled, and the Java Heap may be blocking the growth of the native heap
# Possible solutions:
#   Reduce memory load on the system
#   Increase physical memory or swap space
#   Check if swap backing store is full
#   Decrease Java heap size (-Xmx/-Xms)
#   Decrease number of Java threads
#   Decrease Java thread stack sizes (-Xss)
#   Set larger code cache with -XX:ReservedCodeCacheSize=
#   JVM is running with Unscaled Compressed Oops mode in which the Java heap is
#     placed in the first 4GB address space. The Java Heap base address is the
#     maximum limit for the native heap growth. Please use -XX:HeapBaseMinAddress
#     to set the Java Heap base and to place the Java Heap above 4GB virtual address.
# This output file may be truncated or incomplete.
#
#  Out of Memory Error (allocation.cpp:389), pid=21220, tid=0x0000000000004a68
#
# JRE version: OpenJDK Runtime Environment (8.0_202-b03) (build 1.8.0_202-release-1483-b03)
# Java VM: OpenJDK 64-Bit Server VM (25.202-b03 mixed mode windows-amd64 compressed oops)
# Failed to write core dump. Minidumps are not enabled by default on client versions of Windows
#

---------------  T H R E A D  ---------------

Current thread (0x0000000016ef8000):  JavaThread "C2 CompilerThread0" daemon [_thread_in_native, id=19048, stack(0x0000000018860000,0x0000000018960000)]

Stack: [0x0000000018860000,0x0000000018960000]
[error occurred during error reporting (printing stack bounds), id 0xc0000005]

Native frames: (J=compiled Java code, j=interpreted, Vv=VM code, C=native code)


Current CompileTask:
C2:  11855 1500   !   4       java.net.URLClassLoader$1::run (63 bytes)


---------------  P R O C E S S  ---------------

Java Threads: ( => current thread )
  0x0000000019070800 JavaThread "Cache worker for file hash cache (E:\ReHut\.gradle\5.4.1\fileHashes)" [_thread_blocked, id=6692, stack(0x000000001efd0000,0x000000001f0d0000)]
  0x0000000019073000 JavaThread "Cache worker for journal cache (C:\Users\Administrator\.gradle\caches\journal-1)" [_thread_blocked, id=14556, stack(0x000000001c8d0000,0x000000001c9d0000)]
  0x000000001906e800 JavaThread "File lock request listener" [_thread_in_native, id=18424, stack(0x000000001c6d0000,0x000000001c7d0000)]
  0x0000000019029800 JavaThread "Cache worker for file hash cache (C:\Users\Administrator\.gradle\caches\5.4.1\fileHashes)" [_thread_blocked, id=11040, stack(0x000000001c3d0000,0x000000001c4d0000)]
  0x000000001a37e000 JavaThread "Thread-9" [_thread_blocked, id=20304, stack(0x000000001b300000,0x000000001b400000)]
  0x000000001a37b800 JavaThread "Stdin handler" [_thread_blocked, id=5384, stack(0x000000001b200000,0x000000001b300000)]
  0x000000001a37a800 JavaThread "Asynchronous log dispatcher for DefaultDaemonConnection: socket connection from /127.0.0.1:49393 to /127.0.0.1:49394" [_thread_blocked, id=20756, stack(0x000000001b100000,0x000000001b200000)]
  0x000000001a252000 JavaThread "Daemon worker" [_thread_in_native, id=16616, stack(0x000000001b000000,0x000000001b100000)]
  0x00000000199c9800 JavaThread "Cancel handler" [_thread_blocked, id=19784, stack(0x000000001af00000,0x000000001b000000)]
  0x0000000019c1f000 JavaThread "Handler for socket connection from /127.0.0.1:49393 to /127.0.0.1:49394" [_thread_in_native, id=18468, stack(0x000000001ac00000,0x000000001ad00000)]
  0x0000000019c1c000 JavaThread "Daemon" [_thread_blocked, id=14484, stack(0x000000001ab00000,0x000000001ac00000)]
  0x000000001a447000 JavaThread "Daemon periodic checks" [_thread_blocked, id=3540, stack(0x000000001aa00000,0x000000001ab00000)]
  0x000000001a478000 JavaThread "Incoming local TCP Connector on port 49393" [_thread_in_native, id=8432, stack(0x000000001a850000,0x000000001a950000)]
  0x000000001a090000 JavaThread "Daemon health stats" [_thread_blocked, id=3260, stack(0x000000001a530000,0x000000001a630000)]
  0x00000000182e2800 JavaThread "Service Thread" daemon [_thread_blocked, id=11628, stack(0x0000000018b60000,0x0000000018c60000)]
  0x00000000182a8800 JavaThread "C1 CompilerThread2" daemon [_thread_blocked, id=9768, stack(0x0000000018a60000,0x0000000018b60000)]
  0x0000000016efb000 JavaThread "C2 CompilerThread1" daemon [_thread_in_native, id=11844, stack(0x0000000018960000,0x0000000018a60000)]
=>0x0000000016ef8000 JavaThread "C2 CompilerThread0" daemon [_thread_in_native, id=19048, stack(0x0000000018860000,0x0000000018960000)]
  0x0000000016ead000 JavaThread "Attach Listener" daemon [_thread_blocked, id=14828, stack(0x0000000018760000,0x0000000018860000)]
  0x0000000018268800 JavaThread "Signal Dispatcher" daemon [_thread_blocked, id=12948, stack(0x0000000018660000,0x0000000018760000)]
  0x000000000352a000 JavaThread "Finalizer" daemon [_thread_blocked, id=13732, stack(0x0000000018100000,0x0000000018200000)]
  0x0000000003521000 JavaThread "Reference Handler" daemon [_thread_blocked, id=12092, stack(0x0000000018000000,0x0000000018100000)]
  0x00000000016ce000 JavaThread "main" [_thread_blocked, id=19120, stack(0x0000000003330000,0x0000000003430000)]

Other Threads:
  0x0000000016e67000 VMThread [stack: 0x0000000017f00000,0x0000000018000000] [id=19636]
  0x00000000182e3800 WatcherThread [stack: 0x0000000018c60000,0x0000000018d60000] [id=18904]

VM state:not at safepoint (normal execution)

VM Mutex/Monitor currently owned by a thread: None

heap address: 0x00000000a0000000, size: 1536 MB, Compressed Oops mode: 32-bit
Narrow klass base: 0x0000000000000000, Narrow klass shift: 3
Compressed class space size: 1073741824 Address: 0x0000000100000000

Heap:
 PSYoungGen      total 37888K, used 18813K [0x00000000e0000000, 0x00000000e2a00000, 0x0000000100000000)
  eden space 32768K, 46% used [0x00000000e0000000,0x00000000e0ed0c60,0x00000000e2000000)
  from space 5120K, 71% used [0x00000000e2500000,0x00000000e288e948,0x00000000e2a00000)
  to   space 5120K, 0% used [0x00000000e2000000,0x00000000e2000000,0x00000000e2500000)
 ParOldGen       total 44032K, used 7352K [0x00000000a0000000, 0x00000000a2b00000, 0x00000000e0000000)
  object space 44032K, 16% used [0x00000000a0000000,0x00000000a072e1f0,0x00000000a2b00000)
 Metaspace       used 17359K, capacity 17852K, committed 18048K, reserved 1064960K
  class space    used 2495K, capacity 2652K, committed 2688K, reserved 1048576K

Card table byte_map: [0x00000000128f0000,0x0000000012c00000] byte_map_base: 0x00000000123f0000

Marking Bits: (ParMarkBitMap*) 0x000000005dc39f30
 Begin Bits: [0x0000000013200000, 0x0000000014a00000)
 End Bits:   [0x0000000014a00000, 0x0000000016200000)

Polling page: 0x00000000016b0000

CodeCache: size=245760Kb used=5177Kb max_used=5177Kb free=240582Kb
 bounds [0x0000000003530000, 0x0000000003a50000, 0x0000000012530000]
 total_blobs=1892 nmethods=1491 adapters=314
 compilation: enabled

Compilation events (10 events):
Event: 11.848 Thread 0x00000000182a8800 1614       1       org.objectweb.asm.SymbolTable::get (13 bytes)
Event: 11.849 Thread 0x00000000182a8800 nmethod 1614 0x0000000003a3ffd0 code [0x0000000003a40120, 0x0000000003a40270]
Event: 11.849 Thread 0x00000000182a8800 1616       3       org.objectweb.asm.ByteVector::putShort (52 bytes)
Event: 11.849 Thread 0x00000000182a8800 nmethod 1616 0x0000000003a40350 code [0x0000000003a404c0, 0x0000000003a40708]
Event: 11.849 Thread 0x00000000182a8800 1613       3       org.objectweb.asm.Frame::push (109 bytes)
Event: 11.850 Thread 0x00000000182a8800 nmethod 1613 0x0000000003a40890 code [0x0000000003a40a20, 0x0000000003a40ef8]
Event: 11.850 Thread 0x00000000182a8800 1615       1       org.objectweb.asm.SymbolTable::getMajorVersion (5 bytes)
Event: 11.850 Thread 0x00000000182a8800 nmethod 1615 0x0000000003a410d0 code [0x0000000003a41220, 0x0000000003a41330]
Event: 11.850 Thread 0x00000000182a8800 1612       3       org.objectweb.asm.ByteVector::put12 (64 bytes)
Event: 11.851 Thread 0x00000000182a8800 nmethod 1612 0x0000000003a41390 code [0x0000000003a41500, 0x0000000003a41788]

GC Heap History (10 events):
Event: 6.036 GC heap before
{Heap before GC invocations=4 (full 0):
 PSYoungGen      total 18944K, used 18936K [0x00000000e0000000, 0x00000000e1500000, 0x0000000100000000)
  eden space 16384K, 100% used [0x00000000e0000000,0x00000000e1000000,0x00000000e1000000)
  from space 2560K, 99% used [0x00000000e1000000,0x00000000e127e010,0x00000000e1280000)
  to   space 2560K, 0% used [0x00000000e1280000,0x00000000e1280000,0x00000000e1500000)
 ParOldGen       total 44032K, used 1630K [0x00000000a0000000, 0x00000000a2b00000, 0x00000000e0000000)
  object space 44032K, 3% used [0x00000000a0000000,0x00000000a0197a68,0x00000000a2b00000)
 Metaspace       used 8694K, capacity 9014K, committed 9216K, reserved 1056768K
  class space    used 1112K, capacity 1177K, committed 1280K, reserved 1048576K
Event: 6.045 GC heap after
Heap after GC invocations=4 (full 0):
 PSYoungGen      total 18944K, used 2536K [0x00000000e0000000, 0x00000000e1500000, 0x0000000100000000)
  eden space 16384K, 0% used [0x00000000e0000000,0x00000000e0000000,0x00000000e1000000)
  from space 2560K, 99% used [0x00000000e1280000,0x00000000e14fa020,0x00000000e1500000)
  to   space 2560K, 0% used [0x00000000e1000000,0x00000000e1000000,0x00000000e1280000)
 ParOldGen       total 44032K, used 3128K [0x00000000a0000000, 0x00000000a2b00000, 0x00000000e0000000)
  object space 44032K, 7% used [0x00000000a0000000,0x00000000a030e2e8,0x00000000a2b00000)
 Metaspace       used 8694K, capacity 9014K, committed 9216K, reserved 1056768K
  class space    used 1112K, capacity 1177K, committed 1280K, reserved 1048576K
}
Event: 10.117 GC heap before
{Heap before GC invocations=5 (full 0):
 PSYoungGen      total 18944K, used 18920K [0x00000000e0000000, 0x00000000e1500000, 0x0000000100000000)
  eden space 16384K, 100% used [0x00000000e0000000,0x00000000e1000000,0x00000000e1000000)
  from space 2560K, 99% used [0x00000000e1280000,0x00000000e14fa020,0x00000000e1500000)
  to   space 2560K, 0% used [0x00000000e1000000,0x00000000e1000000,0x00000000e1280000)
 ParOldGen       total 44032K, used 3128K [0x00000000a0000000, 0x00000000a2b00000, 0x00000000e0000000)
  object space 44032K, 7% used [0x00000000a0000000,0x00000000a030e2e8,0x00000000a2b00000)
 Metaspace       used 12235K, capacity 12646K, committed 12800K, reserved 1060864K
  class space    used 1631K, capacity 1743K, committed 1792K, reserved 1048576K
Event: 10.132 GC heap after
Heap after GC invocations=5 (full 0):
 PSYoungGen      total 18944K, used 2552K [0x00000000e0000000, 0x00000000e1a00000, 0x0000000100000000)
  eden space 16384K, 0% used [0x00000000e0000000,0x00000000e0000000,0x00000000e1000000)
  from space 2560K, 99% used [0x00000000e1000000,0x00000000e127e030,0x00000000e1280000)
  to   space 5120K, 0% used [0x00000000e1500000,0x00000000e1500000,0x00000000e1a00000)
 ParOldGen       total 44032K, used 5483K [0x00000000a0000000, 0x00000000a2b00000, 0x00000000e0000000)
  object space 44032K, 12% used [0x00000000a0000000,0x00000000a055ad68,0x00000000a2b00000)
 Metaspace       used 12235K, capacity 12646K, committed 12800K, reserved 1060864K
  class space    used 1631K, capacity 1743K, committed 1792K, reserved 1048576K
}
Event: 10.424 GC heap before
{Heap before GC invocations=6 (full 0):
 PSYoungGen      total 18944K, used 18936K [0x00000000e0000000, 0x00000000e1a00000, 0x0000000100000000)
  eden space 16384K, 100% used [0x00000000e0000000,0x00000000e1000000,0x00000000e1000000)
  from space 2560K, 99% used [0x00000000e1000000,0x00000000e127e030,0x00000000e1280000)
  to   space 5120K, 0% used [0x00000000e1500000,0x00000000e1500000,0x00000000e1a00000)
 ParOldGen       total 44032K, used 5483K [0x00000000a0000000, 0x00000000a2b00000, 0x00000000e0000000)
  object space 44032K, 12% used [0x00000000a0000000,0x00000000a055ad68,0x00000000a2b00000)
 Metaspace       used 13339K, capacity 13772K, committed 14080K, reserved 1060864K
  class space    used 1829K, capacity 1970K, committed 2048K, reserved 1048576K
Event: 10.435 GC heap after
Heap after GC invocations=6 (full 0):
 PSYoungGen      total 21504K, used 4262K [0x00000000e0000000, 0x00000000e2a00000, 0x0000000100000000)
  eden space 16384K, 0% used [0x00000000e0000000,0x00000000e0000000,0x00000000e1000000)
  from space 5120K, 83% used [0x00000000e1500000,0x00000000e1929a08,0x00000000e1a00000)
  to   space 5120K, 0% used [0x00000000e1000000,0x00000000e1000000,0x00000000e1500000)
 ParOldGen       total 44032K, used 5483K [0x00000000a0000000, 0x00000000a2b00000, 0x00000000e0000000)
  object space 44032K, 12% used [0x00000000a0000000,0x00000000a055ad68,0x00000000a2b00000)
 Metaspace       used 13339K, capacity 13772K, committed 14080K, reserved 1060864K
  class space    used 1829K, capacity 1970K, committed 2048K, reserved 1048576K
}
Event: 10.752 GC heap before
{Heap before GC invocations=7 (full 0):
 PSYoungGen      total 21504K, used 20646K [0x00000000e0000000, 0x00000000e2a00000, 0x0000000100000000)
  eden space 16384K, 100% used [0x00000000e0000000,0x00000000e1000000,0x00000000e1000000)
  from space 5120K, 83% used [0x00000000e1500000,0x00000000e1929a08,0x00000000e1a00000)
  to   space 5120K, 0% used [0x00000000e1000000,0x00000000e1000000,0x00000000e1500000)
 ParOldGen       total 44032K, used 5483K [0x00000000a0000000, 0x00000000a2b00000, 0x00000000e0000000)
  object space 44032K, 12% used [0x00000000a0000000,0x00000000a055ad68,0x00000000a2b00000)
 Metaspace       used 14511K, capacity 14990K, committed 15232K, reserved 1062912K
  class space    used 2034K, capacity 2163K, committed 2176K, reserved 1048576K
Event: 10.764 GC heap after
Heap after GC invocations=7 (full 0):
 PSYoungGen      total 21504K, used 3512K [0x00000000e0000000, 0x00000000e2a00000, 0x0000000100000000)
  eden space 16384K, 0% used [0x00000000e0000000,0x00000000e0000000,0x00000000e1000000)
  from space 5120K, 68% used [0x00000000e1000000,0x00000000e136e278,0x00000000e1500000)
  to   space 5120K, 0% used [0x00000000e2500000,0x00000000e2500000,0x00000000e2a00000)
 ParOldGen       total 44032K, used 6672K [0x00000000a0000000, 0x00000000a2b00000, 0x00000000e0000000)
  object space 44032K, 15% used [0x00000000a0000000,0x00000000a06841d0,0x00000000a2b00000)
 Metaspace       used 14511K, capacity 14990K, committed 15232K, reserved 1062912K
  class space    used 2034K, capacity 2163K, committed 2176K, reserved 1048576K
}
Event: 11.241 GC heap before
{Heap before GC invocations=8 (full 0):
 PSYoungGen      total 21504K, used 19896K [0x00000000e0000000, 0x00000000e2a00000, 0x0000000100000000)
  eden space 16384K, 100% used [0x00000000e0000000,0x00000000e1000000,0x00000000e1000000)
  from space 5120K, 68% used [0x00000000e1000000,0x00000000e136e278,0x00000000e1500000)
  to   space 5120K, 0% used [0x00000000e2500000,0x00000000e2500000,0x00000000e2a00000)
 ParOldGen       total 44032K, used 6672K [0x00000000a0000000, 0x00000000a2b00000, 0x00000000e0000000)
  object space 44032K, 15% used [0x00000000a0000000,0x00000000a06841d0,0x00000000a2b00000)
 Metaspace       used 16091K, capacity 16540K, committed 16768K, reserved 1062912K
  class space    used 2283K, capacity 2428K, committed 2432K, reserved 1048576K
Event: 11.255 GC heap after
Heap after GC invocations=8 (full 0):
 PSYoungGen      total 37888K, used 3642K [0x00000000e0000000, 0x00000000e2a00000, 0x0000000100000000)
  eden space 32768K, 0% used [0x00000000e0000000,0x00000000e0000000,0x00000000e2000000)
  from space 5120K, 71% used [0x00000000e2500000,0x00000000e288e948,0x00000000e2a00000)
  to   space 5120K, 0% used [0x00000000e2000000,0x00000000e2000000,0x00000000e2500000)
 ParOldGen       total 44032K, used 7352K [0x00000000a0000000, 0x00000000a2b00000, 0x00000000e0000000)
  object space 44032K, 16% used [0x00000000a0000000,0x00000000a072e1f0,0x00000000a2b00000)
 Metaspace       used 16091K, capacity 16540K, committed 16768K, reserved 1062912K
  class space    used 2283K, capacity 2428K, committed 2432K, reserved 1048576K
}

Deoptimization events (10 events):
Event: 10.021 Thread 0x000000001a252000 Uncommon trap: reason=bimorphic action=maybe_recompile pc=0x00000000037a40a0 method=java.util.HashMap.putVal(ILjava/lang/Object;Ljava/lang/Object;ZZ)Ljava/lang/Object; @ 253
Event: 10.021 Thread 0x000000001a252000 Uncommon trap: reason=bimorphic action=maybe_recompile pc=0x00000000037a40a0 method=java.util.HashMap.putVal(ILjava/lang/Object;Ljava/lang/Object;ZZ)Ljava/lang/Object; @ 253
Event: 10.021 Thread 0x000000001a252000 Uncommon trap: reason=bimorphic action=maybe_recompile pc=0x00000000037a40a0 method=java.util.HashMap.putVal(ILjava/lang/Object;Ljava/lang/Object;ZZ)Ljava/lang/Object; @ 253
Event: 10.021 Thread 0x000000001a252000 Uncommon trap: reason=bimorphic action=maybe_recompile pc=0x00000000037a40a0 method=java.util.HashMap.putVal(ILjava/lang/Object;Ljava/lang/Object;ZZ)Ljava/lang/Object; @ 253
Event: 10.021 Thread 0x000000001a252000 Uncommon trap: reason=bimorphic action=maybe_recompile pc=0x000000000379aaf4 method=java.util.HashMap.putVal(ILjava/lang/Object;Ljava/lang/Object;ZZ)Ljava/lang/Object; @ 253
Event: 10.448 Thread 0x000000001a252000 Uncommon trap: reason=class_check action=maybe_recompile pc=0x00000000037ffed8 method=java.util.regex.Matcher.match(II)Z @ 86
Event: 10.470 Thread 0x000000001a252000 Uncommon trap: reason=class_check action=maybe_recompile pc=0x00000000037ffed8 method=java.util.regex.Matcher.match(II)Z @ 86
Event: 10.471 Thread 0x000000001a252000 Uncommon trap: reason=class_check action=maybe_recompile pc=0x00000000037ffed8 method=java.util.regex.Matcher.match(II)Z @ 86
Event: 10.471 Thread 0x000000001a252000 Uncommon trap: reason=class_check action=maybe_recompile pc=0x00000000037c339c method=java.util.regex.Matcher.match(II)Z @ 86
Event: 10.962 Thread 0x000000001a252000 Uncommon trap: reason=unstable_if action=reinterpret pc=0x0000000003902b74 method=java.lang.String.lastIndexOf([CII[CIII)I @ 66

Classes redefined (0 events):
No events

Internal exceptions (10 events):
Event: 9.879 Thread 0x0000000019c1f000 Exception <a 'java/lang/NoSuchMethodError': <clinit>> (0x00000000e0b0c790) thrown at [D:\src\AOSP-openjdk-cygwin\jdk8u\hotspot\src\share\vm\prims\jni.cpp, line 1614]
Event: 9.887 Thread 0x0000000019c1f000 Exception <a 'java/lang/NoSuchMethodError': <clinit>> (0x00000000e0b1fae0) thrown at [D:\src\AOSP-openjdk-cygwin\jdk8u\hotspot\src\share\vm\prims\jni.cpp, line 1614]
Event: 9.896 Thread 0x0000000019c1f000 Exception <a 'java/lang/NoSuchMethodError': <clinit>> (0x00000000e0b47078) thrown at [D:\src\AOSP-openjdk-cygwin\jdk8u\hotspot\src\share\vm\prims\jni.cpp, line 1614]
Event: 9.901 Thread 0x0000000019c1f000 Exception <a 'java/lang/NoSuchMethodError': <clinit>> (0x00000000e0b5f170) thrown at [D:\src\AOSP-openjdk-cygwin\jdk8u\hotspot\src\share\vm\prims\jni.cpp, line 1614]
Event: 9.902 Thread 0x0000000019c1f000 Exception <a 'java/lang/NoSuchMethodError': <clinit>> (0x00000000e0b67e00) thrown at [D:\src\AOSP-openjdk-cygwin\jdk8u\hotspot\src\share\vm\prims\jni.cpp, line 1614]
Event: 9.906 Thread 0x0000000019c1f000 Exception <a 'java/lang/NoSuchMethodError': <clinit>> (0x00000000e0b7e510) thrown at [D:\src\AOSP-openjdk-cygwin\jdk8u\hotspot\src\share\vm\prims\jni.cpp, line 1614]
Event: 9.926 Thread 0x0000000019c1f000 Exception <a 'java/lang/NoSuchMethodError': <clinit>> (0x00000000e0bde6d8) thrown at [D:\src\AOSP-openjdk-cygwin\jdk8u\hotspot\src\share\vm\prims\jni.cpp, line 1614]
Event: 9.938 Thread 0x0000000019c1f000 Exception <a 'java/lang/NoSuchMethodError': <clinit>> (0x00000000e0c0b458) thrown at [D:\src\AOSP-openjdk-cygwin\jdk8u\hotspot\src\share\vm\prims\jni.cpp, line 1614]
Event: 9.954 Thread 0x0000000019c1f000 Exception <a 'java/lang/NoSuchMethodError': <clinit>> (0x00000000e0c39b88) thrown at [D:\src\AOSP-openjdk-cygwin\jdk8u\hotspot\src\share\vm\prims\jni.cpp, line 1614]
Event: 9.957 Thread 0x0000000019c1f000 Exception <a 'java/lang/NoSuchMethodError': <clinit>> (0x00000000e0c44e88) thrown at [D:\src\AOSP-openjdk-cygwin\jdk8u\hotspot\src\share\vm\prims\jni.cpp, line 1614]

Events (10 events):
Event: 11.838 loading class org/gradle/internal/instantiation/AsmBackedClassGenerator$ClassBuilderImpl$11
Event: 11.838 loading class org/gradle/internal/instantiation/AsmBackedClassGenerator$ClassBuilderImpl$11 done
Event: 11.846 loading class org/gradle/internal/service/scopes/GradleScopeServices
Event: 11.846 loading class org/gradle/internal/service/scopes/GradleScopeServices done
Event: 11.848 loading class org/gradle/execution/BuildExecuter
Event: 11.849 loading class org/gradle/execution/BuildExecuter done
Event: 11.849 loading class org/gradle/execution/BuildConfigurationActionExecuter
Event: 11.850 loading class org/gradle/execution/BuildConfigurationActionExecuter done
Event: 11.850 loading class org/gradle/internal/cleanup/BuildOutputCleanupRegistry
Event: 11.850 loading class org/gradle/internal/cleanup/BuildOutputCleanupRegistry done


Dynamic libraries:
0x00007ff7dd870000 - 0x00007ff7dd8a1000 	E:\android_workspace\jre\bin\java.exe
0x00007ffb30e00000 - 0x00007ffb30fe1000 	C:\WINDOWS\SYSTEM32\ntdll.dll
0x00007ffb30400000 - 0x00007ffb304b1000 	C:\WINDOWS\System32\KERNEL32.DLL
0x00007ffb2d780000 - 0x00007ffb2d9f3000 	C:\WINDOWS\System32\KERNELBASE.dll
0x00007ffb2f730000 - 0x00007ffb2f7d1000 	C:\WINDOWS\System32\ADVAPI32.dll
0x00007ffb2f7e0000 - 0x00007ffb2f87e000 	C:\WINDOWS\System32\msvcrt.dll
0x00007ffb2e280000 - 0x00007ffb2e2db000 	C:\WINDOWS\System32\sechost.dll
0x00007ffb2f880000 - 0x00007ffb2f9a4000 	C:\WINDOWS\System32\RPCRT4.dll
0x00007ffb30240000 - 0x00007ffb303d1000 	C:\WINDOWS\System32\USER32.dll
0x00007ffb2d5c0000 - 0x00007ffb2d5e0000 	C:\WINDOWS\System32\win32u.dll
0x00007ffb30c40000 - 0x00007ffb30c68000 	C:\WINDOWS\System32\GDI32.dll
0x00007ffb2d1b0000 - 0x00007ffb2d341000 	C:\WINDOWS\System32\gdi32full.dll
0x00007ffb2d5e0000 - 0x00007ffb2d67f000 	C:\WINDOWS\System32\msvcp_win.dll
0x00007ffb2da00000 - 0x00007ffb2daf8000 	C:\WINDOWS\System32\ucrtbase.dll
0x00007ffb21d20000 - 0x00007ffb21f89000 	C:\WINDOWS\WinSxS\amd64_microsoft.windows.common-controls_6595b64144ccf1df_6.0.17134.1184_none_d403e8b37c8ca406\COMCTL32.dll
0x00007ffb304c0000 - 0x00007ffb307e1000 	C:\WINDOWS\System32\combase.dll
0x00007ffb2d540000 - 0x00007ffb2d5b9000 	C:\WINDOWS\System32\bcryptPrimitives.dll
0x00007ffb300e0000 - 0x00007ffb3010d000 	C:\WINDOWS\System32\IMM32.DLL
0x000000005d390000 - 0x000000005d462000 	E:\android_workspace\jre\jre\bin\msvcr100.dll
0x000000005d470000 - 0x000000005dcb6000 	E:\android_workspace\jre\jre\bin\server\jvm.dll
0x00007ffb2fb50000 - 0x00007ffb2fb58000 	C:\WINDOWS\System32\PSAPI.DLL
0x00007ffb29ff0000 - 0x00007ffb29ff9000 	C:\WINDOWS\SYSTEM32\WSOCK32.dll
0x00007ffb30070000 - 0x00007ffb300dc000 	C:\WINDOWS\System32\WS2_32.dll
0x00007ffb29f10000 - 0x00007ffb29f33000 	C:\WINDOWS\SYSTEM32\WINMM.dll
0x00007ffb1cb60000 - 0x00007ffb1cb6a000 	C:\WINDOWS\SYSTEM32\VERSION.dll
0x00007ffb29ee0000 - 0x00007ffb29f0a000 	C:\WINDOWS\SYSTEM32\winmmbase.dll
0x00007ffb2d680000 - 0x00007ffb2d6c9000 	C:\WINDOWS\System32\cfgmgr32.dll
0x00007ffb27690000 - 0x00007ffb2769f000 	E:\android_workspace\jre\jre\bin\verify.dll
0x00007ffb1e290000 - 0x00007ffb1e2b9000 	E:\android_workspace\jre\jre\bin\java.dll
0x00007ffb21220000 - 0x00007ffb21236000 	E:\android_workspace\jre\jre\bin\zip.dll
0x00007ffb2e2e0000 - 0x00007ffb2f725000 	C:\WINDOWS\System32\SHELL32.dll
0x00007ffb2f9b0000 - 0x00007ffb2fa59000 	C:\WINDOWS\System32\shcore.dll
0x00007ffb2db00000 - 0x00007ffb2e210000 	C:\WINDOWS\System32\windows.storage.dll
0x00007ffb2fb60000 - 0x00007ffb2fbb1000 	C:\WINDOWS\System32\shlwapi.dll
0x00007ffb2d120000 - 0x00007ffb2d131000 	C:\WINDOWS\System32\kernel.appcore.dll
0x00007ffb2d190000 - 0x00007ffb2d1af000 	C:\WINDOWS\System32\profapi.dll
0x00007ffb2d140000 - 0x00007ffb2d18c000 	C:\WINDOWS\System32\powrprof.dll
0x00007ffb2d0f0000 - 0x00007ffb2d0fa000 	C:\WINDOWS\System32\FLTLIB.DLL
0x00007ffb20160000 - 0x00007ffb2017a000 	E:\android_workspace\jre\jre\bin\net.dll
0x00007ffb2c950000 - 0x00007ffb2c9b6000 	C:\WINDOWS\system32\mswsock.dll
0x00007ffb1fe00000 - 0x00007ffb1fe11000 	E:\android_workspace\jre\jre\bin\nio.dll
0x00007ffb1e400000 - 0x00007ffb1e426000 	C:\Users\Administrator\.gradle\native\29\windows-amd64\native-platform.dll
0x00007ffb264c0000 - 0x00007ffb264cd000 	E:\android_workspace\jre\jre\bin\management.dll
0x00007ffb2cb00000 - 0x00007ffb2cb17000 	C:\WINDOWS\SYSTEM32\CRYPTSP.dll
0x00007ffb2c500000 - 0x00007ffb2c533000 	C:\WINDOWS\system32\rsaenh.dll
0x00007ffb2cc30000 - 0x00007ffb2cc55000 	C:\WINDOWS\SYSTEM32\bcrypt.dll
0x00007ffb2cff0000 - 0x00007ffb2d018000 	C:\WINDOWS\SYSTEM32\USERENV.dll
0x00007ffb2cb20000 - 0x00007ffb2cb2b000 	C:\WINDOWS\SYSTEM32\CRYPTBASE.dll
0x00007ffb2c6a0000 - 0x00007ffb2c6d8000 	C:\WINDOWS\SYSTEM32\IPHLPAPI.DLL
0x00007ffb2e270000 - 0x00007ffb2e278000 	C:\WINDOWS\System32\NSI.dll
0x00007ffb227f0000 - 0x00007ffb22806000 	C:\WINDOWS\SYSTEM32\dhcpcsvc6.DLL
0x00007ffb24c70000 - 0x00007ffb24c8a000 	C:\WINDOWS\SYSTEM32\dhcpcsvc.DLL

VM Arguments:
jvm_args: -Xmx1536m -Dfile.encoding=GBK -Duser.country=CN -Duser.language=zh -Duser.variant 
java_command: org.gradle.launcher.daemon.bootstrap.GradleDaemon 5.4.1
java_class_path (initial): C:\Users\Administrator\.gradle\wrapper\dists\gradle-5.4.1-all\3221gyojl5jsh0helicew7rwx\gradle-5.4.1\lib\gradle-launcher-5.4.1.jar
Launcher Type: SUN_STANDARD

Environment Variables:
PATH=C:\Program Files (x86)\NetSarang\Xshell 6\;C:\Program Files (x86)\Common Files\Oracle\Java\javapath;C:\Program Files (x86)\Java\jdk1.8.0_171\bin;C:\WINDOWS\system32;C:\WINDOWS;C:\WINDOWS\System32\Wbem;C:\WINDOWS\System32\WindowsPowerShell\v1.0\;"E:\android_SDK\platform-tools;E:\android_SDK\tools";C:\Users\Administrator\AppData\Local\Android\Sdk\platform-tools;"C:\Program Files\Git\bin;C:\Program Files\Git\cmd";C:\Users\Administrator\AppData\Local\Programs\Python\Python36-32\;C:\Program Files\Mozilla Firefox;D:\软件安装\;D:\软件安装\Microsoft VS Code\bin;C:\WINDOWS\System32\OpenSSH\;C:\Program Files\nodejs;E:\Blog\node_modules\.bin;C:\Program Files\nodejs\;D:\MySQL\mysql-5.7.25-winx64\bin;E:\android_SDK;C:\Program Files\dotnet\;C:\Users\Administrator\AppData\Local\Programs\Python\Python37\Scripts\;C:\Users\Administrator\AppData\Local\Programs\Python\Python37\;C:\Users\Administrator\AppData\Local\Programs\Python\Python36-32\Scripts\;C:\Users\Administrator\AppData\Local\Programs\Python\Python36-32\;C:\Users\Administrator\AppData\Local\Microsoft\WindowsApps;C:\Program Files\Git\cmd;C:\Users\Administrator\AppData\Local\Microsoft\WindowsApps;C:\Program Files\nodejs;C:\Users\Administrator\AppData\Roaming\npm;C:\Users\Administrator\.dotnet\tools
USERNAME=斗酒相逢
OS=Windows_NT
PROCESSOR_IDENTIFIER=Intel64 Family 6 Model 69 Stepping 1, GenuineIntel



---------------  S Y S T E M  ---------------

OS: Windows 10.0 , 64 bit Build 17134 (10.0.17134.753)

CPU:total 4 (initial active 4) (2 cores per cpu, 2 threads per core) family 6 model 69 stepping 1, cmov, cx8, fxsr, mmx, sse, sse2, sse3, ssse3, sse4.1, sse4.2, popcnt, avx, avx2, aes, clmul, erms, lzcnt, ht, tsc, tscinvbit, bmi1, bmi2

Memory: 4k page, physical 4088172k(579968k free), swap 8151528k(5644k free)

vm_info: OpenJDK 64-Bit Server VM (25.202-b03) for windows-amd64 JRE (1.8.0_202-release-1483-b03), built by "builder" with MS VC++ 10.0 (VS2010)

time: Sun Mar 22 16:07:59 2020
timezone: 中国标准时间
elapsed time: 11 seconds (0d 0h 0m 11s)

