JvmtiExport can_access_local_variables 0
JvmtiExport can_hotswap_or_post_breakpoint 0
JvmtiExport can_post_on_exceptions 0
# 570 ciObject found
ciMethod java/lang/Object <init> ()V 4097 1 138328 0 0
ciMethod java/lang/Object hashCode ()I 2049 1 256 0 -1
ciMethod java/lang/Object equals (Ljava/lang/Object;)Z 2201 1 3679 0 -1
ciMethod java/lang/Object clone ()Ljava/lang/Object; 2049 1 256 0 -1
ciMethod java/lang/String <init> ([CII)V 1961 1 5548 0 704
ciMethod java/lang/String <init> ([BIILjava/lang/String;)V 3169 1 1105 0 -1
ciMethod java/lang/String <init> ([CZ)V 2105 1 10785 0 0
ciMethod java/lang/String length ()I 4097 1 112559 0 64
ciMethod java/lang/String charAt (I)C 4097 1 746914 0 -1
ciMethod java/lang/String codePointAt (I)I 1161 1 4624 0 -1
ciMethod java/lang/String getChars ([CI)V 2049 1 5415 0 0
ciMethod java/lang/String equals (Ljava/lang/Object;)Z 2097 9401 7899 0 -1
ciMethod java/lang/String equalsIgnoreCase (Ljava/lang/String;)Z 2049 1 5388 0 1472
ciMethod java/lang/String regionMatches (ZILjava/lang/String;II)Z 1593 625 3633 0 0
ciMethod java/lang/String startsWith (Ljava/lang/String;I)Z 2049 1961 5495 0 256
ciMethod java/lang/String startsWith (Ljava/lang/String;)Z 2097 1 11678 0 -1
ciMethod java/lang/String endsWith (Ljava/lang/String;)Z 2657 1 12491 0 0
ciMethod java/lang/String hashCode ()I 2873 32769 1044 0 288
ciMethod java/lang/String indexOf (I)I 2065 1 124334 0 -1
ciMethod java/lang/String indexOf (II)I 1241 41817 811 0 -1
ciMethod java/lang/String indexOfSupplementary (II)I 0 0 1 0 -1
ciMethod java/lang/String lastIndexOf (I)I 2049 1 13187 0 0
ciMethod java/lang/String lastIndexOf (II)I 985 51081 934 0 288
ciMethod java/lang/String lastIndexOfSupplementary (II)I 0 0 1 0 -1
ciMethod java/lang/String substring (II)Ljava/lang/String; 2057 1 5400 0 992
ciMethod java/lang/String concat (Ljava/lang/String;)Ljava/lang/String; 2049 1 5415 0 896
ciMethod java/lang/String replace (CC)Ljava/lang/String; 961 49281 948 0 1152
ciMethod java/lang/String toUpperCase (Ljava/util/Locale;)Ljava/lang/String; 1153 29289 861 0 2336
ciMethod java/lang/ClassLoader preDefineClass (Ljava/lang/String;Ljava/security/ProtectionDomain;)Ljava/security/ProtectionDomain; 3241 1 1946 0 -1
ciMethod java/lang/ClassLoader defineClassSourceLocation (Ljava/security/ProtectionDomain;)Ljava/lang/String; 3241 1 1946 0 -1
ciMethod java/lang/ClassLoader postDefineClass (Ljava/lang/Class;Ljava/security/ProtectionDomain;)V 3113 1 1946 0 -1
ciMethod java/lang/ClassLoader defineClass (Ljava/lang/String;[BIILjava/security/ProtectionDomain;)Ljava/lang/Class; 2161 1 1876 0 -1
ciMethod java/lang/ClassLoader defineClass1 (Ljava/lang/String;[BIILjava/security/ProtectionDomain;Ljava/lang/String;)Ljava/lang/Class; 4105 1 513 0 -1
ciMethod java/lang/ClassLoader checkName (Ljava/lang/String;)Z 2057 1 5422 0 -1
ciMethod java/lang/ClassLoader checkCerts (Ljava/lang/String;Ljava/security/CodeSource;)V 4097 1 1946 0 -1
ciMethod java/lang/ClassLoader definePackage (Ljava/lang/String;Ljava/lang/String;Ljava/lang/String;Ljava/lang/String;Ljava/lang/String;Ljava/lang/String;Ljava/lang/String;Ljava/net/URL;)Ljava/lang/Package; 993 1 309 0 0
ciMethod java/lang/ClassLoader getPackage (Ljava/lang/String;)Ljava/lang/Package; 2065 1 3489 0 0
ciMethod java/lang/System nanoTime ()J 3073 1 384 0 -1
ciMethod java/lang/System arraycopy (Ljava/lang/Object;ILjava/lang/Object;II)V 7169 1 896 0 -1
ciMethod java/lang/Throwable <init> (Ljava/lang/String;)V 2089 1 280 0 -1
ciMethod java/lang/Throwable addSuppressed (Ljava/lang/Throwable;)V 0 0 1 0 -1
ciMethod java/lang/Exception <init> (Ljava/lang/String;)V 2049 1 263 0 -1
ciMethod java/lang/RuntimeException <init> (Ljava/lang/String;)V 153 1 20 0 -1
ciMethod java/security/ProtectionDomain <init> (Ljava/security/CodeSource;Ljava/security/PermissionCollection;Ljava/lang/ClassLoader;[Ljava/security/Principal;)V 233 1 106 0 -1
ciMethod java/security/ProtectionDomain getCodeSource ()Ljava/security/CodeSource; 1033 1 129 0 -1
ciMethod java/security/SecureClassLoader defineClass (Ljava/lang/String;[BIILjava/security/CodeSource;)Ljava/lang/Class; 2161 1 1793 0 0
ciMethod java/security/SecureClassLoader defineClass (Ljava/lang/String;Ljava/nio/ByteBuffer;Ljava/security/CodeSource;)Ljava/lang/Class; 0 0 1 0 -1
ciMethod java/security/SecureClassLoader getPermissions (Ljava/security/CodeSource;)Ljava/security/PermissionCollection; 569 1 68 0 -1
ciMethod java/security/SecureClassLoader getProtectionDomain (Ljava/security/CodeSource;)Ljava/security/ProtectionDomain; 2161 1 1876 0 -1
ciMethod java/lang/NoClassDefFoundError <init> (Ljava/lang/String;)V 9 1 1 0 -1
ciMethod java/lang/ref/Reference get ()Ljava/lang/Object; 2121 1 265 0 -1
ciMethod java/lang/ref/Reference <init> (Ljava/lang/Object;)V 2073 1 3042 0 0
ciMethod java/lang/ref/Reference <init> (Ljava/lang/Object;Ljava/lang/ref/ReferenceQueue;)V 3081 1 10999 0 96
ciMethod java/lang/ref/SoftReference <init> (Ljava/lang/Object;)V 2097 1 1169 0 0
ciMethod java/lang/ref/SoftReference get ()Ljava/lang/Object; 2081 1 5076 0 0
ciMethod java/lang/Thread currentThread ()Ljava/lang/Thread; 2049 1 256 0 -1
ciMethod java/lang/Thread interrupt ()V 0 0 1 0 -1
ciMethod java/lang/Thread interrupted ()Z 3201 1 1993 0 -1
ciMethod java/util/Map get (Ljava/lang/Object;)Ljava/lang/Object; 0 0 1 0 -1
ciMethod java/util/Map put (Ljava/lang/Object;Ljava/lang/Object;)Ljava/lang/Object; 0 0 1 0 -1
ciMethod java/util/Hashtable <init> (IF)V 2049 1 402 0 0
ciMethod java/util/Hashtable <init> (I)V 673 1 84 0 0
ciMethod java/util/Hashtable <init> ()V 2049 1 318 0 0
ciMethod java/util/Dictionary <init> ()V 2049 1 402 0 0
ciMethod java/lang/StringBuilder <init> ()V 777 1 7749 0 -1
ciMethod java/lang/StringBuilder append (Ljava/lang/Object;)Ljava/lang/StringBuilder; 817 1 407 0 -1
ciMethod java/lang/StringBuilder append (Ljava/lang/String;)Ljava/lang/StringBuilder; 1449 1 12222 0 -1
ciMethod java/lang/StringBuilder append (I)Ljava/lang/StringBuilder; 1 1 406 0 -1
ciMethod java/lang/StringBuilder append (F)Ljava/lang/StringBuilder; 0 0 1 0 -1
ciMethod java/lang/StringBuilder toString ()Ljava/lang/String; 769 1 9635 0 -1
ciMethod sun/misc/Unsafe ensureClassInitialized (Ljava/lang/Class;)V 1153 1 142 0 -1
ciMethod java/io/ByteArrayInputStream <init> ([B)V 49 1 86 0 0
ciMethod java/io/InputStream <init> ()V 2049 1 5030 0 0
ciMethod java/io/InputStream read ([BII)I 9 1577 1 0 -1
ciMethod java/io/InputStream close ()V 0 0 1 0 -1
ciMethod java/net/URLClassLoader getAndVerifyPackage (Ljava/lang/String;Ljava/util/jar/Manifest;Ljava/net/URL;)Ljava/lang/Package; 3185 1 1822 0 0
ciMethod java/net/URLClassLoader definePackageInternal (Ljava/lang/String;Ljava/util/jar/Manifest;Ljava/net/URL;)V 2161 1 1794 0 0
ciMethod java/net/URLClassLoader defineClass (Ljava/lang/String;Lsun/misc/Resource;)Ljava/lang/Class; 1137 1 1793 0 0
ciMethod java/net/URLClassLoader definePackage (Ljava/lang/String;Ljava/util/jar/Manifest;Ljava/net/URL;)Ljava/lang/Package; 993 1 309 0 0
ciMethod java/net/URLClassLoader isSealed (Ljava/lang/String;Ljava/util/jar/Manifest;)Z 3009 1 1513 0 0
ciMethod java/net/URLClassLoader access$000 (Ljava/net/URLClassLoader;)Lsun/misc/URLClassPath; 1121 1 140 0 0
ciMethod java/net/URLClassLoader access$100 (Ljava/net/URLClassLoader;Ljava/lang/String;Lsun/misc/Resource;)Ljava/lang/Class; 1137 1 1781 0 0
ciMethod java/net/URL getRef ()Ljava/lang/String; 1081 1 135 0 -1
ciMethod java/net/URL equals (Ljava/lang/Object;)Z 2065 1 1879 0 -1
ciMethod java/util/jar/Manifest <init> (Ljava/io/InputStream;)V 169 1 65 0 0
ciMethod java/util/jar/Manifest <init> (Ljava/util/jar/JarVerifier;Ljava/io/InputStream;)V 217 1 147 0 0
ciMethod java/util/jar/Manifest getMainAttributes ()Ljava/util/jar/Attributes; 1025 1 128 0 0
ciMethod java/util/jar/Manifest getEntries ()Ljava/util/Map; 1025 1 128 0 0
ciMethod java/util/jar/Manifest getAttributes (Ljava/lang/String;)Ljava/util/jar/Attributes; 4097 1 1930 0 0
ciMethod java/util/jar/Manifest getTrustedAttributes (Ljava/lang/String;)Ljava/util/jar/Attributes; 4089 1 1834 0 0
ciMethod java/util/jar/Manifest read (Ljava/io/InputStream;)V 1217 401 149 0 -1
ciMethod java/util/jar/Manifest parseName ([BI)Ljava/lang/String; 401 1 49 0 -1
ciMethod java/security/CodeSource <init> (Ljava/net/URL;[Ljava/security/CodeSigner;)V 2161 1 1793 0 0
ciMethod java/lang/Character charCount (I)I 1569 1 7880 0 -1
ciMethod java/lang/Character toChars (I[CI)I 0 0 1 0 -1
ciMethod java/lang/Character toChars (I)[C 0 0 1 0 -1
ciMethod java/lang/Character toLowerCase (C)C 3081 1 10665 0 0
ciMethod java/lang/Character toLowerCase (I)I 4097 1 99702 0 160
ciMethod java/lang/Character toUpperCase (C)C 2049 1 9707 0 0
ciMethod java/lang/Character toUpperCase (I)I 2049 1 9709 0 0
ciMethod java/lang/Character toUpperCaseEx (I)I 2097 1 30323 0 -1
ciMethod java/lang/Character toUpperCaseCharArray (I)[C 0 0 1 0 -1
ciMethod java/lang/Float isNaN (F)Z 2073 1 2202 0 0
ciMethod java/lang/Float floatToRawIntBits (F)I 9 1 1 0 -1
ciMethod java/lang/NullPointerException <init> (Ljava/lang/String;)V 0 0 1 0 -1
ciMethod java/util/Comparator compare (Ljava/lang/Object;Ljava/lang/Object;)I 0 0 1 0 -1
ciMethod java/security/AccessController doPrivileged (Ljava/security/PrivilegedAction;)Ljava/lang/Object; 2049 1 256 0 -1
ciMethod java/util/AbstractList <init> ()V 2065 1 5565 0 0
ciMethod java/util/AbstractCollection <init> ()V 417 1 8603 0 0
ciMethod java/util/ArrayList <init> ()V 937 1 2420 0 0
ciMethod java/util/ArrayList get (I)Ljava/lang/Object; 2033 1 6578 0 -1
ciMethod java/util/AbstractMap <init> ()V 505 1 3013 0 0
ciMethod sun/misc/SharedSecrets javaUtilJarAccess ()Lsun/misc/JavaUtilJarAccess; 2049 1 3819 0 0
ciMethod java/util/HashMap hash (Ljava/lang/Object;)I 2153 1 19281 0 160
ciMethod java/util/HashMap tableSizeFor (I)I 2049 1 1290 0 -1
ciMethod java/util/HashMap <init> (IF)V 2049 1 1284 0 0
ciMethod java/util/HashMap <init> (I)V 2121 1 667 0 0
ciMethod java/util/HashMap <init> ()V 177 1 1066 0 0
ciMethod java/util/HashMap get (Ljava/lang/Object;)Ljava/lang/Object; 2049 1 11616 0 576
ciMethod java/util/HashMap getNode (ILjava/lang/Object;)Ljava/util/HashMap$Node; 2065 1 5732 0 544
ciMethod java/util/HashMap put (Ljava/lang/Object;Ljava/lang/Object;)Ljava/lang/Object; 905 1 5669 0 1216
ciMethod java/util/HashMap putVal (ILjava/lang/Object;Ljava/lang/Object;ZZ)Ljava/lang/Object; 937 17 5626 0 -1
ciMethod sun/misc/VM allowArraySyntax ()Z 2057 1 5422 0 -1
ciMethod java/lang/Math max (II)I 537 1 52965 0 -1
ciMethod java/lang/Math min (II)I 3433 1 41909 0 -1
ciMethod java/lang/Math min (FF)F 2057 1 430 0 0
ciMethod java/util/Arrays copyOf ([BI)[B 2049 1 11241 0 -1
ciMethod java/util/Arrays copyOf ([CI)[C 1033 1 14132 0 0
ciMethod java/util/Arrays copyOfRange ([CII)[C 2153 1 5474 0 512
ciMethod sun/misc/ASCIICaseInsensitiveComparator compare (Ljava/lang/String;Ljava/lang/String;)I 4097 6513 12930 0 -1
ciMethod sun/misc/ASCIICaseInsensitiveComparator lowerCaseHashCode (Ljava/lang/String;)I 577 9889 1080 0 640
ciMethod sun/misc/ASCIICaseInsensitiveComparator toLower (I)I 4097 1 43043 0 -1
ciMethod sun/misc/ASCIICaseInsensitiveComparator compare (Ljava/lang/Object;Ljava/lang/Object;)I 4097 1 13575 0 928
ciMethodData java/lang/String charAt (I)C 2 747746 orig 264 8 206 161 93 0 0 0 0 176 61 61 22 0 0 0 0 120 1 0 0 32 0 0 0 0 0 0 0 0 0 0 0 0 0 0 0 0 0 0 0 0 0 0 0 0 0 0 0 0 0 0 0 0 0 0 0 0 0 0 0 0 0 0 0 0 0 0 0 0 0 0 0 0 0 0 0 0 0 0 0 77 68 79 32 101 120 116 114 97 32 100 97 116 97 32 108 111 99 107 0 0 0 0 0 0 0 0 0 0 0 0 0 0 0 0 0 0 0 0 0 0 0 0 0 0 0 0 0 0 0 0 0 0 0 0 0 0 0 0 0 0 0 0 0 0 0 0 0 0 0 0 0 0 0 0 0 0 0 0 0 0 0 0 0 0 0 0 0 0 0 0 0 0 0 0 0 0 0 0 0 0 0 0 0 0 0 0 0 0 0 0 0 0 0 0 0 0 0 0 0 0 0 0 0 0 0 0 0 0 0 0 0 0 0 0 0 0 2 0 0 17 55 91 0 1 0 0 0 0 0 0 0 0 0 0 0 2 0 0 0 0 0 0 0 0 0 0 0 80 0 0 0 255 255 255 255 7 0 1 0 0 0 0 0 data 10 0x10007 0x0 0x40 0xb66e2 0xa0007 0xb66e2 0x30 0x0 0x120002 0x0 oops 0
ciMethodData java/lang/String length ()I 2 112559 orig 264 8 206 161 93 0 0 0 0 96 60 61 22 0 0 0 0 32 1 0 0 0 0 0 0 0 0 0 0 0 0 0 0 0 0 0 0 0 0 0 0 0 0 0 0 0 0 0 0 0 0 0 0 0 0 0 0 0 0 0 0 0 0 0 0 0 0 0 0 0 0 0 0 0 0 0 0 0 0 0 0 77 68 79 32 101 120 116 114 97 32 100 97 116 97 32 108 111 99 107 0 0 0 0 0 0 0 0 0 0 0 0 0 0 0 0 0 0 0 0 0 0 0 0 0 0 0 0 0 0 0 0 0 0 0 0 0 0 0 0 0 0 0 0 0 0 0 0 0 0 0 0 0 0 0 0 0 0 0 0 0 0 0 0 0 0 0 0 0 0 0 0 0 0 0 0 0 0 0 0 0 0 0 0 0 0 0 0 0 0 0 0 0 0 0 0 0 0 0 0 0 0 0 0 0 0 0 0 0 0 0 0 0 0 0 0 0 0 2 0 0 121 173 13 0 1 0 0 0 0 0 0 0 0 0 0 0 2 0 0 0 0 0 0 0 0 0 0 0 0 0 0 0 255 255 255 255 0 0 0 0 0 0 0 0 data 0 oops 0
ciMethodData sun/misc/ASCIICaseInsensitiveComparator compare (Ljava/lang/Object;Ljava/lang/Object;)I 2 13635 orig 264 8 206 161 93 0 0 0 0 80 61 80 22 0 0 0 0 232 1 0 0 0 0 0 0 0 0 0 0 0 0 0 0 0 0 0 0 0 0 0 0 0 0 0 0 0 0 0 0 0 0 0 0 0 0 0 0 0 0 0 0 0 0 0 0 0 0 0 0 0 0 0 0 0 0 0 0 0 0 0 0 77 68 79 32 101 120 116 114 97 32 100 97 116 97 32 108 111 99 107 0 0 0 0 0 0 0 0 0 0 0 0 0 0 0 0 0 0 0 0 0 0 0 0 0 0 0 0 0 0 0 0 0 0 0 0 0 0 0 0 0 0 0 0 0 0 0 0 0 0 0 0 0 0 0 0 0 0 0 0 0 0 0 0 0 0 0 0 0 0 0 0 0 0 0 0 0 0 0 0 0 0 0 0 0 0 0 0 0 0 0 0 0 0 0 0 0 0 0 0 0 0 0 0 0 0 0 0 0 0 0 0 0 0 0 0 0 0 2 0 0 25 154 1 0 1 0 0 0 0 0 0 0 0 0 0 0 2 0 0 0 0 0 0 0 0 0 0 0 144 0 0 0 255 255 255 255 4 0 2 0 0 0 0 0 data 18 0x20004 0x0 0x33d94e0 0x3082 0x0 0x0 0x60004 0x0 0x33d94e0 0x3082 0x0 0x0 0x90005 0x0 0x1a39a7f0 0x3343 0x0 0x0 oops 3 2 java/lang/String 8 java/lang/String 14 sun/misc/ASCIICaseInsensitiveComparator
ciMethodData sun/misc/ASCIICaseInsensitiveComparator compare (Ljava/lang/String;Ljava/lang/String;)I 2 31296 orig 264 8 206 161 93 0 0 0 0 120 57 80 22 0 0 0 0 88 3 0 0 128 0 0 0 0 0 0 0 0 0 0 0 0 0 0 0 0 0 0 0 0 0 0 0 0 0 0 0 0 0 0 0 0 0 0 0 0 0 0 0 0 0 0 0 0 0 0 0 0 0 0 0 0 0 0 0 0 0 0 0 77 68 79 32 101 120 116 114 97 32 100 97 116 97 32 108 111 99 107 0 0 0 0 0 0 0 0 0 0 0 0 0 0 0 0 0 0 0 0 0 0 0 0 0 0 0 0 0 0 0 0 0 0 0 0 0 0 0 0 0 0 0 0 0 0 0 0 0 0 0 0 0 0 0 0 0 0 0 0 0 0 0 0 0 0 0 0 0 0 0 0 0 0 0 0 0 0 0 0 0 0 0 0 0 0 0 0 0 0 0 0 0 0 0 0 0 0 0 0 0 0 0 0 0 0 0 0 0 0 0 0 0 0 0 0 0 46 3 0 0 17 132 1 0 145 184 3 0 0 0 0 0 0 0 0 0 2 0 0 0 0 0 0 0 0 0 0 0 0 2 0 0 255 255 255 255 5 0 1 0 0 0 0 0 data 64 0x10005 0x3082 0x0 0x0 0x0 0x0 0x60005 0x3082 0x0 0x0 0x0 0x0 0xe0007 0x1d9b 0x38 0x12e7 0x120003 0x12e7 0x18 0x200007 0x87 0x168 0xa70b 0x260005 0xa70b 0x0 0x0 0x0 0x0 0x2e0005 0xa70b 0x0 0x0 0x0 0x0 0x360007 0xa70b 0x70 0x0 0x3d0007 0x0 0x40 0x0 0x440007 0x0 0x30 0x0 0x4b0002 0x0 0x530007 0x7384 0x60 0x3387 0x580002 0x3387 0x600002 0x3387 0x6a0007 0x38c 0x20 0x2ffb 0x760003 0x7710 0xfffffffffffffeb0 oops 0